The system is: Linux - 5.15.71-1-lts - x86_64
Compiling the C compiler identification source file "CMakeCCompilerId.c" succeeded.
Compiler: /usr/bin/cc 
Build flags: 
Id flags:  

The output was:
0


Compilation of the C compiler identification source "CMakeCCompilerId.c" produced "a.out"

The C compiler identification is GNU, found in "/home/xialb/git/spark/blaze/src/main/native/CMakeFiles/3.24.2/CompilerIdC/a.out"

Compiling the CXX compiler identification source file "CMakeCXXCompilerId.cpp" succeeded.
Compiler: /usr/bin/c++ 
Build flags: 
Id flags:  

The output was:
0


Compilation of the CXX compiler identification source "CMakeCXXCompilerId.cpp" produced "a.out"

The CXX compiler identification is GNU, found in "/home/xialb/git/spark/blaze/src/main/native/CMakeFiles/3.24.2/CompilerIdCXX/a.out"

Detecting C compiler ABI info compiled with the following output:
Change Dir: /home/xialb/git/spark/blaze/src/main/native/CMakeFiles/CMakeTmp

Run Build Command(s):/usr/bin/make -f Makefile cmTC_90015/fast && /usr/bin/make  -f CMakeFiles/cmTC_90015.dir/build.make CMakeFiles/cmTC_90015.dir/build
make[1]: Entering directory '/home/xialb/git/spark/blaze/src/main/native/CMakeFiles/CMakeTmp'
Building C object CMakeFiles/cmTC_90015.dir/CMakeCCompilerABI.c.o
/usr/bin/cc   -v -o CMakeFiles/cmTC_90015.dir/CMakeCCompilerABI.c.o -c /usr/share/cmake/Modules/CMakeCCompilerABI.c
Using built-in specs.
COLLECT_GCC=/usr/bin/cc
Target: x86_64-pc-linux-gnu
Configured with: /build/gcc/src/gcc/configure --enable-languages=c,c++,ada,fortran,go,lto,objc,obj-c++,d --enable-bootstrap --prefix=/usr --libdir=/usr/lib --libexecdir=/usr/lib --mandir=/usr/share/man --infodir=/usr/share/info --with-bugurl=https://bugs.archlinux.org/ --with-build-config=bootstrap-lto --with-linker-hash-style=gnu --with-system-zlib --enable-__cxa_atexit --enable-cet=auto --enable-checking=release --enable-clocale=gnu --enable-default-pie --enable-default-ssp --enable-gnu-indirect-function --enable-gnu-unique-object --enable-libstdcxx-backtrace --enable-link-serialization=1 --enable-linker-build-id --enable-lto --enable-multilib --enable-plugin --enable-shared --enable-threads=posix --disable-libssp --disable-libstdcxx-pch --disable-werror
Thread model: posix
Supported LTO compression algorithms: zlib zstd
gcc version 12.2.0 (GCC) 
COLLECT_GCC_OPTIONS='-v' '-o' 'CMakeFiles/cmTC_90015.dir/CMakeCCompilerABI.c.o' '-c' '-mtune=generic' '-march=x86-64' '-dumpdir' 'CMakeFiles/cmTC_90015.dir/'
 /usr/lib/gcc/x86_64-pc-linux-gnu/12.2.0/cc1 -quiet -v /usr/share/cmake/Modules/CMakeCCompilerABI.c -quiet -dumpdir CMakeFiles/cmTC_90015.dir/ -dumpbase CMakeCCompilerABI.c.c -dumpbase-ext .c -mtune=generic -march=x86-64 -version -o /tmp/ccCNoFUt.s
GNU C17 (GCC) version 12.2.0 (x86_64-pc-linux-gnu)
	compiled by GNU C version 12.2.0, GMP version 6.2.1, MPFR version 4.1.0-p13, MPC version 1.2.1, isl version isl-0.25-GMP

GGC heuristics: --param ggc-min-expand=100 --param ggc-min-heapsize=131072
ignoring duplicate directory "/opt/arrow/include"
ignoring duplicate directory "/usr/include/glib-2.0"
ignoring duplicate directory "/usr/include/gtk-4.0"
ignoring duplicate directory "/opt/deps/ucx/include"
ignoring duplicate directory "/opt/deps/flex/include"
ignoring duplicate directory "/opt/ompi/include"
ignoring duplicate directory "/opt/deps/openpmix/include"
ignoring duplicate directory "/opt/deps/prrte/include"
ignoring duplicate directory "/home/xialb/.sdkman/candidates/java/current/include"
ignoring duplicate directory "/home/xialb/.sdkman/candidates/java/current/include/linux"
ignoring duplicate directory "/usr/include/python3.10"
ignoring duplicate directory "/opt/arrow/include"
ignoring duplicate directory "/usr/include/glib-2.0"
ignoring duplicate directory "/usr/include/gtk-4.0"
ignoring duplicate directory "/opt/deps/ucx/include"
ignoring duplicate directory "/opt/deps/flex/include"
ignoring duplicate directory "/opt/ompi/include"
ignoring duplicate directory "/opt/deps/openpmix/include"
ignoring duplicate directory "/opt/deps/prrte/include"
ignoring duplicate directory "/home/xialb/.sdkman/candidates/java/current/include"
ignoring duplicate directory "/home/xialb/.sdkman/candidates/java/current/include/linux"
ignoring duplicate directory "/usr/include/python3.10"
ignoring nonexistent directory "/usr/lib/gcc/x86_64-pc-linux-gnu/12.2.0/../../../../x86_64-pc-linux-gnu/include"
#include "..." search starts here:
#include <...> search starts here:
 /opt/arrow/include
 /usr/include/glib-2.0
 /usr/include/gtk-4.0
 /opt/deps/ucx/include
 /opt/deps/flex/include
 /opt/ompi/include
 /opt/deps/openpmix/include
 /opt/deps/prrte/include
 /home/xialb/.sdkman/candidates/java/current/include
 /home/xialb/.sdkman/candidates/java/current/include/linux
 /usr/include/python3.10
 .
 /usr/lib/gcc/x86_64-pc-linux-gnu/12.2.0/include
 /usr/local/include
 /usr/lib/gcc/x86_64-pc-linux-gnu/12.2.0/include-fixed
 /usr/include
End of search list.
GNU C17 (GCC) version 12.2.0 (x86_64-pc-linux-gnu)
	compiled by GNU C version 12.2.0, GMP version 6.2.1, MPFR version 4.1.0-p13, MPC version 1.2.1, isl version isl-0.25-GMP

GGC heuristics: --param ggc-min-expand=100 --param ggc-min-heapsize=131072
Compiler executable checksum: 4b798a352742e8322eaa4a166b8f6299
COLLECT_GCC_OPTIONS='-v' '-o' 'CMakeFiles/cmTC_90015.dir/CMakeCCompilerABI.c.o' '-c' '-mtune=generic' '-march=x86-64' '-dumpdir' 'CMakeFiles/cmTC_90015.dir/'
 as -v --64 -o CMakeFiles/cmTC_90015.dir/CMakeCCompilerABI.c.o /tmp/ccCNoFUt.s
GNU assembler version 2.39.0 (x86_64-pc-linux-gnu) using BFD version (GNU Binutils) 2.39.0
COMPILER_PATH=/usr/lib/gcc/x86_64-pc-linux-gnu/12.2.0/:/usr/lib/gcc/x86_64-pc-linux-gnu/12.2.0/:/usr/lib/gcc/x86_64-pc-linux-gnu/:/usr/lib/gcc/x86_64-pc-linux-gnu/12.2.0/:/usr/lib/gcc/x86_64-pc-linux-gnu/
LIBRARY_PATH=/opt/arrow/lib/../lib/:/opt/deps/ucx/lib/../lib/:/opt/ompi/lib/../lib/:/home/xialb/lib/../lib/:/opt/deps/flex/lib/../lib/:/opt/ompi/lib/../lib/:/opt/deps/openpmix/lib/../lib/:/opt/deps/prrte/lib/../lib/:/opt/ompi/lib/../lib/:/opt/arrow/lib/../lib/:/opt/deps/ucx/lib/../lib/:/opt/ompi/lib/../lib/:/home/xialb/lib/../lib/:/opt/deps/flex/lib/../lib/:/opt/ompi/lib/../lib/:/opt/deps/openpmix/lib/../lib/:/opt/deps/prrte/lib/../lib/:/opt/ompi/lib/../lib/:/opt/arrow/lib/../lib/:/opt/deps/ucx/lib/../lib/:/opt/ompi/lib/../lib/:/home/xialb/lib/../lib/:/opt/deps/flex/lib/../lib/:/opt/ompi/lib/../lib/:/opt/deps/openpmix/lib/../lib/:/opt/deps/prrte/lib/../lib/:/opt/ompi/lib/../lib/:/usr/lib/gcc/x86_64-pc-linux-gnu/12.2.0/:/usr/lib/gcc/x86_64-pc-linux-gnu/12.2.0/../../../../lib/:/lib/../lib/:/usr/lib/../lib/:/opt/arrow/lib/:/opt/deps/ucx/lib/:/opt/ompi/lib/:/home/xialb/lib/:/opt/deps/flex/lib/:/opt/ompi/lib/:/opt/deps/openpmix/lib/:/opt/deps/prrte/lib/:/opt/ompi/lib/:/opt/arrow/lib/:/opt/deps/ucx/lib/:/opt/ompi/lib/:/home/xialb/lib/:/opt/deps/flex/lib/:/opt/ompi/lib/:/opt/deps/openpmix/lib/:/opt/deps/prrte/lib/:/opt/ompi/lib/:/opt/arrow/lib/:/opt/deps/ucx/lib/:/opt/ompi/lib/:/home/xialb/lib/:/opt/deps/flex/lib/:/opt/ompi/lib/:/opt/deps/openpmix/lib/:/opt/deps/prrte/lib/:/opt/ompi/lib/:./:/usr/lib/gcc/x86_64-pc-linux-gnu/12.2.0/../../../:/lib/:/usr/lib/
COLLECT_GCC_OPTIONS='-v' '-o' 'CMakeFiles/cmTC_90015.dir/CMakeCCompilerABI.c.o' '-c' '-mtune=generic' '-march=x86-64' '-dumpdir' 'CMakeFiles/cmTC_90015.dir/CMakeCCompilerABI.c.'
Linking C executable cmTC_90015
/usr/bin/cmake -E cmake_link_script CMakeFiles/cmTC_90015.dir/link.txt --verbose=1
/usr/bin/cc  -v CMakeFiles/cmTC_90015.dir/CMakeCCompilerABI.c.o -o cmTC_90015 
Using built-in specs.
COLLECT_GCC=/usr/bin/cc
COLLECT_LTO_WRAPPER=/usr/lib/gcc/x86_64-pc-linux-gnu/12.2.0/lto-wrapper
Target: x86_64-pc-linux-gnu
Configured with: /build/gcc/src/gcc/configure --enable-languages=c,c++,ada,fortran,go,lto,objc,obj-c++,d --enable-bootstrap --prefix=/usr --libdir=/usr/lib --libexecdir=/usr/lib --mandir=/usr/share/man --infodir=/usr/share/info --with-bugurl=https://bugs.archlinux.org/ --with-build-config=bootstrap-lto --with-linker-hash-style=gnu --with-system-zlib --enable-__cxa_atexit --enable-cet=auto --enable-checking=release --enable-clocale=gnu --enable-default-pie --enable-default-ssp --enable-gnu-indirect-function --enable-gnu-unique-object --enable-libstdcxx-backtrace --enable-link-serialization=1 --enable-linker-build-id --enable-lto --enable-multilib --enable-plugin --enable-shared --enable-threads=posix --disable-libssp --disable-libstdcxx-pch --disable-werror
Thread model: posix
Supported LTO compression algorithms: zlib zstd
gcc version 12.2.0 (GCC) 
COMPILER_PATH=/usr/lib/gcc/x86_64-pc-linux-gnu/12.2.0/:/usr/lib/gcc/x86_64-pc-linux-gnu/12.2.0/:/usr/lib/gcc/x86_64-pc-linux-gnu/:/usr/lib/gcc/x86_64-pc-linux-gnu/12.2.0/:/usr/lib/gcc/x86_64-pc-linux-gnu/
LIBRARY_PATH=/opt/arrow/lib/../lib/:/opt/deps/ucx/lib/../lib/:/opt/ompi/lib/../lib/:/home/xialb/lib/../lib/:/opt/deps/flex/lib/../lib/:/opt/ompi/lib/../lib/:/opt/deps/openpmix/lib/../lib/:/opt/deps/prrte/lib/../lib/:/opt/ompi/lib/../lib/:/opt/arrow/lib/../lib/:/opt/deps/ucx/lib/../lib/:/opt/ompi/lib/../lib/:/home/xialb/lib/../lib/:/opt/deps/flex/lib/../lib/:/opt/ompi/lib/../lib/:/opt/deps/openpmix/lib/../lib/:/opt/deps/prrte/lib/../lib/:/opt/ompi/lib/../lib/:/opt/arrow/lib/../lib/:/opt/deps/ucx/lib/../lib/:/opt/ompi/lib/../lib/:/home/xialb/lib/../lib/:/opt/deps/flex/lib/../lib/:/opt/ompi/lib/../lib/:/opt/deps/openpmix/lib/../lib/:/opt/deps/prrte/lib/../lib/:/opt/ompi/lib/../lib/:/usr/lib/gcc/x86_64-pc-linux-gnu/12.2.0/:/usr/lib/gcc/x86_64-pc-linux-gnu/12.2.0/../../../../lib/:/lib/../lib/:/usr/lib/../lib/:/opt/arrow/lib/:/opt/deps/ucx/lib/:/opt/ompi/lib/:/home/xialb/lib/:/opt/deps/flex/lib/:/opt/ompi/lib/:/opt/deps/openpmix/lib/:/opt/deps/prrte/lib/:/opt/ompi/lib/:/opt/arrow/lib/:/opt/deps/ucx/lib/:/opt/ompi/lib/:/home/xialb/lib/:/opt/deps/flex/lib/:/opt/ompi/lib/:/opt/deps/openpmix/lib/:/opt/deps/prrte/lib/:/opt/ompi/lib/:/opt/arrow/lib/:/opt/deps/ucx/lib/:/opt/ompi/lib/:/home/xialb/lib/:/opt/deps/flex/lib/:/opt/ompi/lib/:/opt/deps/openpmix/lib/:/opt/deps/prrte/lib/:/opt/ompi/lib/:./:/usr/lib/gcc/x86_64-pc-linux-gnu/12.2.0/../../../:/lib/:/usr/lib/
COLLECT_GCC_OPTIONS='-v' '-o' 'cmTC_90015' '-mtune=generic' '-march=x86-64' '-dumpdir' 'cmTC_90015.'
 /usr/lib/gcc/x86_64-pc-linux-gnu/12.2.0/collect2 -plugin /usr/lib/gcc/x86_64-pc-linux-gnu/12.2.0/liblto_plugin.so -plugin-opt=/usr/lib/gcc/x86_64-pc-linux-gnu/12.2.0/lto-wrapper -plugin-opt=-fresolution=/tmp/ccMhDqrV.res -plugin-opt=-pass-through=-lgcc -plugin-opt=-pass-through=-lgcc_s -plugin-opt=-pass-through=-lc -plugin-opt=-pass-through=-lgcc -plugin-opt=-pass-through=-lgcc_s --build-id --eh-frame-hdr --hash-style=gnu -m elf_x86_64 -dynamic-linker /lib64/ld-linux-x86-64.so.2 -pie -o cmTC_90015 /usr/lib/gcc/x86_64-pc-linux-gnu/12.2.0/../../../../lib/Scrt1.o /usr/lib/gcc/x86_64-pc-linux-gnu/12.2.0/../../../../lib/crti.o /usr/lib/gcc/x86_64-pc-linux-gnu/12.2.0/crtbeginS.o -L/opt/arrow/lib/../lib -L/opt/deps/ucx/lib/../lib -L/opt/ompi/lib/../lib -L/home/xialb/lib/../lib -L/opt/deps/flex/lib/../lib -L/opt/ompi/lib/../lib -L/opt/deps/openpmix/lib/../lib -L/opt/deps/prrte/lib/../lib -L/opt/ompi/lib/../lib -L/opt/arrow/lib/../lib -L/opt/deps/ucx/lib/../lib -L/opt/ompi/lib/../lib -L/home/xialb/lib/../lib -L/opt/deps/flex/lib/../lib -L/opt/ompi/lib/../lib -L/opt/deps/openpmix/lib/../lib -L/opt/deps/prrte/lib/../lib -L/opt/ompi/lib/../lib -L/opt/arrow/lib/../lib -L/opt/deps/ucx/lib/../lib -L/opt/ompi/lib/../lib -L/home/xialb/lib/../lib -L/opt/deps/flex/lib/../lib -L/opt/ompi/lib/../lib -L/opt/deps/openpmix/lib/../lib -L/opt/deps/prrte/lib/../lib -L/opt/ompi/lib/../lib -L/usr/lib/gcc/x86_64-pc-linux-gnu/12.2.0 -L/usr/lib/gcc/x86_64-pc-linux-gnu/12.2.0/../../../../lib -L/lib/../lib -L/usr/lib/../lib -L/opt/arrow/lib -L/opt/deps/ucx/lib -L/opt/ompi/lib -L/home/xialb/lib -L/opt/deps/flex/lib -L/opt/ompi/lib -L/opt/deps/openpmix/lib -L/opt/deps/prrte/lib -L/opt/ompi/lib -L/opt/arrow/lib -L/opt/deps/ucx/lib -L/opt/ompi/lib -L/home/xialb/lib -L/opt/deps/flex/lib -L/opt/ompi/lib -L/opt/deps/openpmix/lib -L/opt/deps/prrte/lib -L/opt/ompi/lib -L/opt/arrow/lib -L/opt/deps/ucx/lib -L/opt/ompi/lib -L/home/xialb/lib -L/opt/deps/flex/lib -L/opt/ompi/lib -L/opt/deps/openpmix/lib -L/opt/deps/prrte/lib -L/opt/ompi/lib -L. -L/usr/lib/gcc/x86_64-pc-linux-gnu/12.2.0/../../.. CMakeFiles/cmTC_90015.dir/CMakeCCompilerABI.c.o -lgcc --push-state --as-needed -lgcc_s --pop-state -lc -lgcc --push-state --as-needed -lgcc_s --pop-state /usr/lib/gcc/x86_64-pc-linux-gnu/12.2.0/crtendS.o /usr/lib/gcc/x86_64-pc-linux-gnu/12.2.0/../../../../lib/crtn.o
COLLECT_GCC_OPTIONS='-v' '-o' 'cmTC_90015' '-mtune=generic' '-march=x86-64' '-dumpdir' 'cmTC_90015.'
make[1]: Leaving directory '/home/xialb/git/spark/blaze/src/main/native/CMakeFiles/CMakeTmp'



Parsed C implicit include dir info from above output: rv=done
  found start of include info
  found start of implicit include info
    add: [/opt/arrow/include]
    add: [/usr/include/glib-2.0]
    add: [/usr/include/gtk-4.0]
    add: [/opt/deps/ucx/include]
    add: [/opt/deps/flex/include]
    add: [/opt/ompi/include]
    add: [/opt/deps/openpmix/include]
    add: [/opt/deps/prrte/include]
    add: [/home/xialb/.sdkman/candidates/java/current/include]
    add: [/home/xialb/.sdkman/candidates/java/current/include/linux]
    add: [/usr/include/python3.10]
    add: [.]
    add: [/usr/lib/gcc/x86_64-pc-linux-gnu/12.2.0/include]
    add: [/usr/local/include]
    add: [/usr/lib/gcc/x86_64-pc-linux-gnu/12.2.0/include-fixed]
    add: [/usr/include]
  end of search list found
  collapse include dir [/opt/arrow/include] ==> [/opt/arrow/include]
  collapse include dir [/usr/include/glib-2.0] ==> [/usr/include/glib-2.0]
  collapse include dir [/usr/include/gtk-4.0] ==> [/usr/include/gtk-4.0]
  collapse include dir [/opt/deps/ucx/include] ==> [/opt/deps/ucx/include]
  collapse include dir [/opt/deps/flex/include] ==> [/opt/deps/flex/include]
  collapse include dir [/opt/ompi/include] ==> [/opt/ompi/include]
  collapse include dir [/opt/deps/openpmix/include] ==> [/opt/deps/openpmix/include]
  collapse include dir [/opt/deps/prrte/include] ==> [/opt/deps/prrte/include]
  collapse include dir [/home/xialb/.sdkman/candidates/java/current/include] ==> [/home/xialb/.sdkman/candidates/java/current/include]
  collapse include dir [/home/xialb/.sdkman/candidates/java/current/include/linux] ==> [/home/xialb/.sdkman/candidates/java/current/include/linux]
  collapse include dir [/usr/include/python3.10] ==> [/usr/include/python3.10]
  skipping relative include dir [.]
  collapse include dir [/usr/lib/gcc/x86_64-pc-linux-gnu/12.2.0/include] ==> [/usr/lib/gcc/x86_64-pc-linux-gnu/12.2.0/include]
  collapse include dir [/usr/local/include] ==> [/usr/local/include]
  collapse include dir [/usr/lib/gcc/x86_64-pc-linux-gnu/12.2.0/include-fixed] ==> [/usr/lib/gcc/x86_64-pc-linux-gnu/12.2.0/include-fixed]
  collapse include dir [/usr/include] ==> [/usr/include]
  implicit include dirs: [/opt/arrow/include;/usr/include/glib-2.0;/usr/include/gtk-4.0;/opt/deps/ucx/include;/opt/deps/flex/include;/opt/ompi/include;/opt/deps/openpmix/include;/opt/deps/prrte/include;/home/xialb/.sdkman/candidates/java/current/include;/home/xialb/.sdkman/candidates/java/current/include/linux;/usr/include/python3.10;/usr/lib/gcc/x86_64-pc-linux-gnu/12.2.0/include;/usr/local/include;/usr/lib/gcc/x86_64-pc-linux-gnu/12.2.0/include-fixed;/usr/include]


Parsed C implicit link information from above output:
  link line regex: [^( *|.*[/\])(ld|CMAKE_LINK_STARTFILE-NOTFOUND|([^/\]+-)?ld|collect2)[^/\]*( |$)]
  ignore line: [Change Dir: /home/xialb/git/spark/blaze/src/main/native/CMakeFiles/CMakeTmp]
  ignore line: []
  ignore line: [Run Build Command(s):/usr/bin/make -f Makefile cmTC_90015/fast && /usr/bin/make  -f CMakeFiles/cmTC_90015.dir/build.make CMakeFiles/cmTC_90015.dir/build]
  ignore line: [make[1]: Entering directory '/home/xialb/git/spark/blaze/src/main/native/CMakeFiles/CMakeTmp']
  ignore line: [Building C object CMakeFiles/cmTC_90015.dir/CMakeCCompilerABI.c.o]
  ignore line: [/usr/bin/cc   -v -o CMakeFiles/cmTC_90015.dir/CMakeCCompilerABI.c.o -c /usr/share/cmake/Modules/CMakeCCompilerABI.c]
  ignore line: [Using built-in specs.]
  ignore line: [COLLECT_GCC=/usr/bin/cc]
  ignore line: [Target: x86_64-pc-linux-gnu]
  ignore line: [Configured with: /build/gcc/src/gcc/configure --enable-languages=c c++ ada fortran go lto objc obj-c++ d --enable-bootstrap --prefix=/usr --libdir=/usr/lib --libexecdir=/usr/lib --mandir=/usr/share/man --infodir=/usr/share/info --with-bugurl=https://bugs.archlinux.org/ --with-build-config=bootstrap-lto --with-linker-hash-style=gnu --with-system-zlib --enable-__cxa_atexit --enable-cet=auto --enable-checking=release --enable-clocale=gnu --enable-default-pie --enable-default-ssp --enable-gnu-indirect-function --enable-gnu-unique-object --enable-libstdcxx-backtrace --enable-link-serialization=1 --enable-linker-build-id --enable-lto --enable-multilib --enable-plugin --enable-shared --enable-threads=posix --disable-libssp --disable-libstdcxx-pch --disable-werror]
  ignore line: [Thread model: posix]
  ignore line: [Supported LTO compression algorithms: zlib zstd]
  ignore line: [gcc version 12.2.0 (GCC) ]
  ignore line: [COLLECT_GCC_OPTIONS='-v' '-o' 'CMakeFiles/cmTC_90015.dir/CMakeCCompilerABI.c.o' '-c' '-mtune=generic' '-march=x86-64' '-dumpdir' 'CMakeFiles/cmTC_90015.dir/']
  ignore line: [ /usr/lib/gcc/x86_64-pc-linux-gnu/12.2.0/cc1 -quiet -v /usr/share/cmake/Modules/CMakeCCompilerABI.c -quiet -dumpdir CMakeFiles/cmTC_90015.dir/ -dumpbase CMakeCCompilerABI.c.c -dumpbase-ext .c -mtune=generic -march=x86-64 -version -o /tmp/ccCNoFUt.s]
  ignore line: [GNU C17 (GCC) version 12.2.0 (x86_64-pc-linux-gnu)]
  ignore line: [	compiled by GNU C version 12.2.0  GMP version 6.2.1  MPFR version 4.1.0-p13  MPC version 1.2.1  isl version isl-0.25-GMP]
  ignore line: []
  ignore line: [GGC heuristics: --param ggc-min-expand=100 --param ggc-min-heapsize=131072]
  ignore line: [ignoring duplicate directory "/opt/arrow/include"]
  ignore line: [ignoring duplicate directory "/usr/include/glib-2.0"]
  ignore line: [ignoring duplicate directory "/usr/include/gtk-4.0"]
  ignore line: [ignoring duplicate directory "/opt/deps/ucx/include"]
  ignore line: [ignoring duplicate directory "/opt/deps/flex/include"]
  ignore line: [ignoring duplicate directory "/opt/ompi/include"]
  ignore line: [ignoring duplicate directory "/opt/deps/openpmix/include"]
  ignore line: [ignoring duplicate directory "/opt/deps/prrte/include"]
  ignore line: [ignoring duplicate directory "/home/xialb/.sdkman/candidates/java/current/include"]
  ignore line: [ignoring duplicate directory "/home/xialb/.sdkman/candidates/java/current/include/linux"]
  ignore line: [ignoring duplicate directory "/usr/include/python3.10"]
  ignore line: [ignoring duplicate directory "/opt/arrow/include"]
  ignore line: [ignoring duplicate directory "/usr/include/glib-2.0"]
  ignore line: [ignoring duplicate directory "/usr/include/gtk-4.0"]
  ignore line: [ignoring duplicate directory "/opt/deps/ucx/include"]
  ignore line: [ignoring duplicate directory "/opt/deps/flex/include"]
  ignore line: [ignoring duplicate directory "/opt/ompi/include"]
  ignore line: [ignoring duplicate directory "/opt/deps/openpmix/include"]
  ignore line: [ignoring duplicate directory "/opt/deps/prrte/include"]
  ignore line: [ignoring duplicate directory "/home/xialb/.sdkman/candidates/java/current/include"]
  ignore line: [ignoring duplicate directory "/home/xialb/.sdkman/candidates/java/current/include/linux"]
  ignore line: [ignoring duplicate directory "/usr/include/python3.10"]
  ignore line: [ignoring nonexistent directory "/usr/lib/gcc/x86_64-pc-linux-gnu/12.2.0/../../../../x86_64-pc-linux-gnu/include"]
  ignore line: [#include "..." search starts here:]
  ignore line: [#include <...> search starts here:]
  ignore line: [ /opt/arrow/include]
  ignore line: [ /usr/include/glib-2.0]
  ignore line: [ /usr/include/gtk-4.0]
  ignore line: [ /opt/deps/ucx/include]
  ignore line: [ /opt/deps/flex/include]
  ignore line: [ /opt/ompi/include]
  ignore line: [ /opt/deps/openpmix/include]
  ignore line: [ /opt/deps/prrte/include]
  ignore line: [ /home/xialb/.sdkman/candidates/java/current/include]
  ignore line: [ /home/xialb/.sdkman/candidates/java/current/include/linux]
  ignore line: [ /usr/include/python3.10]
  ignore line: [ .]
  ignore line: [ /usr/lib/gcc/x86_64-pc-linux-gnu/12.2.0/include]
  ignore line: [ /usr/local/include]
  ignore line: [ /usr/lib/gcc/x86_64-pc-linux-gnu/12.2.0/include-fixed]
  ignore line: [ /usr/include]
  ignore line: [End of search list.]
  ignore line: [GNU C17 (GCC) version 12.2.0 (x86_64-pc-linux-gnu)]
  ignore line: [	compiled by GNU C version 12.2.0  GMP version 6.2.1  MPFR version 4.1.0-p13  MPC version 1.2.1  isl version isl-0.25-GMP]
  ignore line: []
  ignore line: [GGC heuristics: --param ggc-min-expand=100 --param ggc-min-heapsize=131072]
  ignore line: [Compiler executable checksum: 4b798a352742e8322eaa4a166b8f6299]
  ignore line: [COLLECT_GCC_OPTIONS='-v' '-o' 'CMakeFiles/cmTC_90015.dir/CMakeCCompilerABI.c.o' '-c' '-mtune=generic' '-march=x86-64' '-dumpdir' 'CMakeFiles/cmTC_90015.dir/']
  ignore line: [ as -v --64 -o CMakeFiles/cmTC_90015.dir/CMakeCCompilerABI.c.o /tmp/ccCNoFUt.s]
  ignore line: [GNU assembler version 2.39.0 (x86_64-pc-linux-gnu) using BFD version (GNU Binutils) 2.39.0]
  ignore line: [COMPILER_PATH=/usr/lib/gcc/x86_64-pc-linux-gnu/12.2.0/:/usr/lib/gcc/x86_64-pc-linux-gnu/12.2.0/:/usr/lib/gcc/x86_64-pc-linux-gnu/:/usr/lib/gcc/x86_64-pc-linux-gnu/12.2.0/:/usr/lib/gcc/x86_64-pc-linux-gnu/]
  ignore line: [LIBRARY_PATH=/opt/arrow/lib/../lib/:/opt/deps/ucx/lib/../lib/:/opt/ompi/lib/../lib/:/home/xialb/lib/../lib/:/opt/deps/flex/lib/../lib/:/opt/ompi/lib/../lib/:/opt/deps/openpmix/lib/../lib/:/opt/deps/prrte/lib/../lib/:/opt/ompi/lib/../lib/:/opt/arrow/lib/../lib/:/opt/deps/ucx/lib/../lib/:/opt/ompi/lib/../lib/:/home/xialb/lib/../lib/:/opt/deps/flex/lib/../lib/:/opt/ompi/lib/../lib/:/opt/deps/openpmix/lib/../lib/:/opt/deps/prrte/lib/../lib/:/opt/ompi/lib/../lib/:/opt/arrow/lib/../lib/:/opt/deps/ucx/lib/../lib/:/opt/ompi/lib/../lib/:/home/xialb/lib/../lib/:/opt/deps/flex/lib/../lib/:/opt/ompi/lib/../lib/:/opt/deps/openpmix/lib/../lib/:/opt/deps/prrte/lib/../lib/:/opt/ompi/lib/../lib/:/usr/lib/gcc/x86_64-pc-linux-gnu/12.2.0/:/usr/lib/gcc/x86_64-pc-linux-gnu/12.2.0/../../../../lib/:/lib/../lib/:/usr/lib/../lib/:/opt/arrow/lib/:/opt/deps/ucx/lib/:/opt/ompi/lib/:/home/xialb/lib/:/opt/deps/flex/lib/:/opt/ompi/lib/:/opt/deps/openpmix/lib/:/opt/deps/prrte/lib/:/opt/ompi/lib/:/opt/arrow/lib/:/opt/deps/ucx/lib/:/opt/ompi/lib/:/home/xialb/lib/:/opt/deps/flex/lib/:/opt/ompi/lib/:/opt/deps/openpmix/lib/:/opt/deps/prrte/lib/:/opt/ompi/lib/:/opt/arrow/lib/:/opt/deps/ucx/lib/:/opt/ompi/lib/:/home/xialb/lib/:/opt/deps/flex/lib/:/opt/ompi/lib/:/opt/deps/openpmix/lib/:/opt/deps/prrte/lib/:/opt/ompi/lib/:./:/usr/lib/gcc/x86_64-pc-linux-gnu/12.2.0/../../../:/lib/:/usr/lib/]
  ignore line: [COLLECT_GCC_OPTIONS='-v' '-o' 'CMakeFiles/cmTC_90015.dir/CMakeCCompilerABI.c.o' '-c' '-mtune=generic' '-march=x86-64' '-dumpdir' 'CMakeFiles/cmTC_90015.dir/CMakeCCompilerABI.c.']
  ignore line: [Linking C executable cmTC_90015]
  ignore line: [/usr/bin/cmake -E cmake_link_script CMakeFiles/cmTC_90015.dir/link.txt --verbose=1]
  ignore line: [/usr/bin/cc  -v CMakeFiles/cmTC_90015.dir/CMakeCCompilerABI.c.o -o cmTC_90015 ]
  ignore line: [Using built-in specs.]
  ignore line: [COLLECT_GCC=/usr/bin/cc]
  ignore line: [COLLECT_LTO_WRAPPER=/usr/lib/gcc/x86_64-pc-linux-gnu/12.2.0/lto-wrapper]
  ignore line: [Target: x86_64-pc-linux-gnu]
  ignore line: [Configured with: /build/gcc/src/gcc/configure --enable-languages=c c++ ada fortran go lto objc obj-c++ d --enable-bootstrap --prefix=/usr --libdir=/usr/lib --libexecdir=/usr/lib --mandir=/usr/share/man --infodir=/usr/share/info --with-bugurl=https://bugs.archlinux.org/ --with-build-config=bootstrap-lto --with-linker-hash-style=gnu --with-system-zlib --enable-__cxa_atexit --enable-cet=auto --enable-checking=release --enable-clocale=gnu --enable-default-pie --enable-default-ssp --enable-gnu-indirect-function --enable-gnu-unique-object --enable-libstdcxx-backtrace --enable-link-serialization=1 --enable-linker-build-id --enable-lto --enable-multilib --enable-plugin --enable-shared --enable-threads=posix --disable-libssp --disable-libstdcxx-pch --disable-werror]
  ignore line: [Thread model: posix]
  ignore line: [Supported LTO compression algorithms: zlib zstd]
  ignore line: [gcc version 12.2.0 (GCC) ]
  ignore line: [COMPILER_PATH=/usr/lib/gcc/x86_64-pc-linux-gnu/12.2.0/:/usr/lib/gcc/x86_64-pc-linux-gnu/12.2.0/:/usr/lib/gcc/x86_64-pc-linux-gnu/:/usr/lib/gcc/x86_64-pc-linux-gnu/12.2.0/:/usr/lib/gcc/x86_64-pc-linux-gnu/]
  ignore line: [LIBRARY_PATH=/opt/arrow/lib/../lib/:/opt/deps/ucx/lib/../lib/:/opt/ompi/lib/../lib/:/home/xialb/lib/../lib/:/opt/deps/flex/lib/../lib/:/opt/ompi/lib/../lib/:/opt/deps/openpmix/lib/../lib/:/opt/deps/prrte/lib/../lib/:/opt/ompi/lib/../lib/:/opt/arrow/lib/../lib/:/opt/deps/ucx/lib/../lib/:/opt/ompi/lib/../lib/:/home/xialb/lib/../lib/:/opt/deps/flex/lib/../lib/:/opt/ompi/lib/../lib/:/opt/deps/openpmix/lib/../lib/:/opt/deps/prrte/lib/../lib/:/opt/ompi/lib/../lib/:/opt/arrow/lib/../lib/:/opt/deps/ucx/lib/../lib/:/opt/ompi/lib/../lib/:/home/xialb/lib/../lib/:/opt/deps/flex/lib/../lib/:/opt/ompi/lib/../lib/:/opt/deps/openpmix/lib/../lib/:/opt/deps/prrte/lib/../lib/:/opt/ompi/lib/../lib/:/usr/lib/gcc/x86_64-pc-linux-gnu/12.2.0/:/usr/lib/gcc/x86_64-pc-linux-gnu/12.2.0/../../../../lib/:/lib/../lib/:/usr/lib/../lib/:/opt/arrow/lib/:/opt/deps/ucx/lib/:/opt/ompi/lib/:/home/xialb/lib/:/opt/deps/flex/lib/:/opt/ompi/lib/:/opt/deps/openpmix/lib/:/opt/deps/prrte/lib/:/opt/ompi/lib/:/opt/arrow/lib/:/opt/deps/ucx/lib/:/opt/ompi/lib/:/home/xialb/lib/:/opt/deps/flex/lib/:/opt/ompi/lib/:/opt/deps/openpmix/lib/:/opt/deps/prrte/lib/:/opt/ompi/lib/:/opt/arrow/lib/:/opt/deps/ucx/lib/:/opt/ompi/lib/:/home/xialb/lib/:/opt/deps/flex/lib/:/opt/ompi/lib/:/opt/deps/openpmix/lib/:/opt/deps/prrte/lib/:/opt/ompi/lib/:./:/usr/lib/gcc/x86_64-pc-linux-gnu/12.2.0/../../../:/lib/:/usr/lib/]
  ignore line: [COLLECT_GCC_OPTIONS='-v' '-o' 'cmTC_90015' '-mtune=generic' '-march=x86-64' '-dumpdir' 'cmTC_90015.']
  link line: [ /usr/lib/gcc/x86_64-pc-linux-gnu/12.2.0/collect2 -plugin /usr/lib/gcc/x86_64-pc-linux-gnu/12.2.0/liblto_plugin.so -plugin-opt=/usr/lib/gcc/x86_64-pc-linux-gnu/12.2.0/lto-wrapper -plugin-opt=-fresolution=/tmp/ccMhDqrV.res -plugin-opt=-pass-through=-lgcc -plugin-opt=-pass-through=-lgcc_s -plugin-opt=-pass-through=-lc -plugin-opt=-pass-through=-lgcc -plugin-opt=-pass-through=-lgcc_s --build-id --eh-frame-hdr --hash-style=gnu -m elf_x86_64 -dynamic-linker /lib64/ld-linux-x86-64.so.2 -pie -o cmTC_90015 /usr/lib/gcc/x86_64-pc-linux-gnu/12.2.0/../../../../lib/Scrt1.o /usr/lib/gcc/x86_64-pc-linux-gnu/12.2.0/../../../../lib/crti.o /usr/lib/gcc/x86_64-pc-linux-gnu/12.2.0/crtbeginS.o -L/opt/arrow/lib/../lib -L/opt/deps/ucx/lib/../lib -L/opt/ompi/lib/../lib -L/home/xialb/lib/../lib -L/opt/deps/flex/lib/../lib -L/opt/ompi/lib/../lib -L/opt/deps/openpmix/lib/../lib -L/opt/deps/prrte/lib/../lib -L/opt/ompi/lib/../lib -L/opt/arrow/lib/../lib -L/opt/deps/ucx/lib/../lib -L/opt/ompi/lib/../lib -L/home/xialb/lib/../lib -L/opt/deps/flex/lib/../lib -L/opt/ompi/lib/../lib -L/opt/deps/openpmix/lib/../lib -L/opt/deps/prrte/lib/../lib -L/opt/ompi/lib/../lib -L/opt/arrow/lib/../lib -L/opt/deps/ucx/lib/../lib -L/opt/ompi/lib/../lib -L/home/xialb/lib/../lib -L/opt/deps/flex/lib/../lib -L/opt/ompi/lib/../lib -L/opt/deps/openpmix/lib/../lib -L/opt/deps/prrte/lib/../lib -L/opt/ompi/lib/../lib -L/usr/lib/gcc/x86_64-pc-linux-gnu/12.2.0 -L/usr/lib/gcc/x86_64-pc-linux-gnu/12.2.0/../../../../lib -L/lib/../lib -L/usr/lib/../lib -L/opt/arrow/lib -L/opt/deps/ucx/lib -L/opt/ompi/lib -L/home/xialb/lib -L/opt/deps/flex/lib -L/opt/ompi/lib -L/opt/deps/openpmix/lib -L/opt/deps/prrte/lib -L/opt/ompi/lib -L/opt/arrow/lib -L/opt/deps/ucx/lib -L/opt/ompi/lib -L/home/xialb/lib -L/opt/deps/flex/lib -L/opt/ompi/lib -L/opt/deps/openpmix/lib -L/opt/deps/prrte/lib -L/opt/ompi/lib -L/opt/arrow/lib -L/opt/deps/ucx/lib -L/opt/ompi/lib -L/home/xialb/lib -L/opt/deps/flex/lib -L/opt/ompi/lib -L/opt/deps/openpmix/lib -L/opt/deps/prrte/lib -L/opt/ompi/lib -L. -L/usr/lib/gcc/x86_64-pc-linux-gnu/12.2.0/../../.. CMakeFiles/cmTC_90015.dir/CMakeCCompilerABI.c.o -lgcc --push-state --as-needed -lgcc_s --pop-state -lc -lgcc --push-state --as-needed -lgcc_s --pop-state /usr/lib/gcc/x86_64-pc-linux-gnu/12.2.0/crtendS.o /usr/lib/gcc/x86_64-pc-linux-gnu/12.2.0/../../../../lib/crtn.o]
    arg [/usr/lib/gcc/x86_64-pc-linux-gnu/12.2.0/collect2] ==> ignore
    arg [-plugin] ==> ignore
    arg [/usr/lib/gcc/x86_64-pc-linux-gnu/12.2.0/liblto_plugin.so] ==> ignore
    arg [-plugin-opt=/usr/lib/gcc/x86_64-pc-linux-gnu/12.2.0/lto-wrapper] ==> ignore
    arg [-plugin-opt=-fresolution=/tmp/ccMhDqrV.res] ==> ignore
    arg [-plugin-opt=-pass-through=-lgcc] ==> ignore
    arg [-plugin-opt=-pass-through=-lgcc_s] ==> ignore
    arg [-plugin-opt=-pass-through=-lc] ==> ignore
    arg [-plugin-opt=-pass-through=-lgcc] ==> ignore
    arg [-plugin-opt=-pass-through=-lgcc_s] ==> ignore
    arg [--build-id] ==> ignore
    arg [--eh-frame-hdr] ==> ignore
    arg [--hash-style=gnu] ==> ignore
    arg [-m] ==> ignore
    arg [elf_x86_64] ==> ignore
    arg [-dynamic-linker] ==> ignore
    arg [/lib64/ld-linux-x86-64.so.2] ==> ignore
    arg [-pie] ==> ignore
    arg [-o] ==> ignore
    arg [cmTC_90015] ==> ignore
    arg [/usr/lib/gcc/x86_64-pc-linux-gnu/12.2.0/../../../../lib/Scrt1.o] ==> obj [/usr/lib/gcc/x86_64-pc-linux-gnu/12.2.0/../../../../lib/Scrt1.o]
    arg [/usr/lib/gcc/x86_64-pc-linux-gnu/12.2.0/../../../../lib/crti.o] ==> obj [/usr/lib/gcc/x86_64-pc-linux-gnu/12.2.0/../../../../lib/crti.o]
    arg [/usr/lib/gcc/x86_64-pc-linux-gnu/12.2.0/crtbeginS.o] ==> obj [/usr/lib/gcc/x86_64-pc-linux-gnu/12.2.0/crtbeginS.o]
    arg [-L/opt/arrow/lib/../lib] ==> dir [/opt/arrow/lib/../lib]
    arg [-L/opt/deps/ucx/lib/../lib] ==> dir [/opt/deps/ucx/lib/../lib]
    arg [-L/opt/ompi/lib/../lib] ==> dir [/opt/ompi/lib/../lib]
    arg [-L/home/xialb/lib/../lib] ==> dir [/home/xialb/lib/../lib]
    arg [-L/opt/deps/flex/lib/../lib] ==> dir [/opt/deps/flex/lib/../lib]
    arg [-L/opt/ompi/lib/../lib] ==> dir [/opt/ompi/lib/../lib]
    arg [-L/opt/deps/openpmix/lib/../lib] ==> dir [/opt/deps/openpmix/lib/../lib]
    arg [-L/opt/deps/prrte/lib/../lib] ==> dir [/opt/deps/prrte/lib/../lib]
    arg [-L/opt/ompi/lib/../lib] ==> dir [/opt/ompi/lib/../lib]
    arg [-L/opt/arrow/lib/../lib] ==> dir [/opt/arrow/lib/../lib]
    arg [-L/opt/deps/ucx/lib/../lib] ==> dir [/opt/deps/ucx/lib/../lib]
    arg [-L/opt/ompi/lib/../lib] ==> dir [/opt/ompi/lib/../lib]
    arg [-L/home/xialb/lib/../lib] ==> dir [/home/xialb/lib/../lib]
    arg [-L/opt/deps/flex/lib/../lib] ==> dir [/opt/deps/flex/lib/../lib]
    arg [-L/opt/ompi/lib/../lib] ==> dir [/opt/ompi/lib/../lib]
    arg [-L/opt/deps/openpmix/lib/../lib] ==> dir [/opt/deps/openpmix/lib/../lib]
    arg [-L/opt/deps/prrte/lib/../lib] ==> dir [/opt/deps/prrte/lib/../lib]
    arg [-L/opt/ompi/lib/../lib] ==> dir [/opt/ompi/lib/../lib]
    arg [-L/opt/arrow/lib/../lib] ==> dir [/opt/arrow/lib/../lib]
    arg [-L/opt/deps/ucx/lib/../lib] ==> dir [/opt/deps/ucx/lib/../lib]
    arg [-L/opt/ompi/lib/../lib] ==> dir [/opt/ompi/lib/../lib]
    arg [-L/home/xialb/lib/../lib] ==> dir [/home/xialb/lib/../lib]
    arg [-L/opt/deps/flex/lib/../lib] ==> dir [/opt/deps/flex/lib/../lib]
    arg [-L/opt/ompi/lib/../lib] ==> dir [/opt/ompi/lib/../lib]
    arg [-L/opt/deps/openpmix/lib/../lib] ==> dir [/opt/deps/openpmix/lib/../lib]
    arg [-L/opt/deps/prrte/lib/../lib] ==> dir [/opt/deps/prrte/lib/../lib]
    arg [-L/opt/ompi/lib/../lib] ==> dir [/opt/ompi/lib/../lib]
    arg [-L/usr/lib/gcc/x86_64-pc-linux-gnu/12.2.0] ==> dir [/usr/lib/gcc/x86_64-pc-linux-gnu/12.2.0]
    arg [-L/usr/lib/gcc/x86_64-pc-linux-gnu/12.2.0/../../../../lib] ==> dir [/usr/lib/gcc/x86_64-pc-linux-gnu/12.2.0/../../../../lib]
    arg [-L/lib/../lib] ==> dir [/lib/../lib]
    arg [-L/usr/lib/../lib] ==> dir [/usr/lib/../lib]
    arg [-L/opt/arrow/lib] ==> dir [/opt/arrow/lib]
    arg [-L/opt/deps/ucx/lib] ==> dir [/opt/deps/ucx/lib]
    arg [-L/opt/ompi/lib] ==> dir [/opt/ompi/lib]
    arg [-L/home/xialb/lib] ==> dir [/home/xialb/lib]
    arg [-L/opt/deps/flex/lib] ==> dir [/opt/deps/flex/lib]
    arg [-L/opt/ompi/lib] ==> dir [/opt/ompi/lib]
    arg [-L/opt/deps/openpmix/lib] ==> dir [/opt/deps/openpmix/lib]
    arg [-L/opt/deps/prrte/lib] ==> dir [/opt/deps/prrte/lib]
    arg [-L/opt/ompi/lib] ==> dir [/opt/ompi/lib]
    arg [-L/opt/arrow/lib] ==> dir [/opt/arrow/lib]
    arg [-L/opt/deps/ucx/lib] ==> dir [/opt/deps/ucx/lib]
    arg [-L/opt/ompi/lib] ==> dir [/opt/ompi/lib]
    arg [-L/home/xialb/lib] ==> dir [/home/xialb/lib]
    arg [-L/opt/deps/flex/lib] ==> dir [/opt/deps/flex/lib]
    arg [-L/opt/ompi/lib] ==> dir [/opt/ompi/lib]
    arg [-L/opt/deps/openpmix/lib] ==> dir [/opt/deps/openpmix/lib]
    arg [-L/opt/deps/prrte/lib] ==> dir [/opt/deps/prrte/lib]
    arg [-L/opt/ompi/lib] ==> dir [/opt/ompi/lib]
    arg [-L/opt/arrow/lib] ==> dir [/opt/arrow/lib]
    arg [-L/opt/deps/ucx/lib] ==> dir [/opt/deps/ucx/lib]
    arg [-L/opt/ompi/lib] ==> dir [/opt/ompi/lib]
    arg [-L/home/xialb/lib] ==> dir [/home/xialb/lib]
    arg [-L/opt/deps/flex/lib] ==> dir [/opt/deps/flex/lib]
    arg [-L/opt/ompi/lib] ==> dir [/opt/ompi/lib]
    arg [-L/opt/deps/openpmix/lib] ==> dir [/opt/deps/openpmix/lib]
    arg [-L/opt/deps/prrte/lib] ==> dir [/opt/deps/prrte/lib]
    arg [-L/opt/ompi/lib] ==> dir [/opt/ompi/lib]
    arg [-L.] ==> ignore
    arg [-L/usr/lib/gcc/x86_64-pc-linux-gnu/12.2.0/../../..] ==> dir [/usr/lib/gcc/x86_64-pc-linux-gnu/12.2.0/../../..]
    arg [CMakeFiles/cmTC_90015.dir/CMakeCCompilerABI.c.o] ==> ignore
    arg [-lgcc] ==> lib [gcc]
    arg [--push-state] ==> ignore
    arg [--as-needed] ==> ignore
    arg [-lgcc_s] ==> lib [gcc_s]
    arg [--pop-state] ==> ignore
    arg [-lc] ==> lib [c]
    arg [-lgcc] ==> lib [gcc]
    arg [--push-state] ==> ignore
    arg [--as-needed] ==> ignore
    arg [-lgcc_s] ==> lib [gcc_s]
    arg [--pop-state] ==> ignore
    arg [/usr/lib/gcc/x86_64-pc-linux-gnu/12.2.0/crtendS.o] ==> obj [/usr/lib/gcc/x86_64-pc-linux-gnu/12.2.0/crtendS.o]
    arg [/usr/lib/gcc/x86_64-pc-linux-gnu/12.2.0/../../../../lib/crtn.o] ==> obj [/usr/lib/gcc/x86_64-pc-linux-gnu/12.2.0/../../../../lib/crtn.o]
  collapse obj [/usr/lib/gcc/x86_64-pc-linux-gnu/12.2.0/../../../../lib/Scrt1.o] ==> [/usr/lib/Scrt1.o]
  collapse obj [/usr/lib/gcc/x86_64-pc-linux-gnu/12.2.0/../../../../lib/crti.o] ==> [/usr/lib/crti.o]
  collapse obj [/usr/lib/gcc/x86_64-pc-linux-gnu/12.2.0/../../../../lib/crtn.o] ==> [/usr/lib/crtn.o]
  collapse library dir [/opt/arrow/lib/../lib] ==> [/opt/arrow/lib]
  collapse library dir [/opt/deps/ucx/lib/../lib] ==> [/opt/deps/ucx/lib]
  collapse library dir [/opt/ompi/lib/../lib] ==> [/opt/ompi/lib]
  collapse library dir [/home/xialb/lib/../lib] ==> [/home/xialb/lib]
  collapse library dir [/opt/deps/flex/lib/../lib] ==> [/opt/deps/flex/lib]
  collapse library dir [/opt/ompi/lib/../lib] ==> [/opt/ompi/lib]
  collapse library dir [/opt/deps/openpmix/lib/../lib] ==> [/opt/deps/openpmix/lib]
  collapse library dir [/opt/deps/prrte/lib/../lib] ==> [/opt/deps/prrte/lib]
  collapse library dir [/opt/ompi/lib/../lib] ==> [/opt/ompi/lib]
  collapse library dir [/opt/arrow/lib/../lib] ==> [/opt/arrow/lib]
  collapse library dir [/opt/deps/ucx/lib/../lib] ==> [/opt/deps/ucx/lib]
  collapse library dir [/opt/ompi/lib/../lib] ==> [/opt/ompi/lib]
  collapse library dir [/home/xialb/lib/../lib] ==> [/home/xialb/lib]
  collapse library dir [/opt/deps/flex/lib/../lib] ==> [/opt/deps/flex/lib]
  collapse library dir [/opt/ompi/lib/../lib] ==> [/opt/ompi/lib]
  collapse library dir [/opt/deps/openpmix/lib/../lib] ==> [/opt/deps/openpmix/lib]
  collapse library dir [/opt/deps/prrte/lib/../lib] ==> [/opt/deps/prrte/lib]
  collapse library dir [/opt/ompi/lib/../lib] ==> [/opt/ompi/lib]
  collapse library dir [/opt/arrow/lib/../lib] ==> [/opt/arrow/lib]
  collapse library dir [/opt/deps/ucx/lib/../lib] ==> [/opt/deps/ucx/lib]
  collapse library dir [/opt/ompi/lib/../lib] ==> [/opt/ompi/lib]
  collapse library dir [/home/xialb/lib/../lib] ==> [/home/xialb/lib]
  collapse library dir [/opt/deps/flex/lib/../lib] ==> [/opt/deps/flex/lib]
  collapse library dir [/opt/ompi/lib/../lib] ==> [/opt/ompi/lib]
  collapse library dir [/opt/deps/openpmix/lib/../lib] ==> [/opt/deps/openpmix/lib]
  collapse library dir [/opt/deps/prrte/lib/../lib] ==> [/opt/deps/prrte/lib]
  collapse library dir [/opt/ompi/lib/../lib] ==> [/opt/ompi/lib]
  collapse library dir [/usr/lib/gcc/x86_64-pc-linux-gnu/12.2.0] ==> [/usr/lib/gcc/x86_64-pc-linux-gnu/12.2.0]
  collapse library dir [/usr/lib/gcc/x86_64-pc-linux-gnu/12.2.0/../../../../lib] ==> [/usr/lib]
  collapse library dir [/lib/../lib] ==> [/lib]
  collapse library dir [/usr/lib/../lib] ==> [/usr/lib]
  collapse library dir [/opt/arrow/lib] ==> [/opt/arrow/lib]
  collapse library dir [/opt/deps/ucx/lib] ==> [/opt/deps/ucx/lib]
  collapse library dir [/opt/ompi/lib] ==> [/opt/ompi/lib]
  collapse library dir [/home/xialb/lib] ==> [/home/xialb/lib]
  collapse library dir [/opt/deps/flex/lib] ==> [/opt/deps/flex/lib]
  collapse library dir [/opt/ompi/lib] ==> [/opt/ompi/lib]
  collapse library dir [/opt/deps/openpmix/lib] ==> [/opt/deps/openpmix/lib]
  collapse library dir [/opt/deps/prrte/lib] ==> [/opt/deps/prrte/lib]
  collapse library dir [/opt/ompi/lib] ==> [/opt/ompi/lib]
  collapse library dir [/opt/arrow/lib] ==> [/opt/arrow/lib]
  collapse library dir [/opt/deps/ucx/lib] ==> [/opt/deps/ucx/lib]
  collapse library dir [/opt/ompi/lib] ==> [/opt/ompi/lib]
  collapse library dir [/home/xialb/lib] ==> [/home/xialb/lib]
  collapse library dir [/opt/deps/flex/lib] ==> [/opt/deps/flex/lib]
  collapse library dir [/opt/ompi/lib] ==> [/opt/ompi/lib]
  collapse library dir [/opt/deps/openpmix/lib] ==> [/opt/deps/openpmix/lib]
  collapse library dir [/opt/deps/prrte/lib] ==> [/opt/deps/prrte/lib]
  collapse library dir [/opt/ompi/lib] ==> [/opt/ompi/lib]
  collapse library dir [/opt/arrow/lib] ==> [/opt/arrow/lib]
  collapse library dir [/opt/deps/ucx/lib] ==> [/opt/deps/ucx/lib]
  collapse library dir [/opt/ompi/lib] ==> [/opt/ompi/lib]
  collapse library dir [/home/xialb/lib] ==> [/home/xialb/lib]
  collapse library dir [/opt/deps/flex/lib] ==> [/opt/deps/flex/lib]
  collapse library dir [/opt/ompi/lib] ==> [/opt/ompi/lib]
  collapse library dir [/opt/deps/openpmix/lib] ==> [/opt/deps/openpmix/lib]
  collapse library dir [/opt/deps/prrte/lib] ==> [/opt/deps/prrte/lib]
  collapse library dir [/opt/ompi/lib] ==> [/opt/ompi/lib]
  collapse library dir [/usr/lib/gcc/x86_64-pc-linux-gnu/12.2.0/../../..] ==> [/usr/lib]
  implicit libs: [gcc;gcc_s;c;gcc;gcc_s]
  implicit objs: [/usr/lib/Scrt1.o;/usr/lib/crti.o;/usr/lib/gcc/x86_64-pc-linux-gnu/12.2.0/crtbeginS.o;/usr/lib/gcc/x86_64-pc-linux-gnu/12.2.0/crtendS.o;/usr/lib/crtn.o]
  implicit dirs: [/opt/arrow/lib;/opt/deps/ucx/lib;/opt/ompi/lib;/home/xialb/lib;/opt/deps/flex/lib;/opt/deps/openpmix/lib;/opt/deps/prrte/lib;/usr/lib/gcc/x86_64-pc-linux-gnu/12.2.0;/usr/lib;/lib]
  implicit fwks: []


Detecting CXX compiler ABI info compiled with the following output:
Change Dir: /home/xialb/git/spark/blaze/src/main/native/CMakeFiles/CMakeTmp

Run Build Command(s):/usr/bin/make -f Makefile cmTC_9a067/fast && /usr/bin/make  -f CMakeFiles/cmTC_9a067.dir/build.make CMakeFiles/cmTC_9a067.dir/build
make[1]: Entering directory '/home/xialb/git/spark/blaze/src/main/native/CMakeFiles/CMakeTmp'
Building CXX object CMakeFiles/cmTC_9a067.dir/CMakeCXXCompilerABI.cpp.o
/usr/bin/c++   -v -o CMakeFiles/cmTC_9a067.dir/CMakeCXXCompilerABI.cpp.o -c /usr/share/cmake/Modules/CMakeCXXCompilerABI.cpp
Using built-in specs.
COLLECT_GCC=/usr/bin/c++
Target: x86_64-pc-linux-gnu
Configured with: /build/gcc/src/gcc/configure --enable-languages=c,c++,ada,fortran,go,lto,objc,obj-c++,d --enable-bootstrap --prefix=/usr --libdir=/usr/lib --libexecdir=/usr/lib --mandir=/usr/share/man --infodir=/usr/share/info --with-bugurl=https://bugs.archlinux.org/ --with-build-config=bootstrap-lto --with-linker-hash-style=gnu --with-system-zlib --enable-__cxa_atexit --enable-cet=auto --enable-checking=release --enable-clocale=gnu --enable-default-pie --enable-default-ssp --enable-gnu-indirect-function --enable-gnu-unique-object --enable-libstdcxx-backtrace --enable-link-serialization=1 --enable-linker-build-id --enable-lto --enable-multilib --enable-plugin --enable-shared --enable-threads=posix --disable-libssp --disable-libstdcxx-pch --disable-werror
Thread model: posix
Supported LTO compression algorithms: zlib zstd
gcc version 12.2.0 (GCC) 
COLLECT_GCC_OPTIONS='-v' '-o' 'CMakeFiles/cmTC_9a067.dir/CMakeCXXCompilerABI.cpp.o' '-c' '-shared-libgcc' '-mtune=generic' '-march=x86-64' '-dumpdir' 'CMakeFiles/cmTC_9a067.dir/'
 /usr/lib/gcc/x86_64-pc-linux-gnu/12.2.0/cc1plus -quiet -v -D_GNU_SOURCE /usr/share/cmake/Modules/CMakeCXXCompilerABI.cpp -quiet -dumpdir CMakeFiles/cmTC_9a067.dir/ -dumpbase CMakeCXXCompilerABI.cpp.cpp -dumpbase-ext .cpp -mtune=generic -march=x86-64 -version -o /tmp/cc2d7VJt.s
GNU C++17 (GCC) version 12.2.0 (x86_64-pc-linux-gnu)
	compiled by GNU C version 12.2.0, GMP version 6.2.1, MPFR version 4.1.0-p13, MPC version 1.2.1, isl version isl-0.25-GMP

GGC heuristics: --param ggc-min-expand=100 --param ggc-min-heapsize=131072
ignoring nonexistent directory "usr/include/glib-2.0/include"
ignoring duplicate directory "/usr/lib/gcc/x86_64-pc-linux-gnu/12.2.0/../../../../include/c++/12.2.0"
ignoring nonexistent directory "/usr/lib/gcc/x86_64-pc-linux-gnu/12.2.0/../../../../x86_64-pc-linux-gnu/include"
ignoring duplicate directory "/usr/include"
#include "..." search starts here:
#include <...> search starts here:
 /opt/arrow/include
 /opt/ompi/include
 /usr/include/c++/12.2.0
 /usr/include
 /usr/include/glib-2.0
 /usr/include/gtk-4.0
 /usr/lib/gcc/x86_64-pc-linux-gnu/12.2.0/../../../../include/c++/12.2.0/x86_64-pc-linux-gnu
 /usr/lib/gcc/x86_64-pc-linux-gnu/12.2.0/../../../../include/c++/12.2.0/backward
 /usr/lib/gcc/x86_64-pc-linux-gnu/12.2.0/include
 /usr/local/include
 /usr/lib/gcc/x86_64-pc-linux-gnu/12.2.0/include-fixed
End of search list.
GNU C++17 (GCC) version 12.2.0 (x86_64-pc-linux-gnu)
	compiled by GNU C version 12.2.0, GMP version 6.2.1, MPFR version 4.1.0-p13, MPC version 1.2.1, isl version isl-0.25-GMP

GGC heuristics: --param ggc-min-expand=100 --param ggc-min-heapsize=131072
Compiler executable checksum: 402ce889a414e2a3abbbe3146fa0a6cb
COLLECT_GCC_OPTIONS='-v' '-o' 'CMakeFiles/cmTC_9a067.dir/CMakeCXXCompilerABI.cpp.o' '-c' '-shared-libgcc' '-mtune=generic' '-march=x86-64' '-dumpdir' 'CMakeFiles/cmTC_9a067.dir/'
 as -v --64 -o CMakeFiles/cmTC_9a067.dir/CMakeCXXCompilerABI.cpp.o /tmp/cc2d7VJt.s
GNU assembler version 2.39.0 (x86_64-pc-linux-gnu) using BFD version (GNU Binutils) 2.39.0
COMPILER_PATH=/usr/lib/gcc/x86_64-pc-linux-gnu/12.2.0/:/usr/lib/gcc/x86_64-pc-linux-gnu/12.2.0/:/usr/lib/gcc/x86_64-pc-linux-gnu/:/usr/lib/gcc/x86_64-pc-linux-gnu/12.2.0/:/usr/lib/gcc/x86_64-pc-linux-gnu/
LIBRARY_PATH=/opt/arrow/lib/../lib/:/opt/deps/ucx/lib/../lib/:/opt/ompi/lib/../lib/:/home/xialb/lib/../lib/:/opt/deps/flex/lib/../lib/:/opt/ompi/lib/../lib/:/opt/deps/openpmix/lib/../lib/:/opt/deps/prrte/lib/../lib/:/opt/ompi/lib/../lib/:/opt/arrow/lib/../lib/:/opt/deps/ucx/lib/../lib/:/opt/ompi/lib/../lib/:/home/xialb/lib/../lib/:/opt/deps/flex/lib/../lib/:/opt/ompi/lib/../lib/:/opt/deps/openpmix/lib/../lib/:/opt/deps/prrte/lib/../lib/:/opt/ompi/lib/../lib/:/opt/arrow/lib/../lib/:/opt/deps/ucx/lib/../lib/:/opt/ompi/lib/../lib/:/home/xialb/lib/../lib/:/opt/deps/flex/lib/../lib/:/opt/ompi/lib/../lib/:/opt/deps/openpmix/lib/../lib/:/opt/deps/prrte/lib/../lib/:/opt/ompi/lib/../lib/:/usr/lib/gcc/x86_64-pc-linux-gnu/12.2.0/:/usr/lib/gcc/x86_64-pc-linux-gnu/12.2.0/../../../../lib/:/lib/../lib/:/usr/lib/../lib/:/opt/arrow/lib/:/opt/deps/ucx/lib/:/opt/ompi/lib/:/home/xialb/lib/:/opt/deps/flex/lib/:/opt/ompi/lib/:/opt/deps/openpmix/lib/:/opt/deps/prrte/lib/:/opt/ompi/lib/:/opt/arrow/lib/:/opt/deps/ucx/lib/:/opt/ompi/lib/:/home/xialb/lib/:/opt/deps/flex/lib/:/opt/ompi/lib/:/opt/deps/openpmix/lib/:/opt/deps/prrte/lib/:/opt/ompi/lib/:/opt/arrow/lib/:/opt/deps/ucx/lib/:/opt/ompi/lib/:/home/xialb/lib/:/opt/deps/flex/lib/:/opt/ompi/lib/:/opt/deps/openpmix/lib/:/opt/deps/prrte/lib/:/opt/ompi/lib/:./:/usr/lib/gcc/x86_64-pc-linux-gnu/12.2.0/../../../:/lib/:/usr/lib/
COLLECT_GCC_OPTIONS='-v' '-o' 'CMakeFiles/cmTC_9a067.dir/CMakeCXXCompilerABI.cpp.o' '-c' '-shared-libgcc' '-mtune=generic' '-march=x86-64' '-dumpdir' 'CMakeFiles/cmTC_9a067.dir/CMakeCXXCompilerABI.cpp.'
Linking CXX executable cmTC_9a067
/usr/bin/cmake -E cmake_link_script CMakeFiles/cmTC_9a067.dir/link.txt --verbose=1
/usr/bin/c++  -v CMakeFiles/cmTC_9a067.dir/CMakeCXXCompilerABI.cpp.o -o cmTC_9a067 
Using built-in specs.
COLLECT_GCC=/usr/bin/c++
COLLECT_LTO_WRAPPER=/usr/lib/gcc/x86_64-pc-linux-gnu/12.2.0/lto-wrapper
Target: x86_64-pc-linux-gnu
Configured with: /build/gcc/src/gcc/configure --enable-languages=c,c++,ada,fortran,go,lto,objc,obj-c++,d --enable-bootstrap --prefix=/usr --libdir=/usr/lib --libexecdir=/usr/lib --mandir=/usr/share/man --infodir=/usr/share/info --with-bugurl=https://bugs.archlinux.org/ --with-build-config=bootstrap-lto --with-linker-hash-style=gnu --with-system-zlib --enable-__cxa_atexit --enable-cet=auto --enable-checking=release --enable-clocale=gnu --enable-default-pie --enable-default-ssp --enable-gnu-indirect-function --enable-gnu-unique-object --enable-libstdcxx-backtrace --enable-link-serialization=1 --enable-linker-build-id --enable-lto --enable-multilib --enable-plugin --enable-shared --enable-threads=posix --disable-libssp --disable-libstdcxx-pch --disable-werror
Thread model: posix
Supported LTO compression algorithms: zlib zstd
gcc version 12.2.0 (GCC) 
COMPILER_PATH=/usr/lib/gcc/x86_64-pc-linux-gnu/12.2.0/:/usr/lib/gcc/x86_64-pc-linux-gnu/12.2.0/:/usr/lib/gcc/x86_64-pc-linux-gnu/:/usr/lib/gcc/x86_64-pc-linux-gnu/12.2.0/:/usr/lib/gcc/x86_64-pc-linux-gnu/
LIBRARY_PATH=/opt/arrow/lib/../lib/:/opt/deps/ucx/lib/../lib/:/opt/ompi/lib/../lib/:/home/xialb/lib/../lib/:/opt/deps/flex/lib/../lib/:/opt/ompi/lib/../lib/:/opt/deps/openpmix/lib/../lib/:/opt/deps/prrte/lib/../lib/:/opt/ompi/lib/../lib/:/opt/arrow/lib/../lib/:/opt/deps/ucx/lib/../lib/:/opt/ompi/lib/../lib/:/home/xialb/lib/../lib/:/opt/deps/flex/lib/../lib/:/opt/ompi/lib/../lib/:/opt/deps/openpmix/lib/../lib/:/opt/deps/prrte/lib/../lib/:/opt/ompi/lib/../lib/:/opt/arrow/lib/../lib/:/opt/deps/ucx/lib/../lib/:/opt/ompi/lib/../lib/:/home/xialb/lib/../lib/:/opt/deps/flex/lib/../lib/:/opt/ompi/lib/../lib/:/opt/deps/openpmix/lib/../lib/:/opt/deps/prrte/lib/../lib/:/opt/ompi/lib/../lib/:/usr/lib/gcc/x86_64-pc-linux-gnu/12.2.0/:/usr/lib/gcc/x86_64-pc-linux-gnu/12.2.0/../../../../lib/:/lib/../lib/:/usr/lib/../lib/:/opt/arrow/lib/:/opt/deps/ucx/lib/:/opt/ompi/lib/:/home/xialb/lib/:/opt/deps/flex/lib/:/opt/ompi/lib/:/opt/deps/openpmix/lib/:/opt/deps/prrte/lib/:/opt/ompi/lib/:/opt/arrow/lib/:/opt/deps/ucx/lib/:/opt/ompi/lib/:/home/xialb/lib/:/opt/deps/flex/lib/:/opt/ompi/lib/:/opt/deps/openpmix/lib/:/opt/deps/prrte/lib/:/opt/ompi/lib/:/opt/arrow/lib/:/opt/deps/ucx/lib/:/opt/ompi/lib/:/home/xialb/lib/:/opt/deps/flex/lib/:/opt/ompi/lib/:/opt/deps/openpmix/lib/:/opt/deps/prrte/lib/:/opt/ompi/lib/:./:/usr/lib/gcc/x86_64-pc-linux-gnu/12.2.0/../../../:/lib/:/usr/lib/
COLLECT_GCC_OPTIONS='-v' '-o' 'cmTC_9a067' '-shared-libgcc' '-mtune=generic' '-march=x86-64' '-dumpdir' 'cmTC_9a067.'
 /usr/lib/gcc/x86_64-pc-linux-gnu/12.2.0/collect2 -plugin /usr/lib/gcc/x86_64-pc-linux-gnu/12.2.0/liblto_plugin.so -plugin-opt=/usr/lib/gcc/x86_64-pc-linux-gnu/12.2.0/lto-wrapper -plugin-opt=-fresolution=/tmp/ccnGf9kW.res -plugin-opt=-pass-through=-lgcc_s -plugin-opt=-pass-through=-lgcc -plugin-opt=-pass-through=-lc -plugin-opt=-pass-through=-lgcc_s -plugin-opt=-pass-through=-lgcc --build-id --eh-frame-hdr --hash-style=gnu -m elf_x86_64 -dynamic-linker /lib64/ld-linux-x86-64.so.2 -pie -o cmTC_9a067 /usr/lib/gcc/x86_64-pc-linux-gnu/12.2.0/../../../../lib/Scrt1.o /usr/lib/gcc/x86_64-pc-linux-gnu/12.2.0/../../../../lib/crti.o /usr/lib/gcc/x86_64-pc-linux-gnu/12.2.0/crtbeginS.o -L/opt/arrow/lib/../lib -L/opt/deps/ucx/lib/../lib -L/opt/ompi/lib/../lib -L/home/xialb/lib/../lib -L/opt/deps/flex/lib/../lib -L/opt/ompi/lib/../lib -L/opt/deps/openpmix/lib/../lib -L/opt/deps/prrte/lib/../lib -L/opt/ompi/lib/../lib -L/opt/arrow/lib/../lib -L/opt/deps/ucx/lib/../lib -L/opt/ompi/lib/../lib -L/home/xialb/lib/../lib -L/opt/deps/flex/lib/../lib -L/opt/ompi/lib/../lib -L/opt/deps/openpmix/lib/../lib -L/opt/deps/prrte/lib/../lib -L/opt/ompi/lib/../lib -L/opt/arrow/lib/../lib -L/opt/deps/ucx/lib/../lib -L/opt/ompi/lib/../lib -L/home/xialb/lib/../lib -L/opt/deps/flex/lib/../lib -L/opt/ompi/lib/../lib -L/opt/deps/openpmix/lib/../lib -L/opt/deps/prrte/lib/../lib -L/opt/ompi/lib/../lib -L/usr/lib/gcc/x86_64-pc-linux-gnu/12.2.0 -L/usr/lib/gcc/x86_64-pc-linux-gnu/12.2.0/../../../../lib -L/lib/../lib -L/usr/lib/../lib -L/opt/arrow/lib -L/opt/deps/ucx/lib -L/opt/ompi/lib -L/home/xialb/lib -L/opt/deps/flex/lib -L/opt/ompi/lib -L/opt/deps/openpmix/lib -L/opt/deps/prrte/lib -L/opt/ompi/lib -L/opt/arrow/lib -L/opt/deps/ucx/lib -L/opt/ompi/lib -L/home/xialb/lib -L/opt/deps/flex/lib -L/opt/ompi/lib -L/opt/deps/openpmix/lib -L/opt/deps/prrte/lib -L/opt/ompi/lib -L/opt/arrow/lib -L/opt/deps/ucx/lib -L/opt/ompi/lib -L/home/xialb/lib -L/opt/deps/flex/lib -L/opt/ompi/lib -L/opt/deps/openpmix/lib -L/opt/deps/prrte/lib -L/opt/ompi/lib -L. -L/usr/lib/gcc/x86_64-pc-linux-gnu/12.2.0/../../.. CMakeFiles/cmTC_9a067.dir/CMakeCXXCompilerABI.cpp.o -lstdc++ -lm -lgcc_s -lgcc -lc -lgcc_s -lgcc /usr/lib/gcc/x86_64-pc-linux-gnu/12.2.0/crtendS.o /usr/lib/gcc/x86_64-pc-linux-gnu/12.2.0/../../../../lib/crtn.o
COLLECT_GCC_OPTIONS='-v' '-o' 'cmTC_9a067' '-shared-libgcc' '-mtune=generic' '-march=x86-64' '-dumpdir' 'cmTC_9a067.'
make[1]: Leaving directory '/home/xialb/git/spark/blaze/src/main/native/CMakeFiles/CMakeTmp'



Parsed CXX implicit include dir info from above output: rv=done
  found start of include info
  found start of implicit include info
    add: [/opt/arrow/include]
    add: [/opt/ompi/include]
    add: [/usr/include/c++/12.2.0]
    add: [/usr/include]
    add: [/usr/include/glib-2.0]
    add: [/usr/include/gtk-4.0]
    add: [/usr/lib/gcc/x86_64-pc-linux-gnu/12.2.0/../../../../include/c++/12.2.0/x86_64-pc-linux-gnu]
    add: [/usr/lib/gcc/x86_64-pc-linux-gnu/12.2.0/../../../../include/c++/12.2.0/backward]
    add: [/usr/lib/gcc/x86_64-pc-linux-gnu/12.2.0/include]
    add: [/usr/local/include]
    add: [/usr/lib/gcc/x86_64-pc-linux-gnu/12.2.0/include-fixed]
  end of search list found
  collapse include dir [/opt/arrow/include] ==> [/opt/arrow/include]
  collapse include dir [/opt/ompi/include] ==> [/opt/ompi/include]
  collapse include dir [/usr/include/c++/12.2.0] ==> [/usr/include/c++/12.2.0]
  collapse include dir [/usr/include] ==> [/usr/include]
  collapse include dir [/usr/include/glib-2.0] ==> [/usr/include/glib-2.0]
  collapse include dir [/usr/include/gtk-4.0] ==> [/usr/include/gtk-4.0]
  collapse include dir [/usr/lib/gcc/x86_64-pc-linux-gnu/12.2.0/../../../../include/c++/12.2.0/x86_64-pc-linux-gnu] ==> [/usr/include/c++/12.2.0/x86_64-pc-linux-gnu]
  collapse include dir [/usr/lib/gcc/x86_64-pc-linux-gnu/12.2.0/../../../../include/c++/12.2.0/backward] ==> [/usr/include/c++/12.2.0/backward]
  collapse include dir [/usr/lib/gcc/x86_64-pc-linux-gnu/12.2.0/include] ==> [/usr/lib/gcc/x86_64-pc-linux-gnu/12.2.0/include]
  collapse include dir [/usr/local/include] ==> [/usr/local/include]
  collapse include dir [/usr/lib/gcc/x86_64-pc-linux-gnu/12.2.0/include-fixed] ==> [/usr/lib/gcc/x86_64-pc-linux-gnu/12.2.0/include-fixed]
  implicit include dirs: [/opt/arrow/include;/opt/ompi/include;/usr/include/c++/12.2.0;/usr/include;/usr/include/glib-2.0;/usr/include/gtk-4.0;/usr/include/c++/12.2.0/x86_64-pc-linux-gnu;/usr/include/c++/12.2.0/backward;/usr/lib/gcc/x86_64-pc-linux-gnu/12.2.0/include;/usr/local/include;/usr/lib/gcc/x86_64-pc-linux-gnu/12.2.0/include-fixed]


Parsed CXX implicit link information from above output:
  link line regex: [^( *|.*[/\])(ld|CMAKE_LINK_STARTFILE-NOTFOUND|([^/\]+-)?ld|collect2)[^/\]*( |$)]
  ignore line: [Change Dir: /home/xialb/git/spark/blaze/src/main/native/CMakeFiles/CMakeTmp]
  ignore line: []
  ignore line: [Run Build Command(s):/usr/bin/make -f Makefile cmTC_9a067/fast && /usr/bin/make  -f CMakeFiles/cmTC_9a067.dir/build.make CMakeFiles/cmTC_9a067.dir/build]
  ignore line: [make[1]: Entering directory '/home/xialb/git/spark/blaze/src/main/native/CMakeFiles/CMakeTmp']
  ignore line: [Building CXX object CMakeFiles/cmTC_9a067.dir/CMakeCXXCompilerABI.cpp.o]
  ignore line: [/usr/bin/c++   -v -o CMakeFiles/cmTC_9a067.dir/CMakeCXXCompilerABI.cpp.o -c /usr/share/cmake/Modules/CMakeCXXCompilerABI.cpp]
  ignore line: [Using built-in specs.]
  ignore line: [COLLECT_GCC=/usr/bin/c++]
  ignore line: [Target: x86_64-pc-linux-gnu]
  ignore line: [Configured with: /build/gcc/src/gcc/configure --enable-languages=c c++ ada fortran go lto objc obj-c++ d --enable-bootstrap --prefix=/usr --libdir=/usr/lib --libexecdir=/usr/lib --mandir=/usr/share/man --infodir=/usr/share/info --with-bugurl=https://bugs.archlinux.org/ --with-build-config=bootstrap-lto --with-linker-hash-style=gnu --with-system-zlib --enable-__cxa_atexit --enable-cet=auto --enable-checking=release --enable-clocale=gnu --enable-default-pie --enable-default-ssp --enable-gnu-indirect-function --enable-gnu-unique-object --enable-libstdcxx-backtrace --enable-link-serialization=1 --enable-linker-build-id --enable-lto --enable-multilib --enable-plugin --enable-shared --enable-threads=posix --disable-libssp --disable-libstdcxx-pch --disable-werror]
  ignore line: [Thread model: posix]
  ignore line: [Supported LTO compression algorithms: zlib zstd]
  ignore line: [gcc version 12.2.0 (GCC) ]
  ignore line: [COLLECT_GCC_OPTIONS='-v' '-o' 'CMakeFiles/cmTC_9a067.dir/CMakeCXXCompilerABI.cpp.o' '-c' '-shared-libgcc' '-mtune=generic' '-march=x86-64' '-dumpdir' 'CMakeFiles/cmTC_9a067.dir/']
  ignore line: [ /usr/lib/gcc/x86_64-pc-linux-gnu/12.2.0/cc1plus -quiet -v -D_GNU_SOURCE /usr/share/cmake/Modules/CMakeCXXCompilerABI.cpp -quiet -dumpdir CMakeFiles/cmTC_9a067.dir/ -dumpbase CMakeCXXCompilerABI.cpp.cpp -dumpbase-ext .cpp -mtune=generic -march=x86-64 -version -o /tmp/cc2d7VJt.s]
  ignore line: [GNU C++17 (GCC) version 12.2.0 (x86_64-pc-linux-gnu)]
  ignore line: [	compiled by GNU C version 12.2.0  GMP version 6.2.1  MPFR version 4.1.0-p13  MPC version 1.2.1  isl version isl-0.25-GMP]
  ignore line: []
  ignore line: [GGC heuristics: --param ggc-min-expand=100 --param ggc-min-heapsize=131072]
  ignore line: [ignoring nonexistent directory "usr/include/glib-2.0/include"]
  ignore line: [ignoring duplicate directory "/usr/lib/gcc/x86_64-pc-linux-gnu/12.2.0/../../../../include/c++/12.2.0"]
  ignore line: [ignoring nonexistent directory "/usr/lib/gcc/x86_64-pc-linux-gnu/12.2.0/../../../../x86_64-pc-linux-gnu/include"]
  ignore line: [ignoring duplicate directory "/usr/include"]
  ignore line: [#include "..." search starts here:]
  ignore line: [#include <...> search starts here:]
  ignore line: [ /opt/arrow/include]
  ignore line: [ /opt/ompi/include]
  ignore line: [ /usr/include/c++/12.2.0]
  ignore line: [ /usr/include]
  ignore line: [ /usr/include/glib-2.0]
  ignore line: [ /usr/include/gtk-4.0]
  ignore line: [ /usr/lib/gcc/x86_64-pc-linux-gnu/12.2.0/../../../../include/c++/12.2.0/x86_64-pc-linux-gnu]
  ignore line: [ /usr/lib/gcc/x86_64-pc-linux-gnu/12.2.0/../../../../include/c++/12.2.0/backward]
  ignore line: [ /usr/lib/gcc/x86_64-pc-linux-gnu/12.2.0/include]
  ignore line: [ /usr/local/include]
  ignore line: [ /usr/lib/gcc/x86_64-pc-linux-gnu/12.2.0/include-fixed]
  ignore line: [End of search list.]
  ignore line: [GNU C++17 (GCC) version 12.2.0 (x86_64-pc-linux-gnu)]
  ignore line: [	compiled by GNU C version 12.2.0  GMP version 6.2.1  MPFR version 4.1.0-p13  MPC version 1.2.1  isl version isl-0.25-GMP]
  ignore line: []
  ignore line: [GGC heuristics: --param ggc-min-expand=100 --param ggc-min-heapsize=131072]
  ignore line: [Compiler executable checksum: 402ce889a414e2a3abbbe3146fa0a6cb]
  ignore line: [COLLECT_GCC_OPTIONS='-v' '-o' 'CMakeFiles/cmTC_9a067.dir/CMakeCXXCompilerABI.cpp.o' '-c' '-shared-libgcc' '-mtune=generic' '-march=x86-64' '-dumpdir' 'CMakeFiles/cmTC_9a067.dir/']
  ignore line: [ as -v --64 -o CMakeFiles/cmTC_9a067.dir/CMakeCXXCompilerABI.cpp.o /tmp/cc2d7VJt.s]
  ignore line: [GNU assembler version 2.39.0 (x86_64-pc-linux-gnu) using BFD version (GNU Binutils) 2.39.0]
  ignore line: [COMPILER_PATH=/usr/lib/gcc/x86_64-pc-linux-gnu/12.2.0/:/usr/lib/gcc/x86_64-pc-linux-gnu/12.2.0/:/usr/lib/gcc/x86_64-pc-linux-gnu/:/usr/lib/gcc/x86_64-pc-linux-gnu/12.2.0/:/usr/lib/gcc/x86_64-pc-linux-gnu/]
  ignore line: [LIBRARY_PATH=/opt/arrow/lib/../lib/:/opt/deps/ucx/lib/../lib/:/opt/ompi/lib/../lib/:/home/xialb/lib/../lib/:/opt/deps/flex/lib/../lib/:/opt/ompi/lib/../lib/:/opt/deps/openpmix/lib/../lib/:/opt/deps/prrte/lib/../lib/:/opt/ompi/lib/../lib/:/opt/arrow/lib/../lib/:/opt/deps/ucx/lib/../lib/:/opt/ompi/lib/../lib/:/home/xialb/lib/../lib/:/opt/deps/flex/lib/../lib/:/opt/ompi/lib/../lib/:/opt/deps/openpmix/lib/../lib/:/opt/deps/prrte/lib/../lib/:/opt/ompi/lib/../lib/:/opt/arrow/lib/../lib/:/opt/deps/ucx/lib/../lib/:/opt/ompi/lib/../lib/:/home/xialb/lib/../lib/:/opt/deps/flex/lib/../lib/:/opt/ompi/lib/../lib/:/opt/deps/openpmix/lib/../lib/:/opt/deps/prrte/lib/../lib/:/opt/ompi/lib/../lib/:/usr/lib/gcc/x86_64-pc-linux-gnu/12.2.0/:/usr/lib/gcc/x86_64-pc-linux-gnu/12.2.0/../../../../lib/:/lib/../lib/:/usr/lib/../lib/:/opt/arrow/lib/:/opt/deps/ucx/lib/:/opt/ompi/lib/:/home/xialb/lib/:/opt/deps/flex/lib/:/opt/ompi/lib/:/opt/deps/openpmix/lib/:/opt/deps/prrte/lib/:/opt/ompi/lib/:/opt/arrow/lib/:/opt/deps/ucx/lib/:/opt/ompi/lib/:/home/xialb/lib/:/opt/deps/flex/lib/:/opt/ompi/lib/:/opt/deps/openpmix/lib/:/opt/deps/prrte/lib/:/opt/ompi/lib/:/opt/arrow/lib/:/opt/deps/ucx/lib/:/opt/ompi/lib/:/home/xialb/lib/:/opt/deps/flex/lib/:/opt/ompi/lib/:/opt/deps/openpmix/lib/:/opt/deps/prrte/lib/:/opt/ompi/lib/:./:/usr/lib/gcc/x86_64-pc-linux-gnu/12.2.0/../../../:/lib/:/usr/lib/]
  ignore line: [COLLECT_GCC_OPTIONS='-v' '-o' 'CMakeFiles/cmTC_9a067.dir/CMakeCXXCompilerABI.cpp.o' '-c' '-shared-libgcc' '-mtune=generic' '-march=x86-64' '-dumpdir' 'CMakeFiles/cmTC_9a067.dir/CMakeCXXCompilerABI.cpp.']
  ignore line: [Linking CXX executable cmTC_9a067]
  ignore line: [/usr/bin/cmake -E cmake_link_script CMakeFiles/cmTC_9a067.dir/link.txt --verbose=1]
  ignore line: [/usr/bin/c++  -v CMakeFiles/cmTC_9a067.dir/CMakeCXXCompilerABI.cpp.o -o cmTC_9a067 ]
  ignore line: [Using built-in specs.]
  ignore line: [COLLECT_GCC=/usr/bin/c++]
  ignore line: [COLLECT_LTO_WRAPPER=/usr/lib/gcc/x86_64-pc-linux-gnu/12.2.0/lto-wrapper]
  ignore line: [Target: x86_64-pc-linux-gnu]
  ignore line: [Configured with: /build/gcc/src/gcc/configure --enable-languages=c c++ ada fortran go lto objc obj-c++ d --enable-bootstrap --prefix=/usr --libdir=/usr/lib --libexecdir=/usr/lib --mandir=/usr/share/man --infodir=/usr/share/info --with-bugurl=https://bugs.archlinux.org/ --with-build-config=bootstrap-lto --with-linker-hash-style=gnu --with-system-zlib --enable-__cxa_atexit --enable-cet=auto --enable-checking=release --enable-clocale=gnu --enable-default-pie --enable-default-ssp --enable-gnu-indirect-function --enable-gnu-unique-object --enable-libstdcxx-backtrace --enable-link-serialization=1 --enable-linker-build-id --enable-lto --enable-multilib --enable-plugin --enable-shared --enable-threads=posix --disable-libssp --disable-libstdcxx-pch --disable-werror]
  ignore line: [Thread model: posix]
  ignore line: [Supported LTO compression algorithms: zlib zstd]
  ignore line: [gcc version 12.2.0 (GCC) ]
  ignore line: [COMPILER_PATH=/usr/lib/gcc/x86_64-pc-linux-gnu/12.2.0/:/usr/lib/gcc/x86_64-pc-linux-gnu/12.2.0/:/usr/lib/gcc/x86_64-pc-linux-gnu/:/usr/lib/gcc/x86_64-pc-linux-gnu/12.2.0/:/usr/lib/gcc/x86_64-pc-linux-gnu/]
  ignore line: [LIBRARY_PATH=/opt/arrow/lib/../lib/:/opt/deps/ucx/lib/../lib/:/opt/ompi/lib/../lib/:/home/xialb/lib/../lib/:/opt/deps/flex/lib/../lib/:/opt/ompi/lib/../lib/:/opt/deps/openpmix/lib/../lib/:/opt/deps/prrte/lib/../lib/:/opt/ompi/lib/../lib/:/opt/arrow/lib/../lib/:/opt/deps/ucx/lib/../lib/:/opt/ompi/lib/../lib/:/home/xialb/lib/../lib/:/opt/deps/flex/lib/../lib/:/opt/ompi/lib/../lib/:/opt/deps/openpmix/lib/../lib/:/opt/deps/prrte/lib/../lib/:/opt/ompi/lib/../lib/:/opt/arrow/lib/../lib/:/opt/deps/ucx/lib/../lib/:/opt/ompi/lib/../lib/:/home/xialb/lib/../lib/:/opt/deps/flex/lib/../lib/:/opt/ompi/lib/../lib/:/opt/deps/openpmix/lib/../lib/:/opt/deps/prrte/lib/../lib/:/opt/ompi/lib/../lib/:/usr/lib/gcc/x86_64-pc-linux-gnu/12.2.0/:/usr/lib/gcc/x86_64-pc-linux-gnu/12.2.0/../../../../lib/:/lib/../lib/:/usr/lib/../lib/:/opt/arrow/lib/:/opt/deps/ucx/lib/:/opt/ompi/lib/:/home/xialb/lib/:/opt/deps/flex/lib/:/opt/ompi/lib/:/opt/deps/openpmix/lib/:/opt/deps/prrte/lib/:/opt/ompi/lib/:/opt/arrow/lib/:/opt/deps/ucx/lib/:/opt/ompi/lib/:/home/xialb/lib/:/opt/deps/flex/lib/:/opt/ompi/lib/:/opt/deps/openpmix/lib/:/opt/deps/prrte/lib/:/opt/ompi/lib/:/opt/arrow/lib/:/opt/deps/ucx/lib/:/opt/ompi/lib/:/home/xialb/lib/:/opt/deps/flex/lib/:/opt/ompi/lib/:/opt/deps/openpmix/lib/:/opt/deps/prrte/lib/:/opt/ompi/lib/:./:/usr/lib/gcc/x86_64-pc-linux-gnu/12.2.0/../../../:/lib/:/usr/lib/]
  ignore line: [COLLECT_GCC_OPTIONS='-v' '-o' 'cmTC_9a067' '-shared-libgcc' '-mtune=generic' '-march=x86-64' '-dumpdir' 'cmTC_9a067.']
  link line: [ /usr/lib/gcc/x86_64-pc-linux-gnu/12.2.0/collect2 -plugin /usr/lib/gcc/x86_64-pc-linux-gnu/12.2.0/liblto_plugin.so -plugin-opt=/usr/lib/gcc/x86_64-pc-linux-gnu/12.2.0/lto-wrapper -plugin-opt=-fresolution=/tmp/ccnGf9kW.res -plugin-opt=-pass-through=-lgcc_s -plugin-opt=-pass-through=-lgcc -plugin-opt=-pass-through=-lc -plugin-opt=-pass-through=-lgcc_s -plugin-opt=-pass-through=-lgcc --build-id --eh-frame-hdr --hash-style=gnu -m elf_x86_64 -dynamic-linker /lib64/ld-linux-x86-64.so.2 -pie -o cmTC_9a067 /usr/lib/gcc/x86_64-pc-linux-gnu/12.2.0/../../../../lib/Scrt1.o /usr/lib/gcc/x86_64-pc-linux-gnu/12.2.0/../../../../lib/crti.o /usr/lib/gcc/x86_64-pc-linux-gnu/12.2.0/crtbeginS.o -L/opt/arrow/lib/../lib -L/opt/deps/ucx/lib/../lib -L/opt/ompi/lib/../lib -L/home/xialb/lib/../lib -L/opt/deps/flex/lib/../lib -L/opt/ompi/lib/../lib -L/opt/deps/openpmix/lib/../lib -L/opt/deps/prrte/lib/../lib -L/opt/ompi/lib/../lib -L/opt/arrow/lib/../lib -L/opt/deps/ucx/lib/../lib -L/opt/ompi/lib/../lib -L/home/xialb/lib/../lib -L/opt/deps/flex/lib/../lib -L/opt/ompi/lib/../lib -L/opt/deps/openpmix/lib/../lib -L/opt/deps/prrte/lib/../lib -L/opt/ompi/lib/../lib -L/opt/arrow/lib/../lib -L/opt/deps/ucx/lib/../lib -L/opt/ompi/lib/../lib -L/home/xialb/lib/../lib -L/opt/deps/flex/lib/../lib -L/opt/ompi/lib/../lib -L/opt/deps/openpmix/lib/../lib -L/opt/deps/prrte/lib/../lib -L/opt/ompi/lib/../lib -L/usr/lib/gcc/x86_64-pc-linux-gnu/12.2.0 -L/usr/lib/gcc/x86_64-pc-linux-gnu/12.2.0/../../../../lib -L/lib/../lib -L/usr/lib/../lib -L/opt/arrow/lib -L/opt/deps/ucx/lib -L/opt/ompi/lib -L/home/xialb/lib -L/opt/deps/flex/lib -L/opt/ompi/lib -L/opt/deps/openpmix/lib -L/opt/deps/prrte/lib -L/opt/ompi/lib -L/opt/arrow/lib -L/opt/deps/ucx/lib -L/opt/ompi/lib -L/home/xialb/lib -L/opt/deps/flex/lib -L/opt/ompi/lib -L/opt/deps/openpmix/lib -L/opt/deps/prrte/lib -L/opt/ompi/lib -L/opt/arrow/lib -L/opt/deps/ucx/lib -L/opt/ompi/lib -L/home/xialb/lib -L/opt/deps/flex/lib -L/opt/ompi/lib -L/opt/deps/openpmix/lib -L/opt/deps/prrte/lib -L/opt/ompi/lib -L. -L/usr/lib/gcc/x86_64-pc-linux-gnu/12.2.0/../../.. CMakeFiles/cmTC_9a067.dir/CMakeCXXCompilerABI.cpp.o -lstdc++ -lm -lgcc_s -lgcc -lc -lgcc_s -lgcc /usr/lib/gcc/x86_64-pc-linux-gnu/12.2.0/crtendS.o /usr/lib/gcc/x86_64-pc-linux-gnu/12.2.0/../../../../lib/crtn.o]
    arg [/usr/lib/gcc/x86_64-pc-linux-gnu/12.2.0/collect2] ==> ignore
    arg [-plugin] ==> ignore
    arg [/usr/lib/gcc/x86_64-pc-linux-gnu/12.2.0/liblto_plugin.so] ==> ignore
    arg [-plugin-opt=/usr/lib/gcc/x86_64-pc-linux-gnu/12.2.0/lto-wrapper] ==> ignore
    arg [-plugin-opt=-fresolution=/tmp/ccnGf9kW.res] ==> ignore
    arg [-plugin-opt=-pass-through=-lgcc_s] ==> ignore
    arg [-plugin-opt=-pass-through=-lgcc] ==> ignore
    arg [-plugin-opt=-pass-through=-lc] ==> ignore
    arg [-plugin-opt=-pass-through=-lgcc_s] ==> ignore
    arg [-plugin-opt=-pass-through=-lgcc] ==> ignore
    arg [--build-id] ==> ignore
    arg [--eh-frame-hdr] ==> ignore
    arg [--hash-style=gnu] ==> ignore
    arg [-m] ==> ignore
    arg [elf_x86_64] ==> ignore
    arg [-dynamic-linker] ==> ignore
    arg [/lib64/ld-linux-x86-64.so.2] ==> ignore
    arg [-pie] ==> ignore
    arg [-o] ==> ignore
    arg [cmTC_9a067] ==> ignore
    arg [/usr/lib/gcc/x86_64-pc-linux-gnu/12.2.0/../../../../lib/Scrt1.o] ==> obj [/usr/lib/gcc/x86_64-pc-linux-gnu/12.2.0/../../../../lib/Scrt1.o]
    arg [/usr/lib/gcc/x86_64-pc-linux-gnu/12.2.0/../../../../lib/crti.o] ==> obj [/usr/lib/gcc/x86_64-pc-linux-gnu/12.2.0/../../../../lib/crti.o]
    arg [/usr/lib/gcc/x86_64-pc-linux-gnu/12.2.0/crtbeginS.o] ==> obj [/usr/lib/gcc/x86_64-pc-linux-gnu/12.2.0/crtbeginS.o]
    arg [-L/opt/arrow/lib/../lib] ==> dir [/opt/arrow/lib/../lib]
    arg [-L/opt/deps/ucx/lib/../lib] ==> dir [/opt/deps/ucx/lib/../lib]
    arg [-L/opt/ompi/lib/../lib] ==> dir [/opt/ompi/lib/../lib]
    arg [-L/home/xialb/lib/../lib] ==> dir [/home/xialb/lib/../lib]
    arg [-L/opt/deps/flex/lib/../lib] ==> dir [/opt/deps/flex/lib/../lib]
    arg [-L/opt/ompi/lib/../lib] ==> dir [/opt/ompi/lib/../lib]
    arg [-L/opt/deps/openpmix/lib/../lib] ==> dir [/opt/deps/openpmix/lib/../lib]
    arg [-L/opt/deps/prrte/lib/../lib] ==> dir [/opt/deps/prrte/lib/../lib]
    arg [-L/opt/ompi/lib/../lib] ==> dir [/opt/ompi/lib/../lib]
    arg [-L/opt/arrow/lib/../lib] ==> dir [/opt/arrow/lib/../lib]
    arg [-L/opt/deps/ucx/lib/../lib] ==> dir [/opt/deps/ucx/lib/../lib]
    arg [-L/opt/ompi/lib/../lib] ==> dir [/opt/ompi/lib/../lib]
    arg [-L/home/xialb/lib/../lib] ==> dir [/home/xialb/lib/../lib]
    arg [-L/opt/deps/flex/lib/../lib] ==> dir [/opt/deps/flex/lib/../lib]
    arg [-L/opt/ompi/lib/../lib] ==> dir [/opt/ompi/lib/../lib]
    arg [-L/opt/deps/openpmix/lib/../lib] ==> dir [/opt/deps/openpmix/lib/../lib]
    arg [-L/opt/deps/prrte/lib/../lib] ==> dir [/opt/deps/prrte/lib/../lib]
    arg [-L/opt/ompi/lib/../lib] ==> dir [/opt/ompi/lib/../lib]
    arg [-L/opt/arrow/lib/../lib] ==> dir [/opt/arrow/lib/../lib]
    arg [-L/opt/deps/ucx/lib/../lib] ==> dir [/opt/deps/ucx/lib/../lib]
    arg [-L/opt/ompi/lib/../lib] ==> dir [/opt/ompi/lib/../lib]
    arg [-L/home/xialb/lib/../lib] ==> dir [/home/xialb/lib/../lib]
    arg [-L/opt/deps/flex/lib/../lib] ==> dir [/opt/deps/flex/lib/../lib]
    arg [-L/opt/ompi/lib/../lib] ==> dir [/opt/ompi/lib/../lib]
    arg [-L/opt/deps/openpmix/lib/../lib] ==> dir [/opt/deps/openpmix/lib/../lib]
    arg [-L/opt/deps/prrte/lib/../lib] ==> dir [/opt/deps/prrte/lib/../lib]
    arg [-L/opt/ompi/lib/../lib] ==> dir [/opt/ompi/lib/../lib]
    arg [-L/usr/lib/gcc/x86_64-pc-linux-gnu/12.2.0] ==> dir [/usr/lib/gcc/x86_64-pc-linux-gnu/12.2.0]
    arg [-L/usr/lib/gcc/x86_64-pc-linux-gnu/12.2.0/../../../../lib] ==> dir [/usr/lib/gcc/x86_64-pc-linux-gnu/12.2.0/../../../../lib]
    arg [-L/lib/../lib] ==> dir [/lib/../lib]
    arg [-L/usr/lib/../lib] ==> dir [/usr/lib/../lib]
    arg [-L/opt/arrow/lib] ==> dir [/opt/arrow/lib]
    arg [-L/opt/deps/ucx/lib] ==> dir [/opt/deps/ucx/lib]
    arg [-L/opt/ompi/lib] ==> dir [/opt/ompi/lib]
    arg [-L/home/xialb/lib] ==> dir [/home/xialb/lib]
    arg [-L/opt/deps/flex/lib] ==> dir [/opt/deps/flex/lib]
    arg [-L/opt/ompi/lib] ==> dir [/opt/ompi/lib]
    arg [-L/opt/deps/openpmix/lib] ==> dir [/opt/deps/openpmix/lib]
    arg [-L/opt/deps/prrte/lib] ==> dir [/opt/deps/prrte/lib]
    arg [-L/opt/ompi/lib] ==> dir [/opt/ompi/lib]
    arg [-L/opt/arrow/lib] ==> dir [/opt/arrow/lib]
    arg [-L/opt/deps/ucx/lib] ==> dir [/opt/deps/ucx/lib]
    arg [-L/opt/ompi/lib] ==> dir [/opt/ompi/lib]
    arg [-L/home/xialb/lib] ==> dir [/home/xialb/lib]
    arg [-L/opt/deps/flex/lib] ==> dir [/opt/deps/flex/lib]
    arg [-L/opt/ompi/lib] ==> dir [/opt/ompi/lib]
    arg [-L/opt/deps/openpmix/lib] ==> dir [/opt/deps/openpmix/lib]
    arg [-L/opt/deps/prrte/lib] ==> dir [/opt/deps/prrte/lib]
    arg [-L/opt/ompi/lib] ==> dir [/opt/ompi/lib]
    arg [-L/opt/arrow/lib] ==> dir [/opt/arrow/lib]
    arg [-L/opt/deps/ucx/lib] ==> dir [/opt/deps/ucx/lib]
    arg [-L/opt/ompi/lib] ==> dir [/opt/ompi/lib]
    arg [-L/home/xialb/lib] ==> dir [/home/xialb/lib]
    arg [-L/opt/deps/flex/lib] ==> dir [/opt/deps/flex/lib]
    arg [-L/opt/ompi/lib] ==> dir [/opt/ompi/lib]
    arg [-L/opt/deps/openpmix/lib] ==> dir [/opt/deps/openpmix/lib]
    arg [-L/opt/deps/prrte/lib] ==> dir [/opt/deps/prrte/lib]
    arg [-L/opt/ompi/lib] ==> dir [/opt/ompi/lib]
    arg [-L.] ==> ignore
    arg [-L/usr/lib/gcc/x86_64-pc-linux-gnu/12.2.0/../../..] ==> dir [/usr/lib/gcc/x86_64-pc-linux-gnu/12.2.0/../../..]
    arg [CMakeFiles/cmTC_9a067.dir/CMakeCXXCompilerABI.cpp.o] ==> ignore
    arg [-lstdc++] ==> lib [stdc++]
    arg [-lm] ==> lib [m]
    arg [-lgcc_s] ==> lib [gcc_s]
    arg [-lgcc] ==> lib [gcc]
    arg [-lc] ==> lib [c]
    arg [-lgcc_s] ==> lib [gcc_s]
    arg [-lgcc] ==> lib [gcc]
    arg [/usr/lib/gcc/x86_64-pc-linux-gnu/12.2.0/crtendS.o] ==> obj [/usr/lib/gcc/x86_64-pc-linux-gnu/12.2.0/crtendS.o]
    arg [/usr/lib/gcc/x86_64-pc-linux-gnu/12.2.0/../../../../lib/crtn.o] ==> obj [/usr/lib/gcc/x86_64-pc-linux-gnu/12.2.0/../../../../lib/crtn.o]
  collapse obj [/usr/lib/gcc/x86_64-pc-linux-gnu/12.2.0/../../../../lib/Scrt1.o] ==> [/usr/lib/Scrt1.o]
  collapse obj [/usr/lib/gcc/x86_64-pc-linux-gnu/12.2.0/../../../../lib/crti.o] ==> [/usr/lib/crti.o]
  collapse obj [/usr/lib/gcc/x86_64-pc-linux-gnu/12.2.0/../../../../lib/crtn.o] ==> [/usr/lib/crtn.o]
  collapse library dir [/opt/arrow/lib/../lib] ==> [/opt/arrow/lib]
  collapse library dir [/opt/deps/ucx/lib/../lib] ==> [/opt/deps/ucx/lib]
  collapse library dir [/opt/ompi/lib/../lib] ==> [/opt/ompi/lib]
  collapse library dir [/home/xialb/lib/../lib] ==> [/home/xialb/lib]
  collapse library dir [/opt/deps/flex/lib/../lib] ==> [/opt/deps/flex/lib]
  collapse library dir [/opt/ompi/lib/../lib] ==> [/opt/ompi/lib]
  collapse library dir [/opt/deps/openpmix/lib/../lib] ==> [/opt/deps/openpmix/lib]
  collapse library dir [/opt/deps/prrte/lib/../lib] ==> [/opt/deps/prrte/lib]
  collapse library dir [/opt/ompi/lib/../lib] ==> [/opt/ompi/lib]
  collapse library dir [/opt/arrow/lib/../lib] ==> [/opt/arrow/lib]
  collapse library dir [/opt/deps/ucx/lib/../lib] ==> [/opt/deps/ucx/lib]
  collapse library dir [/opt/ompi/lib/../lib] ==> [/opt/ompi/lib]
  collapse library dir [/home/xialb/lib/../lib] ==> [/home/xialb/lib]
  collapse library dir [/opt/deps/flex/lib/../lib] ==> [/opt/deps/flex/lib]
  collapse library dir [/opt/ompi/lib/../lib] ==> [/opt/ompi/lib]
  collapse library dir [/opt/deps/openpmix/lib/../lib] ==> [/opt/deps/openpmix/lib]
  collapse library dir [/opt/deps/prrte/lib/../lib] ==> [/opt/deps/prrte/lib]
  collapse library dir [/opt/ompi/lib/../lib] ==> [/opt/ompi/lib]
  collapse library dir [/opt/arrow/lib/../lib] ==> [/opt/arrow/lib]
  collapse library dir [/opt/deps/ucx/lib/../lib] ==> [/opt/deps/ucx/lib]
  collapse library dir [/opt/ompi/lib/../lib] ==> [/opt/ompi/lib]
  collapse library dir [/home/xialb/lib/../lib] ==> [/home/xialb/lib]
  collapse library dir [/opt/deps/flex/lib/../lib] ==> [/opt/deps/flex/lib]
  collapse library dir [/opt/ompi/lib/../lib] ==> [/opt/ompi/lib]
  collapse library dir [/opt/deps/openpmix/lib/../lib] ==> [/opt/deps/openpmix/lib]
  collapse library dir [/opt/deps/prrte/lib/../lib] ==> [/opt/deps/prrte/lib]
  collapse library dir [/opt/ompi/lib/../lib] ==> [/opt/ompi/lib]
  collapse library dir [/usr/lib/gcc/x86_64-pc-linux-gnu/12.2.0] ==> [/usr/lib/gcc/x86_64-pc-linux-gnu/12.2.0]
  collapse library dir [/usr/lib/gcc/x86_64-pc-linux-gnu/12.2.0/../../../../lib] ==> [/usr/lib]
  collapse library dir [/lib/../lib] ==> [/lib]
  collapse library dir [/usr/lib/../lib] ==> [/usr/lib]
  collapse library dir [/opt/arrow/lib] ==> [/opt/arrow/lib]
  collapse library dir [/opt/deps/ucx/lib] ==> [/opt/deps/ucx/lib]
  collapse library dir [/opt/ompi/lib] ==> [/opt/ompi/lib]
  collapse library dir [/home/xialb/lib] ==> [/home/xialb/lib]
  collapse library dir [/opt/deps/flex/lib] ==> [/opt/deps/flex/lib]
  collapse library dir [/opt/ompi/lib] ==> [/opt/ompi/lib]
  collapse library dir [/opt/deps/openpmix/lib] ==> [/opt/deps/openpmix/lib]
  collapse library dir [/opt/deps/prrte/lib] ==> [/opt/deps/prrte/lib]
  collapse library dir [/opt/ompi/lib] ==> [/opt/ompi/lib]
  collapse library dir [/opt/arrow/lib] ==> [/opt/arrow/lib]
  collapse library dir [/opt/deps/ucx/lib] ==> [/opt/deps/ucx/lib]
  collapse library dir [/opt/ompi/lib] ==> [/opt/ompi/lib]
  collapse library dir [/home/xialb/lib] ==> [/home/xialb/lib]
  collapse library dir [/opt/deps/flex/lib] ==> [/opt/deps/flex/lib]
  collapse library dir [/opt/ompi/lib] ==> [/opt/ompi/lib]
  collapse library dir [/opt/deps/openpmix/lib] ==> [/opt/deps/openpmix/lib]
  collapse library dir [/opt/deps/prrte/lib] ==> [/opt/deps/prrte/lib]
  collapse library dir [/opt/ompi/lib] ==> [/opt/ompi/lib]
  collapse library dir [/opt/arrow/lib] ==> [/opt/arrow/lib]
  collapse library dir [/opt/deps/ucx/lib] ==> [/opt/deps/ucx/lib]
  collapse library dir [/opt/ompi/lib] ==> [/opt/ompi/lib]
  collapse library dir [/home/xialb/lib] ==> [/home/xialb/lib]
  collapse library dir [/opt/deps/flex/lib] ==> [/opt/deps/flex/lib]
  collapse library dir [/opt/ompi/lib] ==> [/opt/ompi/lib]
  collapse library dir [/opt/deps/openpmix/lib] ==> [/opt/deps/openpmix/lib]
  collapse library dir [/opt/deps/prrte/lib] ==> [/opt/deps/prrte/lib]
  collapse library dir [/opt/ompi/lib] ==> [/opt/ompi/lib]
  collapse library dir [/usr/lib/gcc/x86_64-pc-linux-gnu/12.2.0/../../..] ==> [/usr/lib]
  implicit libs: [stdc++;m;gcc_s;gcc;c;gcc_s;gcc]
  implicit objs: [/usr/lib/Scrt1.o;/usr/lib/crti.o;/usr/lib/gcc/x86_64-pc-linux-gnu/12.2.0/crtbeginS.o;/usr/lib/gcc/x86_64-pc-linux-gnu/12.2.0/crtendS.o;/usr/lib/crtn.o]
  implicit dirs: [/opt/arrow/lib;/opt/deps/ucx/lib;/opt/ompi/lib;/home/xialb/lib;/opt/deps/flex/lib;/opt/deps/openpmix/lib;/opt/deps/prrte/lib;/usr/lib/gcc/x86_64-pc-linux-gnu/12.2.0;/usr/lib;/lib]
  implicit fwks: []


