The system is: Linux - 5.10.47-1-lts - x86_64
Compiling the C compiler identification source file "CMakeCCompilerId.c" succeeded.
Compiler: /usr/bin/cc 
Build flags: --coverage
Id flags:  

The output was:
0


Compilation of the C compiler identification source "CMakeCCompilerId.c" produced "a-CMakeCCompilerId.gcno"

Compilation of the C compiler identification source "CMakeCCompilerId.c" produced "a.out"

The C compiler identification is GNU, found in "/home/xialb/opt/spark/blaze/src/main/native/cmake-build-debug-coverage/CMakeFiles/3.19.2/CompilerIdC/a.out"

Compiling the CXX compiler identification source file "CMakeCXXCompilerId.cpp" succeeded.
Compiler: /usr/bin/c++ 
Build flags: --coverage
Id flags:  

The output was:
0


Compilation of the CXX compiler identification source "CMakeCXXCompilerId.cpp" produced "a-CMakeCXXCompilerId.gcno"

Compilation of the CXX compiler identification source "CMakeCXXCompilerId.cpp" produced "a.out"

The CXX compiler identification is GNU, found in "/home/xialb/opt/spark/blaze/src/main/native/cmake-build-debug-coverage/CMakeFiles/3.19.2/CompilerIdCXX/a.out"

Detecting C compiler ABI info compiled with the following output:
Change Dir: /home/xialb/opt/spark/blaze/src/main/native/cmake-build-debug-coverage/CMakeFiles/CMakeTmp

Run Build Command(s):/usr/bin/make cmTC_aa025/fast && /usr/bin/make  -f CMakeFiles/cmTC_aa025.dir/build.make CMakeFiles/cmTC_aa025.dir/build
make[1]: Entering directory '/home/xialb/opt/spark/blaze/src/main/native/cmake-build-debug-coverage/CMakeFiles/CMakeTmp'
Building C object CMakeFiles/cmTC_aa025.dir/CMakeCCompilerABI.c.o
/usr/bin/cc   --coverage    -v -o CMakeFiles/cmTC_aa025.dir/CMakeCCompilerABI.c.o -c /home/xialb/.local/share/JetBrains/Toolbox/apps/CLion/ch-0/211.7628.27/bin/cmake/linux/share/cmake-3.19/Modules/CMakeCCompilerABI.c
Using built-in specs.
COLLECT_GCC=/usr/bin/cc
Target: x86_64-pc-linux-gnu
Configured with: /build/gcc/src/gcc/configure --prefix=/usr --libdir=/usr/lib --libexecdir=/usr/lib --mandir=/usr/share/man --infodir=/usr/share/info --with-bugurl=https://bugs.archlinux.org/ --enable-languages=c,c++,ada,fortran,go,lto,objc,obj-c++,d --with-isl --with-linker-hash-style=gnu --with-system-zlib --enable-__cxa_atexit --enable-cet=auto --enable-checking=release --enable-clocale=gnu --enable-default-pie --enable-default-ssp --enable-gnu-indirect-function --enable-gnu-unique-object --enable-install-libiberty --enable-linker-build-id --enable-lto --enable-multilib --enable-plugin --enable-shared --enable-threads=posix --disable-libssp --disable-libstdcxx-pch --disable-libunwind-exceptions --disable-werror gdc_include_dir=/usr/include/dlang/gdc
Thread model: posix
Supported LTO compression algorithms: zlib zstd
gcc version 11.1.0 (GCC) 
COLLECT_GCC_OPTIONS='-coverage' '-v' '-o' 'CMakeFiles/cmTC_aa025.dir/CMakeCCompilerABI.c.o' '-c' '-mtune=generic' '-march=x86-64' '-dumpdir' 'CMakeFiles/cmTC_aa025.dir/'
 /usr/lib/gcc/x86_64-pc-linux-gnu/11.1.0/cc1 -quiet -v /home/xialb/.local/share/JetBrains/Toolbox/apps/CLion/ch-0/211.7628.27/bin/cmake/linux/share/cmake-3.19/Modules/CMakeCCompilerABI.c -quiet -dumpdir CMakeFiles/cmTC_aa025.dir/ -dumpbase CMakeCCompilerABI.c.c -dumpbase-ext .c -mtune=generic -march=x86-64 -version -fprofile-arcs -ftest-coverage -o /tmp/ccLm7LUf.s
GNU C17 (GCC) version 11.1.0 (x86_64-pc-linux-gnu)
	compiled by GNU C version 11.1.0, GMP version 6.2.1, MPFR version 4.1.0, MPC version 1.2.1, isl version isl-0.24-GMP

GGC heuristics: --param ggc-min-expand=100 --param ggc-min-heapsize=131072
ignoring nonexistent directory "/opt/deps/pmix/include"
ignoring duplicate directory "/opt/ompi/include"
ignoring duplicate directory "/opt/deps/prrte/include"
ignoring duplicate directory "/usr/lib/jvm/java-8-openjdk/include"
ignoring duplicate directory "/usr/lib/jvm/java-8-openjdk/include/linux"
ignoring nonexistent directory "/usr/lib/gcc/x86_64-pc-linux-gnu/11.1.0/../../../../x86_64-pc-linux-gnu/include"
#include "..." search starts here:
#include <...> search starts here:
 /opt/ompi/include
 /opt/deps/prrte/include
 /usr/lib/jvm/java-8-openjdk/include
 /usr/lib/jvm/java-8-openjdk/include/linux
 /opt/deps/openpmix/include
 .
 /usr/lib/gcc/x86_64-pc-linux-gnu/11.1.0/include
 /usr/local/include
 /usr/lib/gcc/x86_64-pc-linux-gnu/11.1.0/include-fixed
 /usr/include
End of search list.
GNU C17 (GCC) version 11.1.0 (x86_64-pc-linux-gnu)
	compiled by GNU C version 11.1.0, GMP version 6.2.1, MPFR version 4.1.0, MPC version 1.2.1, isl version isl-0.24-GMP

GGC heuristics: --param ggc-min-expand=100 --param ggc-min-heapsize=131072
Compiler executable checksum: 3d0ac5c030c008e73f10e8b66957dbfa
COLLECT_GCC_OPTIONS='-coverage' '-v' '-o' 'CMakeFiles/cmTC_aa025.dir/CMakeCCompilerABI.c.o' '-c' '-mtune=generic' '-march=x86-64' '-dumpdir' 'CMakeFiles/cmTC_aa025.dir/'
 as -v --64 -o CMakeFiles/cmTC_aa025.dir/CMakeCCompilerABI.c.o /tmp/ccLm7LUf.s
GNU assembler version 2.36.1 (x86_64-pc-linux-gnu) using BFD version (GNU Binutils) 2.36.1
COMPILER_PATH=/usr/lib/gcc/x86_64-pc-linux-gnu/11.1.0/:/usr/lib/gcc/x86_64-pc-linux-gnu/11.1.0/:/usr/lib/gcc/x86_64-pc-linux-gnu/:/usr/lib/gcc/x86_64-pc-linux-gnu/11.1.0/:/usr/lib/gcc/x86_64-pc-linux-gnu/
LIBRARY_PATH=/opt/ompi/lib/../lib/:/opt/deps/prrte/lib/../lib/:/opt/ompi/lib/../lib/:/opt/ompi/lib/../lib/:/opt/deps/openpmix/lib/../lib/:/opt/deps/prrte/lib/../lib/:/opt/ompi/lib/../lib/:/usr/lib/gcc/x86_64-pc-linux-gnu/11.1.0/:/usr/lib/gcc/x86_64-pc-linux-gnu/11.1.0/../../../../lib/:/lib/../lib/:/usr/lib/../lib/:/opt/ompi/lib/:/opt/deps/prrte/lib/:/opt/ompi/lib/:/opt/ompi/lib/:/opt/deps/openpmix/lib/:/opt/deps/prrte/lib/:/opt/ompi/lib/:./:/usr/lib/gcc/x86_64-pc-linux-gnu/11.1.0/../../../:/lib/:/usr/lib/
COLLECT_GCC_OPTIONS='-coverage' '-v' '-o' 'CMakeFiles/cmTC_aa025.dir/CMakeCCompilerABI.c.o' '-c' '-mtune=generic' '-march=x86-64' '-dumpdir' 'CMakeFiles/cmTC_aa025.dir/CMakeCCompilerABI.c.'
Linking C executable cmTC_aa025
/home/xialb/.local/share/JetBrains/Toolbox/apps/CLion/ch-0/211.7628.27/bin/cmake/linux/bin/cmake -E cmake_link_script CMakeFiles/cmTC_aa025.dir/link.txt --verbose=1
/usr/bin/cc --coverage   -v CMakeFiles/cmTC_aa025.dir/CMakeCCompilerABI.c.o -o cmTC_aa025 
Using built-in specs.
COLLECT_GCC=/usr/bin/cc
COLLECT_LTO_WRAPPER=/usr/lib/gcc/x86_64-pc-linux-gnu/11.1.0/lto-wrapper
Target: x86_64-pc-linux-gnu
Configured with: /build/gcc/src/gcc/configure --prefix=/usr --libdir=/usr/lib --libexecdir=/usr/lib --mandir=/usr/share/man --infodir=/usr/share/info --with-bugurl=https://bugs.archlinux.org/ --enable-languages=c,c++,ada,fortran,go,lto,objc,obj-c++,d --with-isl --with-linker-hash-style=gnu --with-system-zlib --enable-__cxa_atexit --enable-cet=auto --enable-checking=release --enable-clocale=gnu --enable-default-pie --enable-default-ssp --enable-gnu-indirect-function --enable-gnu-unique-object --enable-install-libiberty --enable-linker-build-id --enable-lto --enable-multilib --enable-plugin --enable-shared --enable-threads=posix --disable-libssp --disable-libstdcxx-pch --disable-libunwind-exceptions --disable-werror gdc_include_dir=/usr/include/dlang/gdc
Thread model: posix
Supported LTO compression algorithms: zlib zstd
gcc version 11.1.0 (GCC) 
COMPILER_PATH=/usr/lib/gcc/x86_64-pc-linux-gnu/11.1.0/:/usr/lib/gcc/x86_64-pc-linux-gnu/11.1.0/:/usr/lib/gcc/x86_64-pc-linux-gnu/:/usr/lib/gcc/x86_64-pc-linux-gnu/11.1.0/:/usr/lib/gcc/x86_64-pc-linux-gnu/
LIBRARY_PATH=/opt/ompi/lib/../lib/:/opt/deps/prrte/lib/../lib/:/opt/ompi/lib/../lib/:/opt/ompi/lib/../lib/:/opt/deps/openpmix/lib/../lib/:/opt/deps/prrte/lib/../lib/:/opt/ompi/lib/../lib/:/usr/lib/gcc/x86_64-pc-linux-gnu/11.1.0/:/usr/lib/gcc/x86_64-pc-linux-gnu/11.1.0/../../../../lib/:/lib/../lib/:/usr/lib/../lib/:/opt/ompi/lib/:/opt/deps/prrte/lib/:/opt/ompi/lib/:/opt/ompi/lib/:/opt/deps/openpmix/lib/:/opt/deps/prrte/lib/:/opt/ompi/lib/:./:/usr/lib/gcc/x86_64-pc-linux-gnu/11.1.0/../../../:/lib/:/usr/lib/
COLLECT_GCC_OPTIONS='-coverage' '-v' '-o' 'cmTC_aa025' '-mtune=generic' '-march=x86-64' '-dumpdir' 'cmTC_aa025.'
 /usr/lib/gcc/x86_64-pc-linux-gnu/11.1.0/collect2 -plugin /usr/lib/gcc/x86_64-pc-linux-gnu/11.1.0/liblto_plugin.so -plugin-opt=/usr/lib/gcc/x86_64-pc-linux-gnu/11.1.0/lto-wrapper -plugin-opt=-fresolution=/tmp/ccLtRnpN.res -plugin-opt=-pass-through=-lgcc -plugin-opt=-pass-through=-lgcc_s -plugin-opt=-pass-through=-lc -plugin-opt=-pass-through=-lgcc -plugin-opt=-pass-through=-lgcc_s --build-id --eh-frame-hdr --hash-style=gnu -m elf_x86_64 -dynamic-linker /lib64/ld-linux-x86-64.so.2 -pie -o cmTC_aa025 /usr/lib/gcc/x86_64-pc-linux-gnu/11.1.0/../../../../lib/Scrt1.o /usr/lib/gcc/x86_64-pc-linux-gnu/11.1.0/../../../../lib/crti.o /usr/lib/gcc/x86_64-pc-linux-gnu/11.1.0/crtbeginS.o -L/opt/ompi/lib/../lib -L/opt/deps/prrte/lib/../lib -L/opt/ompi/lib/../lib -L/opt/ompi/lib/../lib -L/opt/deps/openpmix/lib/../lib -L/opt/deps/prrte/lib/../lib -L/opt/ompi/lib/../lib -L/usr/lib/gcc/x86_64-pc-linux-gnu/11.1.0 -L/usr/lib/gcc/x86_64-pc-linux-gnu/11.1.0/../../../../lib -L/lib/../lib -L/usr/lib/../lib -L/opt/ompi/lib -L/opt/deps/prrte/lib -L/opt/ompi/lib -L/opt/ompi/lib -L/opt/deps/openpmix/lib -L/opt/deps/prrte/lib -L/opt/ompi/lib -L. -L/usr/lib/gcc/x86_64-pc-linux-gnu/11.1.0/../../.. CMakeFiles/cmTC_aa025.dir/CMakeCCompilerABI.c.o -lgcov -lgcc --push-state --as-needed -lgcc_s --pop-state -lc -lgcc --push-state --as-needed -lgcc_s --pop-state /usr/lib/gcc/x86_64-pc-linux-gnu/11.1.0/crtendS.o /usr/lib/gcc/x86_64-pc-linux-gnu/11.1.0/../../../../lib/crtn.o
COLLECT_GCC_OPTIONS='-coverage' '-v' '-o' 'cmTC_aa025' '-mtune=generic' '-march=x86-64' '-dumpdir' 'cmTC_aa025.'
make[1]: Leaving directory '/home/xialb/opt/spark/blaze/src/main/native/cmake-build-debug-coverage/CMakeFiles/CMakeTmp'



Parsed C implicit include dir info from above output: rv=done
  found start of include info
  found start of implicit include info
    add: [/opt/ompi/include]
    add: [/opt/deps/prrte/include]
    add: [/usr/lib/jvm/java-8-openjdk/include]
    add: [/usr/lib/jvm/java-8-openjdk/include/linux]
    add: [/opt/deps/openpmix/include]
    add: [.]
    add: [/usr/lib/gcc/x86_64-pc-linux-gnu/11.1.0/include]
    add: [/usr/local/include]
    add: [/usr/lib/gcc/x86_64-pc-linux-gnu/11.1.0/include-fixed]
    add: [/usr/include]
  end of search list found
  collapse include dir [/opt/ompi/include] ==> [/opt/ompi/include]
  collapse include dir [/opt/deps/prrte/include] ==> [/opt/deps/prrte/include]
  collapse include dir [/usr/lib/jvm/java-8-openjdk/include] ==> [/usr/lib/jvm/java-8-openjdk/include]
  collapse include dir [/usr/lib/jvm/java-8-openjdk/include/linux] ==> [/usr/lib/jvm/java-8-openjdk/include/linux]
  collapse include dir [/opt/deps/openpmix/include] ==> [/opt/deps/openpmix/include]
  skipping relative include dir [.]
  collapse include dir [/usr/lib/gcc/x86_64-pc-linux-gnu/11.1.0/include] ==> [/usr/lib/gcc/x86_64-pc-linux-gnu/11.1.0/include]
  collapse include dir [/usr/local/include] ==> [/usr/local/include]
  collapse include dir [/usr/lib/gcc/x86_64-pc-linux-gnu/11.1.0/include-fixed] ==> [/usr/lib/gcc/x86_64-pc-linux-gnu/11.1.0/include-fixed]
  collapse include dir [/usr/include] ==> [/usr/include]
  implicit include dirs: [/opt/ompi/include;/opt/deps/prrte/include;/usr/lib/jvm/java-8-openjdk/include;/usr/lib/jvm/java-8-openjdk/include/linux;/opt/deps/openpmix/include;/usr/lib/gcc/x86_64-pc-linux-gnu/11.1.0/include;/usr/local/include;/usr/lib/gcc/x86_64-pc-linux-gnu/11.1.0/include-fixed;/usr/include]


Parsed C implicit link information from above output:
  link line regex: [^( *|.*[/\])(ld|CMAKE_LINK_STARTFILE-NOTFOUND|([^/\]+-)?ld|collect2)[^/\]*( |$)]
  ignore line: [Change Dir: /home/xialb/opt/spark/blaze/src/main/native/cmake-build-debug-coverage/CMakeFiles/CMakeTmp]
  ignore line: []
  ignore line: [Run Build Command(s):/usr/bin/make cmTC_aa025/fast && /usr/bin/make  -f CMakeFiles/cmTC_aa025.dir/build.make CMakeFiles/cmTC_aa025.dir/build]
  ignore line: [make[1]: Entering directory '/home/xialb/opt/spark/blaze/src/main/native/cmake-build-debug-coverage/CMakeFiles/CMakeTmp']
  ignore line: [Building C object CMakeFiles/cmTC_aa025.dir/CMakeCCompilerABI.c.o]
  ignore line: [/usr/bin/cc   --coverage    -v -o CMakeFiles/cmTC_aa025.dir/CMakeCCompilerABI.c.o -c /home/xialb/.local/share/JetBrains/Toolbox/apps/CLion/ch-0/211.7628.27/bin/cmake/linux/share/cmake-3.19/Modules/CMakeCCompilerABI.c]
  ignore line: [Using built-in specs.]
  ignore line: [COLLECT_GCC=/usr/bin/cc]
  ignore line: [Target: x86_64-pc-linux-gnu]
  ignore line: [Configured with: /build/gcc/src/gcc/configure --prefix=/usr --libdir=/usr/lib --libexecdir=/usr/lib --mandir=/usr/share/man --infodir=/usr/share/info --with-bugurl=https://bugs.archlinux.org/ --enable-languages=c c++ ada fortran go lto objc obj-c++ d --with-isl --with-linker-hash-style=gnu --with-system-zlib --enable-__cxa_atexit --enable-cet=auto --enable-checking=release --enable-clocale=gnu --enable-default-pie --enable-default-ssp --enable-gnu-indirect-function --enable-gnu-unique-object --enable-install-libiberty --enable-linker-build-id --enable-lto --enable-multilib --enable-plugin --enable-shared --enable-threads=posix --disable-libssp --disable-libstdcxx-pch --disable-libunwind-exceptions --disable-werror gdc_include_dir=/usr/include/dlang/gdc]
  ignore line: [Thread model: posix]
  ignore line: [Supported LTO compression algorithms: zlib zstd]
  ignore line: [gcc version 11.1.0 (GCC) ]
  ignore line: [COLLECT_GCC_OPTIONS='-coverage' '-v' '-o' 'CMakeFiles/cmTC_aa025.dir/CMakeCCompilerABI.c.o' '-c' '-mtune=generic' '-march=x86-64' '-dumpdir' 'CMakeFiles/cmTC_aa025.dir/']
  ignore line: [ /usr/lib/gcc/x86_64-pc-linux-gnu/11.1.0/cc1 -quiet -v /home/xialb/.local/share/JetBrains/Toolbox/apps/CLion/ch-0/211.7628.27/bin/cmake/linux/share/cmake-3.19/Modules/CMakeCCompilerABI.c -quiet -dumpdir CMakeFiles/cmTC_aa025.dir/ -dumpbase CMakeCCompilerABI.c.c -dumpbase-ext .c -mtune=generic -march=x86-64 -version -fprofile-arcs -ftest-coverage -o /tmp/ccLm7LUf.s]
  ignore line: [GNU C17 (GCC) version 11.1.0 (x86_64-pc-linux-gnu)]
  ignore line: [	compiled by GNU C version 11.1.0  GMP version 6.2.1  MPFR version 4.1.0  MPC version 1.2.1  isl version isl-0.24-GMP]
  ignore line: []
  ignore line: [GGC heuristics: --param ggc-min-expand=100 --param ggc-min-heapsize=131072]
  ignore line: [ignoring nonexistent directory "/opt/deps/pmix/include"]
  ignore line: [ignoring duplicate directory "/opt/ompi/include"]
  ignore line: [ignoring duplicate directory "/opt/deps/prrte/include"]
  ignore line: [ignoring duplicate directory "/usr/lib/jvm/java-8-openjdk/include"]
  ignore line: [ignoring duplicate directory "/usr/lib/jvm/java-8-openjdk/include/linux"]
  ignore line: [ignoring nonexistent directory "/usr/lib/gcc/x86_64-pc-linux-gnu/11.1.0/../../../../x86_64-pc-linux-gnu/include"]
  ignore line: [#include "..." search starts here:]
  ignore line: [#include <...> search starts here:]
  ignore line: [ /opt/ompi/include]
  ignore line: [ /opt/deps/prrte/include]
  ignore line: [ /usr/lib/jvm/java-8-openjdk/include]
  ignore line: [ /usr/lib/jvm/java-8-openjdk/include/linux]
  ignore line: [ /opt/deps/openpmix/include]
  ignore line: [ .]
  ignore line: [ /usr/lib/gcc/x86_64-pc-linux-gnu/11.1.0/include]
  ignore line: [ /usr/local/include]
  ignore line: [ /usr/lib/gcc/x86_64-pc-linux-gnu/11.1.0/include-fixed]
  ignore line: [ /usr/include]
  ignore line: [End of search list.]
  ignore line: [GNU C17 (GCC) version 11.1.0 (x86_64-pc-linux-gnu)]
  ignore line: [	compiled by GNU C version 11.1.0  GMP version 6.2.1  MPFR version 4.1.0  MPC version 1.2.1  isl version isl-0.24-GMP]
  ignore line: []
  ignore line: [GGC heuristics: --param ggc-min-expand=100 --param ggc-min-heapsize=131072]
  ignore line: [Compiler executable checksum: 3d0ac5c030c008e73f10e8b66957dbfa]
  ignore line: [COLLECT_GCC_OPTIONS='-coverage' '-v' '-o' 'CMakeFiles/cmTC_aa025.dir/CMakeCCompilerABI.c.o' '-c' '-mtune=generic' '-march=x86-64' '-dumpdir' 'CMakeFiles/cmTC_aa025.dir/']
  ignore line: [ as -v --64 -o CMakeFiles/cmTC_aa025.dir/CMakeCCompilerABI.c.o /tmp/ccLm7LUf.s]
  ignore line: [GNU assembler version 2.36.1 (x86_64-pc-linux-gnu) using BFD version (GNU Binutils) 2.36.1]
  ignore line: [COMPILER_PATH=/usr/lib/gcc/x86_64-pc-linux-gnu/11.1.0/:/usr/lib/gcc/x86_64-pc-linux-gnu/11.1.0/:/usr/lib/gcc/x86_64-pc-linux-gnu/:/usr/lib/gcc/x86_64-pc-linux-gnu/11.1.0/:/usr/lib/gcc/x86_64-pc-linux-gnu/]
  ignore line: [LIBRARY_PATH=/opt/ompi/lib/../lib/:/opt/deps/prrte/lib/../lib/:/opt/ompi/lib/../lib/:/opt/ompi/lib/../lib/:/opt/deps/openpmix/lib/../lib/:/opt/deps/prrte/lib/../lib/:/opt/ompi/lib/../lib/:/usr/lib/gcc/x86_64-pc-linux-gnu/11.1.0/:/usr/lib/gcc/x86_64-pc-linux-gnu/11.1.0/../../../../lib/:/lib/../lib/:/usr/lib/../lib/:/opt/ompi/lib/:/opt/deps/prrte/lib/:/opt/ompi/lib/:/opt/ompi/lib/:/opt/deps/openpmix/lib/:/opt/deps/prrte/lib/:/opt/ompi/lib/:./:/usr/lib/gcc/x86_64-pc-linux-gnu/11.1.0/../../../:/lib/:/usr/lib/]
  ignore line: [COLLECT_GCC_OPTIONS='-coverage' '-v' '-o' 'CMakeFiles/cmTC_aa025.dir/CMakeCCompilerABI.c.o' '-c' '-mtune=generic' '-march=x86-64' '-dumpdir' 'CMakeFiles/cmTC_aa025.dir/CMakeCCompilerABI.c.']
  ignore line: [Linking C executable cmTC_aa025]
  ignore line: [/home/xialb/.local/share/JetBrains/Toolbox/apps/CLion/ch-0/211.7628.27/bin/cmake/linux/bin/cmake -E cmake_link_script CMakeFiles/cmTC_aa025.dir/link.txt --verbose=1]
  ignore line: [/usr/bin/cc --coverage   -v CMakeFiles/cmTC_aa025.dir/CMakeCCompilerABI.c.o -o cmTC_aa025 ]
  ignore line: [Using built-in specs.]
  ignore line: [COLLECT_GCC=/usr/bin/cc]
  ignore line: [COLLECT_LTO_WRAPPER=/usr/lib/gcc/x86_64-pc-linux-gnu/11.1.0/lto-wrapper]
  ignore line: [Target: x86_64-pc-linux-gnu]
  ignore line: [Configured with: /build/gcc/src/gcc/configure --prefix=/usr --libdir=/usr/lib --libexecdir=/usr/lib --mandir=/usr/share/man --infodir=/usr/share/info --with-bugurl=https://bugs.archlinux.org/ --enable-languages=c c++ ada fortran go lto objc obj-c++ d --with-isl --with-linker-hash-style=gnu --with-system-zlib --enable-__cxa_atexit --enable-cet=auto --enable-checking=release --enable-clocale=gnu --enable-default-pie --enable-default-ssp --enable-gnu-indirect-function --enable-gnu-unique-object --enable-install-libiberty --enable-linker-build-id --enable-lto --enable-multilib --enable-plugin --enable-shared --enable-threads=posix --disable-libssp --disable-libstdcxx-pch --disable-libunwind-exceptions --disable-werror gdc_include_dir=/usr/include/dlang/gdc]
  ignore line: [Thread model: posix]
  ignore line: [Supported LTO compression algorithms: zlib zstd]
  ignore line: [gcc version 11.1.0 (GCC) ]
  ignore line: [COMPILER_PATH=/usr/lib/gcc/x86_64-pc-linux-gnu/11.1.0/:/usr/lib/gcc/x86_64-pc-linux-gnu/11.1.0/:/usr/lib/gcc/x86_64-pc-linux-gnu/:/usr/lib/gcc/x86_64-pc-linux-gnu/11.1.0/:/usr/lib/gcc/x86_64-pc-linux-gnu/]
  ignore line: [LIBRARY_PATH=/opt/ompi/lib/../lib/:/opt/deps/prrte/lib/../lib/:/opt/ompi/lib/../lib/:/opt/ompi/lib/../lib/:/opt/deps/openpmix/lib/../lib/:/opt/deps/prrte/lib/../lib/:/opt/ompi/lib/../lib/:/usr/lib/gcc/x86_64-pc-linux-gnu/11.1.0/:/usr/lib/gcc/x86_64-pc-linux-gnu/11.1.0/../../../../lib/:/lib/../lib/:/usr/lib/../lib/:/opt/ompi/lib/:/opt/deps/prrte/lib/:/opt/ompi/lib/:/opt/ompi/lib/:/opt/deps/openpmix/lib/:/opt/deps/prrte/lib/:/opt/ompi/lib/:./:/usr/lib/gcc/x86_64-pc-linux-gnu/11.1.0/../../../:/lib/:/usr/lib/]
  ignore line: [COLLECT_GCC_OPTIONS='-coverage' '-v' '-o' 'cmTC_aa025' '-mtune=generic' '-march=x86-64' '-dumpdir' 'cmTC_aa025.']
  link line: [ /usr/lib/gcc/x86_64-pc-linux-gnu/11.1.0/collect2 -plugin /usr/lib/gcc/x86_64-pc-linux-gnu/11.1.0/liblto_plugin.so -plugin-opt=/usr/lib/gcc/x86_64-pc-linux-gnu/11.1.0/lto-wrapper -plugin-opt=-fresolution=/tmp/ccLtRnpN.res -plugin-opt=-pass-through=-lgcc -plugin-opt=-pass-through=-lgcc_s -plugin-opt=-pass-through=-lc -plugin-opt=-pass-through=-lgcc -plugin-opt=-pass-through=-lgcc_s --build-id --eh-frame-hdr --hash-style=gnu -m elf_x86_64 -dynamic-linker /lib64/ld-linux-x86-64.so.2 -pie -o cmTC_aa025 /usr/lib/gcc/x86_64-pc-linux-gnu/11.1.0/../../../../lib/Scrt1.o /usr/lib/gcc/x86_64-pc-linux-gnu/11.1.0/../../../../lib/crti.o /usr/lib/gcc/x86_64-pc-linux-gnu/11.1.0/crtbeginS.o -L/opt/ompi/lib/../lib -L/opt/deps/prrte/lib/../lib -L/opt/ompi/lib/../lib -L/opt/ompi/lib/../lib -L/opt/deps/openpmix/lib/../lib -L/opt/deps/prrte/lib/../lib -L/opt/ompi/lib/../lib -L/usr/lib/gcc/x86_64-pc-linux-gnu/11.1.0 -L/usr/lib/gcc/x86_64-pc-linux-gnu/11.1.0/../../../../lib -L/lib/../lib -L/usr/lib/../lib -L/opt/ompi/lib -L/opt/deps/prrte/lib -L/opt/ompi/lib -L/opt/ompi/lib -L/opt/deps/openpmix/lib -L/opt/deps/prrte/lib -L/opt/ompi/lib -L. -L/usr/lib/gcc/x86_64-pc-linux-gnu/11.1.0/../../.. CMakeFiles/cmTC_aa025.dir/CMakeCCompilerABI.c.o -lgcov -lgcc --push-state --as-needed -lgcc_s --pop-state -lc -lgcc --push-state --as-needed -lgcc_s --pop-state /usr/lib/gcc/x86_64-pc-linux-gnu/11.1.0/crtendS.o /usr/lib/gcc/x86_64-pc-linux-gnu/11.1.0/../../../../lib/crtn.o]
    arg [/usr/lib/gcc/x86_64-pc-linux-gnu/11.1.0/collect2] ==> ignore
    arg [-plugin] ==> ignore
    arg [/usr/lib/gcc/x86_64-pc-linux-gnu/11.1.0/liblto_plugin.so] ==> ignore
    arg [-plugin-opt=/usr/lib/gcc/x86_64-pc-linux-gnu/11.1.0/lto-wrapper] ==> ignore
    arg [-plugin-opt=-fresolution=/tmp/ccLtRnpN.res] ==> ignore
    arg [-plugin-opt=-pass-through=-lgcc] ==> ignore
    arg [-plugin-opt=-pass-through=-lgcc_s] ==> ignore
    arg [-plugin-opt=-pass-through=-lc] ==> ignore
    arg [-plugin-opt=-pass-through=-lgcc] ==> ignore
    arg [-plugin-opt=-pass-through=-lgcc_s] ==> ignore
    arg [--build-id] ==> ignore
    arg [--eh-frame-hdr] ==> ignore
    arg [--hash-style=gnu] ==> ignore
    arg [-m] ==> ignore
    arg [elf_x86_64] ==> ignore
    arg [-dynamic-linker] ==> ignore
    arg [/lib64/ld-linux-x86-64.so.2] ==> ignore
    arg [-pie] ==> ignore
    arg [-o] ==> ignore
    arg [cmTC_aa025] ==> ignore
    arg [/usr/lib/gcc/x86_64-pc-linux-gnu/11.1.0/../../../../lib/Scrt1.o] ==> ignore
    arg [/usr/lib/gcc/x86_64-pc-linux-gnu/11.1.0/../../../../lib/crti.o] ==> ignore
    arg [/usr/lib/gcc/x86_64-pc-linux-gnu/11.1.0/crtbeginS.o] ==> ignore
    arg [-L/opt/ompi/lib/../lib] ==> dir [/opt/ompi/lib/../lib]
    arg [-L/opt/deps/prrte/lib/../lib] ==> dir [/opt/deps/prrte/lib/../lib]
    arg [-L/opt/ompi/lib/../lib] ==> dir [/opt/ompi/lib/../lib]
    arg [-L/opt/ompi/lib/../lib] ==> dir [/opt/ompi/lib/../lib]
    arg [-L/opt/deps/openpmix/lib/../lib] ==> dir [/opt/deps/openpmix/lib/../lib]
    arg [-L/opt/deps/prrte/lib/../lib] ==> dir [/opt/deps/prrte/lib/../lib]
    arg [-L/opt/ompi/lib/../lib] ==> dir [/opt/ompi/lib/../lib]
    arg [-L/usr/lib/gcc/x86_64-pc-linux-gnu/11.1.0] ==> dir [/usr/lib/gcc/x86_64-pc-linux-gnu/11.1.0]
    arg [-L/usr/lib/gcc/x86_64-pc-linux-gnu/11.1.0/../../../../lib] ==> dir [/usr/lib/gcc/x86_64-pc-linux-gnu/11.1.0/../../../../lib]
    arg [-L/lib/../lib] ==> dir [/lib/../lib]
    arg [-L/usr/lib/../lib] ==> dir [/usr/lib/../lib]
    arg [-L/opt/ompi/lib] ==> dir [/opt/ompi/lib]
    arg [-L/opt/deps/prrte/lib] ==> dir [/opt/deps/prrte/lib]
    arg [-L/opt/ompi/lib] ==> dir [/opt/ompi/lib]
    arg [-L/opt/ompi/lib] ==> dir [/opt/ompi/lib]
    arg [-L/opt/deps/openpmix/lib] ==> dir [/opt/deps/openpmix/lib]
    arg [-L/opt/deps/prrte/lib] ==> dir [/opt/deps/prrte/lib]
    arg [-L/opt/ompi/lib] ==> dir [/opt/ompi/lib]
    arg [-L.] ==> ignore
    arg [-L/usr/lib/gcc/x86_64-pc-linux-gnu/11.1.0/../../..] ==> dir [/usr/lib/gcc/x86_64-pc-linux-gnu/11.1.0/../../..]
    arg [CMakeFiles/cmTC_aa025.dir/CMakeCCompilerABI.c.o] ==> ignore
    arg [-lgcov] ==> lib [gcov]
    arg [-lgcc] ==> lib [gcc]
    arg [--push-state] ==> ignore
    arg [--as-needed] ==> ignore
    arg [-lgcc_s] ==> lib [gcc_s]
    arg [--pop-state] ==> ignore
    arg [-lc] ==> lib [c]
    arg [-lgcc] ==> lib [gcc]
    arg [--push-state] ==> ignore
    arg [--as-needed] ==> ignore
    arg [-lgcc_s] ==> lib [gcc_s]
    arg [--pop-state] ==> ignore
    arg [/usr/lib/gcc/x86_64-pc-linux-gnu/11.1.0/crtendS.o] ==> ignore
    arg [/usr/lib/gcc/x86_64-pc-linux-gnu/11.1.0/../../../../lib/crtn.o] ==> ignore
  collapse library dir [/opt/ompi/lib/../lib] ==> [/opt/ompi/lib]
  collapse library dir [/opt/deps/prrte/lib/../lib] ==> [/opt/deps/prrte/lib]
  collapse library dir [/opt/ompi/lib/../lib] ==> [/opt/ompi/lib]
  collapse library dir [/opt/ompi/lib/../lib] ==> [/opt/ompi/lib]
  collapse library dir [/opt/deps/openpmix/lib/../lib] ==> [/opt/deps/openpmix/lib]
  collapse library dir [/opt/deps/prrte/lib/../lib] ==> [/opt/deps/prrte/lib]
  collapse library dir [/opt/ompi/lib/../lib] ==> [/opt/ompi/lib]
  collapse library dir [/usr/lib/gcc/x86_64-pc-linux-gnu/11.1.0] ==> [/usr/lib/gcc/x86_64-pc-linux-gnu/11.1.0]
  collapse library dir [/usr/lib/gcc/x86_64-pc-linux-gnu/11.1.0/../../../../lib] ==> [/usr/lib]
  collapse library dir [/lib/../lib] ==> [/lib]
  collapse library dir [/usr/lib/../lib] ==> [/usr/lib]
  collapse library dir [/opt/ompi/lib] ==> [/opt/ompi/lib]
  collapse library dir [/opt/deps/prrte/lib] ==> [/opt/deps/prrte/lib]
  collapse library dir [/opt/ompi/lib] ==> [/opt/ompi/lib]
  collapse library dir [/opt/ompi/lib] ==> [/opt/ompi/lib]
  collapse library dir [/opt/deps/openpmix/lib] ==> [/opt/deps/openpmix/lib]
  collapse library dir [/opt/deps/prrte/lib] ==> [/opt/deps/prrte/lib]
  collapse library dir [/opt/ompi/lib] ==> [/opt/ompi/lib]
  collapse library dir [/usr/lib/gcc/x86_64-pc-linux-gnu/11.1.0/../../..] ==> [/usr/lib]
  implicit libs: [gcov;gcc;gcc_s;c;gcc;gcc_s]
  implicit dirs: [/opt/ompi/lib;/opt/deps/prrte/lib;/opt/deps/openpmix/lib;/usr/lib/gcc/x86_64-pc-linux-gnu/11.1.0;/usr/lib;/lib]
  implicit fwks: []


Detecting CXX compiler ABI info compiled with the following output:
Change Dir: /home/xialb/opt/spark/blaze/src/main/native/cmake-build-debug-coverage/CMakeFiles/CMakeTmp

Run Build Command(s):/usr/bin/make cmTC_d4ff6/fast && /usr/bin/make  -f CMakeFiles/cmTC_d4ff6.dir/build.make CMakeFiles/cmTC_d4ff6.dir/build
make[1]: Entering directory '/home/xialb/opt/spark/blaze/src/main/native/cmake-build-debug-coverage/CMakeFiles/CMakeTmp'
Building CXX object CMakeFiles/cmTC_d4ff6.dir/CMakeCXXCompilerABI.cpp.o
/usr/bin/c++   --coverage    -v -o CMakeFiles/cmTC_d4ff6.dir/CMakeCXXCompilerABI.cpp.o -c /home/xialb/.local/share/JetBrains/Toolbox/apps/CLion/ch-0/211.7628.27/bin/cmake/linux/share/cmake-3.19/Modules/CMakeCXXCompilerABI.cpp
Using built-in specs.
COLLECT_GCC=/usr/bin/c++
Target: x86_64-pc-linux-gnu
Configured with: /build/gcc/src/gcc/configure --prefix=/usr --libdir=/usr/lib --libexecdir=/usr/lib --mandir=/usr/share/man --infodir=/usr/share/info --with-bugurl=https://bugs.archlinux.org/ --enable-languages=c,c++,ada,fortran,go,lto,objc,obj-c++,d --with-isl --with-linker-hash-style=gnu --with-system-zlib --enable-__cxa_atexit --enable-cet=auto --enable-checking=release --enable-clocale=gnu --enable-default-pie --enable-default-ssp --enable-gnu-indirect-function --enable-gnu-unique-object --enable-install-libiberty --enable-linker-build-id --enable-lto --enable-multilib --enable-plugin --enable-shared --enable-threads=posix --disable-libssp --disable-libstdcxx-pch --disable-libunwind-exceptions --disable-werror gdc_include_dir=/usr/include/dlang/gdc
Thread model: posix
Supported LTO compression algorithms: zlib zstd
gcc version 11.1.0 (GCC) 
COLLECT_GCC_OPTIONS='-coverage' '-v' '-o' 'CMakeFiles/cmTC_d4ff6.dir/CMakeCXXCompilerABI.cpp.o' '-c' '-shared-libgcc' '-mtune=generic' '-march=x86-64' '-dumpdir' 'CMakeFiles/cmTC_d4ff6.dir/'
 /usr/lib/gcc/x86_64-pc-linux-gnu/11.1.0/cc1plus -quiet -v -D_GNU_SOURCE /home/xialb/.local/share/JetBrains/Toolbox/apps/CLion/ch-0/211.7628.27/bin/cmake/linux/share/cmake-3.19/Modules/CMakeCXXCompilerABI.cpp -quiet -dumpdir CMakeFiles/cmTC_d4ff6.dir/ -dumpbase CMakeCXXCompilerABI.cpp.cpp -dumpbase-ext .cpp -mtune=generic -march=x86-64 -version -fprofile-arcs -ftest-coverage -o /tmp/ccOMIDQw.s
GNU C++17 (GCC) version 11.1.0 (x86_64-pc-linux-gnu)
	compiled by GNU C version 11.1.0, GMP version 6.2.1, MPFR version 4.1.0, MPC version 1.2.1, isl version isl-0.24-GMP

GGC heuristics: --param ggc-min-expand=100 --param ggc-min-heapsize=131072
ignoring nonexistent directory "/usr/lib/gcc/x86_64-pc-linux-gnu/11.1.0/../../../../x86_64-pc-linux-gnu/include"
#include "..." search starts here:
#include <...> search starts here:
 /usr/lib/gcc/x86_64-pc-linux-gnu/11.1.0/../../../../include/c++/11.1.0
 /usr/lib/gcc/x86_64-pc-linux-gnu/11.1.0/../../../../include/c++/11.1.0/x86_64-pc-linux-gnu
 /usr/lib/gcc/x86_64-pc-linux-gnu/11.1.0/../../../../include/c++/11.1.0/backward
 /usr/lib/gcc/x86_64-pc-linux-gnu/11.1.0/include
 /usr/local/include
 /usr/lib/gcc/x86_64-pc-linux-gnu/11.1.0/include-fixed
 /usr/include
End of search list.
GNU C++17 (GCC) version 11.1.0 (x86_64-pc-linux-gnu)
	compiled by GNU C version 11.1.0, GMP version 6.2.1, MPFR version 4.1.0, MPC version 1.2.1, isl version isl-0.24-GMP

GGC heuristics: --param ggc-min-expand=100 --param ggc-min-heapsize=131072
Compiler executable checksum: 45eb9a71cc15bfdc579557bea4b77e51
COLLECT_GCC_OPTIONS='-coverage' '-v' '-o' 'CMakeFiles/cmTC_d4ff6.dir/CMakeCXXCompilerABI.cpp.o' '-c' '-shared-libgcc' '-mtune=generic' '-march=x86-64' '-dumpdir' 'CMakeFiles/cmTC_d4ff6.dir/'
 as -v --64 -o CMakeFiles/cmTC_d4ff6.dir/CMakeCXXCompilerABI.cpp.o /tmp/ccOMIDQw.s
GNU assembler version 2.36.1 (x86_64-pc-linux-gnu) using BFD version (GNU Binutils) 2.36.1
COMPILER_PATH=/usr/lib/gcc/x86_64-pc-linux-gnu/11.1.0/:/usr/lib/gcc/x86_64-pc-linux-gnu/11.1.0/:/usr/lib/gcc/x86_64-pc-linux-gnu/:/usr/lib/gcc/x86_64-pc-linux-gnu/11.1.0/:/usr/lib/gcc/x86_64-pc-linux-gnu/
LIBRARY_PATH=/opt/ompi/lib/../lib/:/opt/deps/prrte/lib/../lib/:/opt/ompi/lib/../lib/:/opt/ompi/lib/../lib/:/opt/deps/openpmix/lib/../lib/:/opt/deps/prrte/lib/../lib/:/opt/ompi/lib/../lib/:/usr/lib/gcc/x86_64-pc-linux-gnu/11.1.0/:/usr/lib/gcc/x86_64-pc-linux-gnu/11.1.0/../../../../lib/:/lib/../lib/:/usr/lib/../lib/:/opt/ompi/lib/:/opt/deps/prrte/lib/:/opt/ompi/lib/:/opt/ompi/lib/:/opt/deps/openpmix/lib/:/opt/deps/prrte/lib/:/opt/ompi/lib/:./:/usr/lib/gcc/x86_64-pc-linux-gnu/11.1.0/../../../:/lib/:/usr/lib/
COLLECT_GCC_OPTIONS='-coverage' '-v' '-o' 'CMakeFiles/cmTC_d4ff6.dir/CMakeCXXCompilerABI.cpp.o' '-c' '-shared-libgcc' '-mtune=generic' '-march=x86-64' '-dumpdir' 'CMakeFiles/cmTC_d4ff6.dir/CMakeCXXCompilerABI.cpp.'
Linking CXX executable cmTC_d4ff6
/home/xialb/.local/share/JetBrains/Toolbox/apps/CLion/ch-0/211.7628.27/bin/cmake/linux/bin/cmake -E cmake_link_script CMakeFiles/cmTC_d4ff6.dir/link.txt --verbose=1
/usr/bin/c++ --coverage   -v CMakeFiles/cmTC_d4ff6.dir/CMakeCXXCompilerABI.cpp.o -o cmTC_d4ff6 
Using built-in specs.
COLLECT_GCC=/usr/bin/c++
COLLECT_LTO_WRAPPER=/usr/lib/gcc/x86_64-pc-linux-gnu/11.1.0/lto-wrapper
Target: x86_64-pc-linux-gnu
Configured with: /build/gcc/src/gcc/configure --prefix=/usr --libdir=/usr/lib --libexecdir=/usr/lib --mandir=/usr/share/man --infodir=/usr/share/info --with-bugurl=https://bugs.archlinux.org/ --enable-languages=c,c++,ada,fortran,go,lto,objc,obj-c++,d --with-isl --with-linker-hash-style=gnu --with-system-zlib --enable-__cxa_atexit --enable-cet=auto --enable-checking=release --enable-clocale=gnu --enable-default-pie --enable-default-ssp --enable-gnu-indirect-function --enable-gnu-unique-object --enable-install-libiberty --enable-linker-build-id --enable-lto --enable-multilib --enable-plugin --enable-shared --enable-threads=posix --disable-libssp --disable-libstdcxx-pch --disable-libunwind-exceptions --disable-werror gdc_include_dir=/usr/include/dlang/gdc
Thread model: posix
Supported LTO compression algorithms: zlib zstd
gcc version 11.1.0 (GCC) 
COMPILER_PATH=/usr/lib/gcc/x86_64-pc-linux-gnu/11.1.0/:/usr/lib/gcc/x86_64-pc-linux-gnu/11.1.0/:/usr/lib/gcc/x86_64-pc-linux-gnu/:/usr/lib/gcc/x86_64-pc-linux-gnu/11.1.0/:/usr/lib/gcc/x86_64-pc-linux-gnu/
LIBRARY_PATH=/opt/ompi/lib/../lib/:/opt/deps/prrte/lib/../lib/:/opt/ompi/lib/../lib/:/opt/ompi/lib/../lib/:/opt/deps/openpmix/lib/../lib/:/opt/deps/prrte/lib/../lib/:/opt/ompi/lib/../lib/:/usr/lib/gcc/x86_64-pc-linux-gnu/11.1.0/:/usr/lib/gcc/x86_64-pc-linux-gnu/11.1.0/../../../../lib/:/lib/../lib/:/usr/lib/../lib/:/opt/ompi/lib/:/opt/deps/prrte/lib/:/opt/ompi/lib/:/opt/ompi/lib/:/opt/deps/openpmix/lib/:/opt/deps/prrte/lib/:/opt/ompi/lib/:./:/usr/lib/gcc/x86_64-pc-linux-gnu/11.1.0/../../../:/lib/:/usr/lib/
COLLECT_GCC_OPTIONS='-coverage' '-v' '-o' 'cmTC_d4ff6' '-shared-libgcc' '-mtune=generic' '-march=x86-64' '-dumpdir' 'cmTC_d4ff6.'
 /usr/lib/gcc/x86_64-pc-linux-gnu/11.1.0/collect2 -plugin /usr/lib/gcc/x86_64-pc-linux-gnu/11.1.0/liblto_plugin.so -plugin-opt=/usr/lib/gcc/x86_64-pc-linux-gnu/11.1.0/lto-wrapper -plugin-opt=-fresolution=/tmp/ccJKmoFZ.res -plugin-opt=-pass-through=-lgcc_s -plugin-opt=-pass-through=-lgcc -plugin-opt=-pass-through=-lc -plugin-opt=-pass-through=-lgcc_s -plugin-opt=-pass-through=-lgcc --build-id --eh-frame-hdr --hash-style=gnu -m elf_x86_64 -dynamic-linker /lib64/ld-linux-x86-64.so.2 -pie -o cmTC_d4ff6 /usr/lib/gcc/x86_64-pc-linux-gnu/11.1.0/../../../../lib/Scrt1.o /usr/lib/gcc/x86_64-pc-linux-gnu/11.1.0/../../../../lib/crti.o /usr/lib/gcc/x86_64-pc-linux-gnu/11.1.0/crtbeginS.o -L/opt/ompi/lib/../lib -L/opt/deps/prrte/lib/../lib -L/opt/ompi/lib/../lib -L/opt/ompi/lib/../lib -L/opt/deps/openpmix/lib/../lib -L/opt/deps/prrte/lib/../lib -L/opt/ompi/lib/../lib -L/usr/lib/gcc/x86_64-pc-linux-gnu/11.1.0 -L/usr/lib/gcc/x86_64-pc-linux-gnu/11.1.0/../../../../lib -L/lib/../lib -L/usr/lib/../lib -L/opt/ompi/lib -L/opt/deps/prrte/lib -L/opt/ompi/lib -L/opt/ompi/lib -L/opt/deps/openpmix/lib -L/opt/deps/prrte/lib -L/opt/ompi/lib -L. -L/usr/lib/gcc/x86_64-pc-linux-gnu/11.1.0/../../.. CMakeFiles/cmTC_d4ff6.dir/CMakeCXXCompilerABI.cpp.o -lstdc++ -lm -lgcov -lgcc_s -lgcc -lc -lgcc_s -lgcc /usr/lib/gcc/x86_64-pc-linux-gnu/11.1.0/crtendS.o /usr/lib/gcc/x86_64-pc-linux-gnu/11.1.0/../../../../lib/crtn.o
COLLECT_GCC_OPTIONS='-coverage' '-v' '-o' 'cmTC_d4ff6' '-shared-libgcc' '-mtune=generic' '-march=x86-64' '-dumpdir' 'cmTC_d4ff6.'
make[1]: Leaving directory '/home/xialb/opt/spark/blaze/src/main/native/cmake-build-debug-coverage/CMakeFiles/CMakeTmp'



Parsed CXX implicit include dir info from above output: rv=done
  found start of include info
  found start of implicit include info
    add: [/usr/lib/gcc/x86_64-pc-linux-gnu/11.1.0/../../../../include/c++/11.1.0]
    add: [/usr/lib/gcc/x86_64-pc-linux-gnu/11.1.0/../../../../include/c++/11.1.0/x86_64-pc-linux-gnu]
    add: [/usr/lib/gcc/x86_64-pc-linux-gnu/11.1.0/../../../../include/c++/11.1.0/backward]
    add: [/usr/lib/gcc/x86_64-pc-linux-gnu/11.1.0/include]
    add: [/usr/local/include]
    add: [/usr/lib/gcc/x86_64-pc-linux-gnu/11.1.0/include-fixed]
    add: [/usr/include]
  end of search list found
  collapse include dir [/usr/lib/gcc/x86_64-pc-linux-gnu/11.1.0/../../../../include/c++/11.1.0] ==> [/usr/include/c++/11.1.0]
  collapse include dir [/usr/lib/gcc/x86_64-pc-linux-gnu/11.1.0/../../../../include/c++/11.1.0/x86_64-pc-linux-gnu] ==> [/usr/include/c++/11.1.0/x86_64-pc-linux-gnu]
  collapse include dir [/usr/lib/gcc/x86_64-pc-linux-gnu/11.1.0/../../../../include/c++/11.1.0/backward] ==> [/usr/include/c++/11.1.0/backward]
  collapse include dir [/usr/lib/gcc/x86_64-pc-linux-gnu/11.1.0/include] ==> [/usr/lib/gcc/x86_64-pc-linux-gnu/11.1.0/include]
  collapse include dir [/usr/local/include] ==> [/usr/local/include]
  collapse include dir [/usr/lib/gcc/x86_64-pc-linux-gnu/11.1.0/include-fixed] ==> [/usr/lib/gcc/x86_64-pc-linux-gnu/11.1.0/include-fixed]
  collapse include dir [/usr/include] ==> [/usr/include]
  implicit include dirs: [/usr/include/c++/11.1.0;/usr/include/c++/11.1.0/x86_64-pc-linux-gnu;/usr/include/c++/11.1.0/backward;/usr/lib/gcc/x86_64-pc-linux-gnu/11.1.0/include;/usr/local/include;/usr/lib/gcc/x86_64-pc-linux-gnu/11.1.0/include-fixed;/usr/include]


Parsed CXX implicit link information from above output:
  link line regex: [^( *|.*[/\])(ld|CMAKE_LINK_STARTFILE-NOTFOUND|([^/\]+-)?ld|collect2)[^/\]*( |$)]
  ignore line: [Change Dir: /home/xialb/opt/spark/blaze/src/main/native/cmake-build-debug-coverage/CMakeFiles/CMakeTmp]
  ignore line: []
  ignore line: [Run Build Command(s):/usr/bin/make cmTC_d4ff6/fast && /usr/bin/make  -f CMakeFiles/cmTC_d4ff6.dir/build.make CMakeFiles/cmTC_d4ff6.dir/build]
  ignore line: [make[1]: Entering directory '/home/xialb/opt/spark/blaze/src/main/native/cmake-build-debug-coverage/CMakeFiles/CMakeTmp']
  ignore line: [Building CXX object CMakeFiles/cmTC_d4ff6.dir/CMakeCXXCompilerABI.cpp.o]
  ignore line: [/usr/bin/c++   --coverage    -v -o CMakeFiles/cmTC_d4ff6.dir/CMakeCXXCompilerABI.cpp.o -c /home/xialb/.local/share/JetBrains/Toolbox/apps/CLion/ch-0/211.7628.27/bin/cmake/linux/share/cmake-3.19/Modules/CMakeCXXCompilerABI.cpp]
  ignore line: [Using built-in specs.]
  ignore line: [COLLECT_GCC=/usr/bin/c++]
  ignore line: [Target: x86_64-pc-linux-gnu]
  ignore line: [Configured with: /build/gcc/src/gcc/configure --prefix=/usr --libdir=/usr/lib --libexecdir=/usr/lib --mandir=/usr/share/man --infodir=/usr/share/info --with-bugurl=https://bugs.archlinux.org/ --enable-languages=c c++ ada fortran go lto objc obj-c++ d --with-isl --with-linker-hash-style=gnu --with-system-zlib --enable-__cxa_atexit --enable-cet=auto --enable-checking=release --enable-clocale=gnu --enable-default-pie --enable-default-ssp --enable-gnu-indirect-function --enable-gnu-unique-object --enable-install-libiberty --enable-linker-build-id --enable-lto --enable-multilib --enable-plugin --enable-shared --enable-threads=posix --disable-libssp --disable-libstdcxx-pch --disable-libunwind-exceptions --disable-werror gdc_include_dir=/usr/include/dlang/gdc]
  ignore line: [Thread model: posix]
  ignore line: [Supported LTO compression algorithms: zlib zstd]
  ignore line: [gcc version 11.1.0 (GCC) ]
  ignore line: [COLLECT_GCC_OPTIONS='-coverage' '-v' '-o' 'CMakeFiles/cmTC_d4ff6.dir/CMakeCXXCompilerABI.cpp.o' '-c' '-shared-libgcc' '-mtune=generic' '-march=x86-64' '-dumpdir' 'CMakeFiles/cmTC_d4ff6.dir/']
  ignore line: [ /usr/lib/gcc/x86_64-pc-linux-gnu/11.1.0/cc1plus -quiet -v -D_GNU_SOURCE /home/xialb/.local/share/JetBrains/Toolbox/apps/CLion/ch-0/211.7628.27/bin/cmake/linux/share/cmake-3.19/Modules/CMakeCXXCompilerABI.cpp -quiet -dumpdir CMakeFiles/cmTC_d4ff6.dir/ -dumpbase CMakeCXXCompilerABI.cpp.cpp -dumpbase-ext .cpp -mtune=generic -march=x86-64 -version -fprofile-arcs -ftest-coverage -o /tmp/ccOMIDQw.s]
  ignore line: [GNU C++17 (GCC) version 11.1.0 (x86_64-pc-linux-gnu)]
  ignore line: [	compiled by GNU C version 11.1.0  GMP version 6.2.1  MPFR version 4.1.0  MPC version 1.2.1  isl version isl-0.24-GMP]
  ignore line: []
  ignore line: [GGC heuristics: --param ggc-min-expand=100 --param ggc-min-heapsize=131072]
  ignore line: [ignoring nonexistent directory "/usr/lib/gcc/x86_64-pc-linux-gnu/11.1.0/../../../../x86_64-pc-linux-gnu/include"]
  ignore line: [#include "..." search starts here:]
  ignore line: [#include <...> search starts here:]
  ignore line: [ /usr/lib/gcc/x86_64-pc-linux-gnu/11.1.0/../../../../include/c++/11.1.0]
  ignore line: [ /usr/lib/gcc/x86_64-pc-linux-gnu/11.1.0/../../../../include/c++/11.1.0/x86_64-pc-linux-gnu]
  ignore line: [ /usr/lib/gcc/x86_64-pc-linux-gnu/11.1.0/../../../../include/c++/11.1.0/backward]
  ignore line: [ /usr/lib/gcc/x86_64-pc-linux-gnu/11.1.0/include]
  ignore line: [ /usr/local/include]
  ignore line: [ /usr/lib/gcc/x86_64-pc-linux-gnu/11.1.0/include-fixed]
  ignore line: [ /usr/include]
  ignore line: [End of search list.]
  ignore line: [GNU C++17 (GCC) version 11.1.0 (x86_64-pc-linux-gnu)]
  ignore line: [	compiled by GNU C version 11.1.0  GMP version 6.2.1  MPFR version 4.1.0  MPC version 1.2.1  isl version isl-0.24-GMP]
  ignore line: []
  ignore line: [GGC heuristics: --param ggc-min-expand=100 --param ggc-min-heapsize=131072]
  ignore line: [Compiler executable checksum: 45eb9a71cc15bfdc579557bea4b77e51]
  ignore line: [COLLECT_GCC_OPTIONS='-coverage' '-v' '-o' 'CMakeFiles/cmTC_d4ff6.dir/CMakeCXXCompilerABI.cpp.o' '-c' '-shared-libgcc' '-mtune=generic' '-march=x86-64' '-dumpdir' 'CMakeFiles/cmTC_d4ff6.dir/']
  ignore line: [ as -v --64 -o CMakeFiles/cmTC_d4ff6.dir/CMakeCXXCompilerABI.cpp.o /tmp/ccOMIDQw.s]
  ignore line: [GNU assembler version 2.36.1 (x86_64-pc-linux-gnu) using BFD version (GNU Binutils) 2.36.1]
  ignore line: [COMPILER_PATH=/usr/lib/gcc/x86_64-pc-linux-gnu/11.1.0/:/usr/lib/gcc/x86_64-pc-linux-gnu/11.1.0/:/usr/lib/gcc/x86_64-pc-linux-gnu/:/usr/lib/gcc/x86_64-pc-linux-gnu/11.1.0/:/usr/lib/gcc/x86_64-pc-linux-gnu/]
  ignore line: [LIBRARY_PATH=/opt/ompi/lib/../lib/:/opt/deps/prrte/lib/../lib/:/opt/ompi/lib/../lib/:/opt/ompi/lib/../lib/:/opt/deps/openpmix/lib/../lib/:/opt/deps/prrte/lib/../lib/:/opt/ompi/lib/../lib/:/usr/lib/gcc/x86_64-pc-linux-gnu/11.1.0/:/usr/lib/gcc/x86_64-pc-linux-gnu/11.1.0/../../../../lib/:/lib/../lib/:/usr/lib/../lib/:/opt/ompi/lib/:/opt/deps/prrte/lib/:/opt/ompi/lib/:/opt/ompi/lib/:/opt/deps/openpmix/lib/:/opt/deps/prrte/lib/:/opt/ompi/lib/:./:/usr/lib/gcc/x86_64-pc-linux-gnu/11.1.0/../../../:/lib/:/usr/lib/]
  ignore line: [COLLECT_GCC_OPTIONS='-coverage' '-v' '-o' 'CMakeFiles/cmTC_d4ff6.dir/CMakeCXXCompilerABI.cpp.o' '-c' '-shared-libgcc' '-mtune=generic' '-march=x86-64' '-dumpdir' 'CMakeFiles/cmTC_d4ff6.dir/CMakeCXXCompilerABI.cpp.']
  ignore line: [Linking CXX executable cmTC_d4ff6]
  ignore line: [/home/xialb/.local/share/JetBrains/Toolbox/apps/CLion/ch-0/211.7628.27/bin/cmake/linux/bin/cmake -E cmake_link_script CMakeFiles/cmTC_d4ff6.dir/link.txt --verbose=1]
  ignore line: [/usr/bin/c++ --coverage   -v CMakeFiles/cmTC_d4ff6.dir/CMakeCXXCompilerABI.cpp.o -o cmTC_d4ff6 ]
  ignore line: [Using built-in specs.]
  ignore line: [COLLECT_GCC=/usr/bin/c++]
  ignore line: [COLLECT_LTO_WRAPPER=/usr/lib/gcc/x86_64-pc-linux-gnu/11.1.0/lto-wrapper]
  ignore line: [Target: x86_64-pc-linux-gnu]
  ignore line: [Configured with: /build/gcc/src/gcc/configure --prefix=/usr --libdir=/usr/lib --libexecdir=/usr/lib --mandir=/usr/share/man --infodir=/usr/share/info --with-bugurl=https://bugs.archlinux.org/ --enable-languages=c c++ ada fortran go lto objc obj-c++ d --with-isl --with-linker-hash-style=gnu --with-system-zlib --enable-__cxa_atexit --enable-cet=auto --enable-checking=release --enable-clocale=gnu --enable-default-pie --enable-default-ssp --enable-gnu-indirect-function --enable-gnu-unique-object --enable-install-libiberty --enable-linker-build-id --enable-lto --enable-multilib --enable-plugin --enable-shared --enable-threads=posix --disable-libssp --disable-libstdcxx-pch --disable-libunwind-exceptions --disable-werror gdc_include_dir=/usr/include/dlang/gdc]
  ignore line: [Thread model: posix]
  ignore line: [Supported LTO compression algorithms: zlib zstd]
  ignore line: [gcc version 11.1.0 (GCC) ]
  ignore line: [COMPILER_PATH=/usr/lib/gcc/x86_64-pc-linux-gnu/11.1.0/:/usr/lib/gcc/x86_64-pc-linux-gnu/11.1.0/:/usr/lib/gcc/x86_64-pc-linux-gnu/:/usr/lib/gcc/x86_64-pc-linux-gnu/11.1.0/:/usr/lib/gcc/x86_64-pc-linux-gnu/]
  ignore line: [LIBRARY_PATH=/opt/ompi/lib/../lib/:/opt/deps/prrte/lib/../lib/:/opt/ompi/lib/../lib/:/opt/ompi/lib/../lib/:/opt/deps/openpmix/lib/../lib/:/opt/deps/prrte/lib/../lib/:/opt/ompi/lib/../lib/:/usr/lib/gcc/x86_64-pc-linux-gnu/11.1.0/:/usr/lib/gcc/x86_64-pc-linux-gnu/11.1.0/../../../../lib/:/lib/../lib/:/usr/lib/../lib/:/opt/ompi/lib/:/opt/deps/prrte/lib/:/opt/ompi/lib/:/opt/ompi/lib/:/opt/deps/openpmix/lib/:/opt/deps/prrte/lib/:/opt/ompi/lib/:./:/usr/lib/gcc/x86_64-pc-linux-gnu/11.1.0/../../../:/lib/:/usr/lib/]
  ignore line: [COLLECT_GCC_OPTIONS='-coverage' '-v' '-o' 'cmTC_d4ff6' '-shared-libgcc' '-mtune=generic' '-march=x86-64' '-dumpdir' 'cmTC_d4ff6.']
  link line: [ /usr/lib/gcc/x86_64-pc-linux-gnu/11.1.0/collect2 -plugin /usr/lib/gcc/x86_64-pc-linux-gnu/11.1.0/liblto_plugin.so -plugin-opt=/usr/lib/gcc/x86_64-pc-linux-gnu/11.1.0/lto-wrapper -plugin-opt=-fresolution=/tmp/ccJKmoFZ.res -plugin-opt=-pass-through=-lgcc_s -plugin-opt=-pass-through=-lgcc -plugin-opt=-pass-through=-lc -plugin-opt=-pass-through=-lgcc_s -plugin-opt=-pass-through=-lgcc --build-id --eh-frame-hdr --hash-style=gnu -m elf_x86_64 -dynamic-linker /lib64/ld-linux-x86-64.so.2 -pie -o cmTC_d4ff6 /usr/lib/gcc/x86_64-pc-linux-gnu/11.1.0/../../../../lib/Scrt1.o /usr/lib/gcc/x86_64-pc-linux-gnu/11.1.0/../../../../lib/crti.o /usr/lib/gcc/x86_64-pc-linux-gnu/11.1.0/crtbeginS.o -L/opt/ompi/lib/../lib -L/opt/deps/prrte/lib/../lib -L/opt/ompi/lib/../lib -L/opt/ompi/lib/../lib -L/opt/deps/openpmix/lib/../lib -L/opt/deps/prrte/lib/../lib -L/opt/ompi/lib/../lib -L/usr/lib/gcc/x86_64-pc-linux-gnu/11.1.0 -L/usr/lib/gcc/x86_64-pc-linux-gnu/11.1.0/../../../../lib -L/lib/../lib -L/usr/lib/../lib -L/opt/ompi/lib -L/opt/deps/prrte/lib -L/opt/ompi/lib -L/opt/ompi/lib -L/opt/deps/openpmix/lib -L/opt/deps/prrte/lib -L/opt/ompi/lib -L. -L/usr/lib/gcc/x86_64-pc-linux-gnu/11.1.0/../../.. CMakeFiles/cmTC_d4ff6.dir/CMakeCXXCompilerABI.cpp.o -lstdc++ -lm -lgcov -lgcc_s -lgcc -lc -lgcc_s -lgcc /usr/lib/gcc/x86_64-pc-linux-gnu/11.1.0/crtendS.o /usr/lib/gcc/x86_64-pc-linux-gnu/11.1.0/../../../../lib/crtn.o]
    arg [/usr/lib/gcc/x86_64-pc-linux-gnu/11.1.0/collect2] ==> ignore
    arg [-plugin] ==> ignore
    arg [/usr/lib/gcc/x86_64-pc-linux-gnu/11.1.0/liblto_plugin.so] ==> ignore
    arg [-plugin-opt=/usr/lib/gcc/x86_64-pc-linux-gnu/11.1.0/lto-wrapper] ==> ignore
    arg [-plugin-opt=-fresolution=/tmp/ccJKmoFZ.res] ==> ignore
    arg [-plugin-opt=-pass-through=-lgcc_s] ==> ignore
    arg [-plugin-opt=-pass-through=-lgcc] ==> ignore
    arg [-plugin-opt=-pass-through=-lc] ==> ignore
    arg [-plugin-opt=-pass-through=-lgcc_s] ==> ignore
    arg [-plugin-opt=-pass-through=-lgcc] ==> ignore
    arg [--build-id] ==> ignore
    arg [--eh-frame-hdr] ==> ignore
    arg [--hash-style=gnu] ==> ignore
    arg [-m] ==> ignore
    arg [elf_x86_64] ==> ignore
    arg [-dynamic-linker] ==> ignore
    arg [/lib64/ld-linux-x86-64.so.2] ==> ignore
    arg [-pie] ==> ignore
    arg [-o] ==> ignore
    arg [cmTC_d4ff6] ==> ignore
    arg [/usr/lib/gcc/x86_64-pc-linux-gnu/11.1.0/../../../../lib/Scrt1.o] ==> ignore
    arg [/usr/lib/gcc/x86_64-pc-linux-gnu/11.1.0/../../../../lib/crti.o] ==> ignore
    arg [/usr/lib/gcc/x86_64-pc-linux-gnu/11.1.0/crtbeginS.o] ==> ignore
    arg [-L/opt/ompi/lib/../lib] ==> dir [/opt/ompi/lib/../lib]
    arg [-L/opt/deps/prrte/lib/../lib] ==> dir [/opt/deps/prrte/lib/../lib]
    arg [-L/opt/ompi/lib/../lib] ==> dir [/opt/ompi/lib/../lib]
    arg [-L/opt/ompi/lib/../lib] ==> dir [/opt/ompi/lib/../lib]
    arg [-L/opt/deps/openpmix/lib/../lib] ==> dir [/opt/deps/openpmix/lib/../lib]
    arg [-L/opt/deps/prrte/lib/../lib] ==> dir [/opt/deps/prrte/lib/../lib]
    arg [-L/opt/ompi/lib/../lib] ==> dir [/opt/ompi/lib/../lib]
    arg [-L/usr/lib/gcc/x86_64-pc-linux-gnu/11.1.0] ==> dir [/usr/lib/gcc/x86_64-pc-linux-gnu/11.1.0]
    arg [-L/usr/lib/gcc/x86_64-pc-linux-gnu/11.1.0/../../../../lib] ==> dir [/usr/lib/gcc/x86_64-pc-linux-gnu/11.1.0/../../../../lib]
    arg [-L/lib/../lib] ==> dir [/lib/../lib]
    arg [-L/usr/lib/../lib] ==> dir [/usr/lib/../lib]
    arg [-L/opt/ompi/lib] ==> dir [/opt/ompi/lib]
    arg [-L/opt/deps/prrte/lib] ==> dir [/opt/deps/prrte/lib]
    arg [-L/opt/ompi/lib] ==> dir [/opt/ompi/lib]
    arg [-L/opt/ompi/lib] ==> dir [/opt/ompi/lib]
    arg [-L/opt/deps/openpmix/lib] ==> dir [/opt/deps/openpmix/lib]
    arg [-L/opt/deps/prrte/lib] ==> dir [/opt/deps/prrte/lib]
    arg [-L/opt/ompi/lib] ==> dir [/opt/ompi/lib]
    arg [-L.] ==> ignore
    arg [-L/usr/lib/gcc/x86_64-pc-linux-gnu/11.1.0/../../..] ==> dir [/usr/lib/gcc/x86_64-pc-linux-gnu/11.1.0/../../..]
    arg [CMakeFiles/cmTC_d4ff6.dir/CMakeCXXCompilerABI.cpp.o] ==> ignore
    arg [-lstdc++] ==> lib [stdc++]
    arg [-lm] ==> lib [m]
    arg [-lgcov] ==> lib [gcov]
    arg [-lgcc_s] ==> lib [gcc_s]
    arg [-lgcc] ==> lib [gcc]
    arg [-lc] ==> lib [c]
    arg [-lgcc_s] ==> lib [gcc_s]
    arg [-lgcc] ==> lib [gcc]
    arg [/usr/lib/gcc/x86_64-pc-linux-gnu/11.1.0/crtendS.o] ==> ignore
    arg [/usr/lib/gcc/x86_64-pc-linux-gnu/11.1.0/../../../../lib/crtn.o] ==> ignore
  collapse library dir [/opt/ompi/lib/../lib] ==> [/opt/ompi/lib]
  collapse library dir [/opt/deps/prrte/lib/../lib] ==> [/opt/deps/prrte/lib]
  collapse library dir [/opt/ompi/lib/../lib] ==> [/opt/ompi/lib]
  collapse library dir [/opt/ompi/lib/../lib] ==> [/opt/ompi/lib]
  collapse library dir [/opt/deps/openpmix/lib/../lib] ==> [/opt/deps/openpmix/lib]
  collapse library dir [/opt/deps/prrte/lib/../lib] ==> [/opt/deps/prrte/lib]
  collapse library dir [/opt/ompi/lib/../lib] ==> [/opt/ompi/lib]
  collapse library dir [/usr/lib/gcc/x86_64-pc-linux-gnu/11.1.0] ==> [/usr/lib/gcc/x86_64-pc-linux-gnu/11.1.0]
  collapse library dir [/usr/lib/gcc/x86_64-pc-linux-gnu/11.1.0/../../../../lib] ==> [/usr/lib]
  collapse library dir [/lib/../lib] ==> [/lib]
  collapse library dir [/usr/lib/../lib] ==> [/usr/lib]
  collapse library dir [/opt/ompi/lib] ==> [/opt/ompi/lib]
  collapse library dir [/opt/deps/prrte/lib] ==> [/opt/deps/prrte/lib]
  collapse library dir [/opt/ompi/lib] ==> [/opt/ompi/lib]
  collapse library dir [/opt/ompi/lib] ==> [/opt/ompi/lib]
  collapse library dir [/opt/deps/openpmix/lib] ==> [/opt/deps/openpmix/lib]
  collapse library dir [/opt/deps/prrte/lib] ==> [/opt/deps/prrte/lib]
  collapse library dir [/opt/ompi/lib] ==> [/opt/ompi/lib]
  collapse library dir [/usr/lib/gcc/x86_64-pc-linux-gnu/11.1.0/../../..] ==> [/usr/lib]
  implicit libs: [stdc++;m;gcov;gcc_s;gcc;c;gcc_s;gcc]
  implicit dirs: [/opt/ompi/lib;/opt/deps/prrte/lib;/opt/deps/openpmix/lib;/usr/lib/gcc/x86_64-pc-linux-gnu/11.1.0;/usr/lib;/lib]
  implicit fwks: []


