make --dry-run --always-make --keep-going --print-directory
make: Entering directory '/home/xialb/opt/spark/blaze/src/main/native'
/usr/bin/cmake -S/home/xialb/opt/spark/blaze/src/main/native -B/home/xialb/opt/spark/blaze/src/main/native --check-build-system CMakeFiles/Makefile.cmake 0
/usr/bin/cmake -E cmake_progress_start /home/xialb/opt/spark/blaze/src/main/native/CMakeFiles /home/xialb/opt/spark/blaze/src/main/native//CMakeFiles/progress.marks
make -s -f CMakeFiles/Makefile2 all
make[1]: Entering directory '/home/xialb/opt/spark/blaze/src/main/native'
make -s -f src/blaze/CMakeFiles/blaze.dir/build.make src/blaze/CMakeFiles/blaze.dir/depend
make[2]: Entering directory '/home/xialb/opt/spark/blaze/src/main/native'
cd /home/xialb/opt/spark/blaze/src/main/native && /usr/bin/cmake -E cmake_depends "Unix Makefiles" /home/xialb/opt/spark/blaze/src/main/native /home/xialb/opt/spark/blaze/src/main/native/src/blaze /home/xialb/opt/spark/blaze/src/main/native /home/xialb/opt/spark/blaze/src/main/native/src/blaze /home/xialb/opt/spark/blaze/src/main/native/src/blaze/CMakeFiles/blaze.dir/DependInfo.cmake --color=
make[2]: Leaving directory '/home/xialb/opt/spark/blaze/src/main/native'
make -s -f src/blaze/CMakeFiles/blaze.dir/build.make src/blaze/CMakeFiles/blaze.dir/build
make[2]: Entering directory '/home/xialb/opt/spark/blaze/src/main/native'
/usr/bin/cmake -E cmake_echo_color --switch= --green --progress-dir=/home/xialb/opt/spark/blaze/src/main/native/CMakeFiles --progress-num=1 "Building C object src/blaze/CMakeFiles/blaze.dir/org_apache_spark_blaze_deploy_mpi_NativeUtils.c.o"
cd /home/xialb/opt/spark/blaze/src/main/native/src/blaze && /usr/bin/cc -Dblaze_EXPORTS -I/opt/deps/prrte -I/docker/git/ompi/3rd-party/prrte -I/docker/git/ompi/3rd-party/prrte/src/include -I/home/xialb/opt/spark/blaze/src/main/native/src/blaze/include -fPIC -MD -MT src/blaze/CMakeFiles/blaze.dir/org_apache_spark_blaze_deploy_mpi_NativeUtils.c.o -MF CMakeFiles/blaze.dir/org_apache_spark_blaze_deploy_mpi_NativeUtils.c.o.d -o CMakeFiles/blaze.dir/org_apache_spark_blaze_deploy_mpi_NativeUtils.c.o -c /home/xialb/opt/spark/blaze/src/main/native/src/blaze/org_apache_spark_blaze_deploy_mpi_NativeUtils.c
/usr/bin/cmake -E cmake_echo_color --switch= --green --progress-dir=/home/xialb/opt/spark/blaze/src/main/native/CMakeFiles --progress-num=2 "Building CXX object src/blaze/CMakeFiles/blaze.dir/org_apache_spark_blaze_deploy_mpi_NativeUtils.cc.o"
cd /home/xialb/opt/spark/blaze/src/main/native/src/blaze && /usr/bin/c++ -Dblaze_EXPORTS -I/opt/deps/prrte -I/opt/deps/prrte/include -I/docker/git/ompi/3rd-party/prrte -I/docker/git/ompi/3rd-party/prrte/src/include -I/opt/deps/openpmix/include -I/home/xialb/opt/spark/blaze/src/main/native/src/blaze/include -I/usr/lib/jvm/java-8-openjdk/include -I/usr/lib/jvm/java-8-openjdk/include/linux -fPIC -MD -MT src/blaze/CMakeFiles/blaze.dir/org_apache_spark_blaze_deploy_mpi_NativeUtils.cc.o -MF CMakeFiles/blaze.dir/org_apache_spark_blaze_deploy_mpi_NativeUtils.cc.o.d -o CMakeFiles/blaze.dir/org_apache_spark_blaze_deploy_mpi_NativeUtils.cc.o -c /home/xialb/opt/spark/blaze/src/main/native/src/blaze/org_apache_spark_blaze_deploy_mpi_NativeUtils.cc
/usr/bin/cmake -E cmake_echo_color --switch= --green --progress-dir=/home/xialb/opt/spark/blaze/src/main/native/CMakeFiles --progress-num=3 "Building C object src/blaze/CMakeFiles/blaze.dir/include/prun.c.o"
cd /home/xialb/opt/spark/blaze/src/main/native/src/blaze && /usr/bin/cc -Dblaze_EXPORTS -I/opt/deps/prrte -I/docker/git/ompi/3rd-party/prrte -I/docker/git/ompi/3rd-party/prrte/src/include -I/home/xialb/opt/spark/blaze/src/main/native/src/blaze/include -fPIC -MD -MT src/blaze/CMakeFiles/blaze.dir/include/prun.c.o -MF CMakeFiles/blaze.dir/include/prun.c.o.d -o CMakeFiles/blaze.dir/include/prun.c.o -c /home/xialb/opt/spark/blaze/src/main/native/src/blaze/include/prun.c
/usr/bin/cmake -E cmake_echo_color --switch= --green --progress-dir=/home/xialb/opt/spark/blaze/src/main/native/CMakeFiles --progress-num=4 "Building C object src/blaze/CMakeFiles/blaze.dir/org_apache_spark_mpi_NativeUtil.c.o"
cd /home/xialb/opt/spark/blaze/src/main/native/src/blaze && /usr/bin/cc -Dblaze_EXPORTS -I/opt/deps/prrte -I/docker/git/ompi/3rd-party/prrte -I/docker/git/ompi/3rd-party/prrte/src/include -I/home/xialb/opt/spark/blaze/src/main/native/src/blaze/include -fPIC -MD -MT src/blaze/CMakeFiles/blaze.dir/org_apache_spark_mpi_NativeUtil.c.o -MF CMakeFiles/blaze.dir/org_apache_spark_mpi_NativeUtil.c.o.d -o CMakeFiles/blaze.dir/org_apache_spark_mpi_NativeUtil.c.o -c /home/xialb/opt/spark/blaze/src/main/native/src/blaze/org_apache_spark_mpi_NativeUtil.c
/usr/bin/cmake -E cmake_echo_color --switch= --green --bold --progress-dir=/home/xialb/opt/spark/blaze/src/main/native/CMakeFiles --progress-num=5 "Linking CXX shared library libblaze.so"
cd /home/xialb/opt/spark/blaze/src/main/native/src/blaze && /usr/bin/cmake -E cmake_link_script CMakeFiles/blaze.dir/link.txt --verbose=
make[2]: Leaving directory '/home/xialb/opt/spark/blaze/src/main/native'
/usr/bin/cmake -E cmake_echo_color --switch= --progress-dir=/home/xialb/opt/spark/blaze/src/main/native/CMakeFiles --progress-num=1,2,3,4,5 "Built target blaze"
make -s -f src/pmix/CMakeFiles/mca_odls_blaze.dir/build.make src/pmix/CMakeFiles/mca_odls_blaze.dir/depend
make[2]: Entering directory '/home/xialb/opt/spark/blaze/src/main/native'
cd /home/xialb/opt/spark/blaze/src/main/native && /usr/bin/cmake -E cmake_depends "Unix Makefiles" /home/xialb/opt/spark/blaze/src/main/native /home/xialb/opt/spark/blaze/src/main/native/src/pmix /home/xialb/opt/spark/blaze/src/main/native /home/xialb/opt/spark/blaze/src/main/native/src/pmix /home/xialb/opt/spark/blaze/src/main/native/src/pmix/CMakeFiles/mca_odls_blaze.dir/DependInfo.cmake --color=
make[2]: Leaving directory '/home/xialb/opt/spark/blaze/src/main/native'
make -s -f src/pmix/CMakeFiles/mca_odls_blaze.dir/build.make src/pmix/CMakeFiles/mca_odls_blaze.dir/build
make[2]: Entering directory '/home/xialb/opt/spark/blaze/src/main/native'
/usr/bin/cmake -E cmake_echo_color --switch= --green --progress-dir=/home/xialb/opt/spark/blaze/src/main/native/CMakeFiles --progress-num=6 "Building C object src/pmix/CMakeFiles/mca_odls_blaze.dir/prte/mca/odls/blaze/odls_blaze_module.c.o"
cd /home/xialb/opt/spark/blaze/src/main/native/src/pmix && /usr/bin/cc -Dmca_odls_blaze_EXPORTS -I/home/xialb/opt/spark/blaze/src/main/native/src/pmix/include -I/docker/git/ompi/3rd-party/prrte -I/docker/git/ompi/3rd-party/prrte/src -I/docker/git/ompi/3rd-party/prrte/src/include -I/docker/git/ompi -I/docker/git/ompi/opal/include -fPIC -MD -MT src/pmix/CMakeFiles/mca_odls_blaze.dir/prte/mca/odls/blaze/odls_blaze_module.c.o -MF CMakeFiles/mca_odls_blaze.dir/prte/mca/odls/blaze/odls_blaze_module.c.o.d -o CMakeFiles/mca_odls_blaze.dir/prte/mca/odls/blaze/odls_blaze_module.c.o -c /home/xialb/opt/spark/blaze/src/main/native/src/pmix/prte/mca/odls/blaze/odls_blaze_module.c
/usr/bin/cmake -E cmake_echo_color --switch= --green --progress-dir=/home/xialb/opt/spark/blaze/src/main/native/CMakeFiles --progress-num=7 "Building C object src/pmix/CMakeFiles/mca_odls_blaze.dir/prte/mca/odls/blaze/odls_blaze_component.c.o"
cd /home/xialb/opt/spark/blaze/src/main/native/src/pmix && /usr/bin/cc -Dmca_odls_blaze_EXPORTS -I/home/xialb/opt/spark/blaze/src/main/native/src/pmix/include -I/docker/git/ompi/3rd-party/prrte -I/docker/git/ompi/3rd-party/prrte/src -I/docker/git/ompi/3rd-party/prrte/src/include -I/docker/git/ompi -I/docker/git/ompi/opal/include -fPIC -MD -MT src/pmix/CMakeFiles/mca_odls_blaze.dir/prte/mca/odls/blaze/odls_blaze_component.c.o -MF CMakeFiles/mca_odls_blaze.dir/prte/mca/odls/blaze/odls_blaze_component.c.o.d -o CMakeFiles/mca_odls_blaze.dir/prte/mca/odls/blaze/odls_blaze_component.c.o -c /home/xialb/opt/spark/blaze/src/main/native/src/pmix/prte/mca/odls/blaze/odls_blaze_component.c
/usr/bin/cmake -E cmake_echo_color --switch= --green --bold --progress-dir=/home/xialb/opt/spark/blaze/src/main/native/CMakeFiles --progress-num=8 "Linking C shared library libmca_odls_blaze.so"
cd /home/xialb/opt/spark/blaze/src/main/native/src/pmix && /usr/bin/cmake -E cmake_link_script CMakeFiles/mca_odls_blaze.dir/link.txt --verbose=
make[2]: Leaving directory '/home/xialb/opt/spark/blaze/src/main/native'
/usr/bin/cmake -E cmake_echo_color --switch= --progress-dir=/home/xialb/opt/spark/blaze/src/main/native/CMakeFiles --progress-num=6,7,8 "Built target mca_odls_blaze"
make[1]: Leaving directory '/home/xialb/opt/spark/blaze/src/main/native'
/usr/bin/cmake -E cmake_progress_start /home/xialb/opt/spark/blaze/src/main/native/CMakeFiles 0
make: Leaving directory '/home/xialb/opt/spark/blaze/src/main/native'
 
