[0m2021.08.15 21:47:34 INFO  Started: Metals version 0.10.5 in workspace '/home/xialb/opt/spark' for client Visual Studio Code 1.59.0.[0m
[0m2021.08.15 21:47:35 INFO  time: initialize in 0.28s[0m
[0m2021.08.15 21:47:35 WARN  Build server is not auto-connectable.[0m
[0m2021.08.15 21:47:56 WARN  no build target for: /home/xialb/opt/spark/core/src/main/scala/org/apache/spark/ExecutorAllocationManager.scala[0m
[0m2021.08.15 21:47:58 INFO  no build target: using presentation compiler with only scala-library: 2.12.14[0m
[0m2021.08.15 21:48:00 INFO  time: code lens generation in 3.7s[0m
[0m2021.08.17 08:45:40 INFO  shutting down Metals[0m
[0m2021.08.17 08:45:40 ERROR Unexpected error initializing server
org.eclipse.lsp4j.jsonrpc.ResponseErrorException: Request window/showMessageRequest failed with message: Canceled
	at org.eclipse.lsp4j.jsonrpc.RemoteEndpoint.handleResponse(RemoteEndpoint.java:209)
	at org.eclipse.lsp4j.jsonrpc.RemoteEndpoint.consume(RemoteEndpoint.java:193)
	at org.eclipse.lsp4j.jsonrpc.json.StreamMessageProducer.handleMessage(StreamMessageProducer.java:194)
	at org.eclipse.lsp4j.jsonrpc.json.StreamMessageProducer.listen(StreamMessageProducer.java:94)
	at org.eclipse.lsp4j.jsonrpc.json.ConcurrentMessageProcessor.run(ConcurrentMessageProcessor.java:113)
	at java.util.concurrent.Executors$RunnableAdapter.call(Executors.java:511)
	at java.util.concurrent.FutureTask.run(FutureTask.java:266)
	at java.util.concurrent.ThreadPoolExecutor.runWorker(ThreadPoolExecutor.java:1149)
	at java.util.concurrent.ThreadPoolExecutor$Worker.run(ThreadPoolExecutor.java:624)
	at java.lang.Thread.run(Thread.java:748)
[0m
[0m2021.08.25 14:27:31 INFO  Started: Metals version 0.10.5 in workspace '/home/xialb/opt/spark' for client Visual Studio Code 1.59.0.[0m
[0m2021.08.25 14:27:31 INFO  time: initialize in 0.58s[0m
[0m2021.08.25 14:27:32 WARN  Build server is not auto-connectable.[0m
[0m2021.08.25 14:27:32 WARN  no build target for: /home/xialb/opt/spark/core/src/main/scala/org/apache/spark/ExecutorAllocationManager.scala[0m
[0m2021.08.25 14:27:35 INFO  no build target: using presentation compiler with only scala-library: 2.12.14[0m
[0m2021.08.25 14:27:42 INFO  time: code lens generation in 9.04s[0m
[0m2021.08.25 14:27:42 INFO  time: code lens generation in 5.79s[0m
Aug 25, 2021 2:27:59 PM org.eclipse.lsp4j.jsonrpc.RemoteEndpoint handleCancellation
WARNING: Unmatched cancel notification for request id 8
[0m2021.08.25 14:27:59 WARN  no build target for: /home/xialb/opt/spark/blaze/src/main/scala/org/apache/spark/blaze/rdd/MPIParallelCollectionRDD.scala[0m
[0m2021.08.25 14:29:40 INFO  shutting down Metals[0m
[0m2021.08.25 14:29:40 ERROR Unexpected error initializing server
org.eclipse.lsp4j.jsonrpc.ResponseErrorException: Request window/showMessageRequest failed with message: Canceled
	at org.eclipse.lsp4j.jsonrpc.RemoteEndpoint.handleResponse(RemoteEndpoint.java:209)
	at org.eclipse.lsp4j.jsonrpc.RemoteEndpoint.consume(RemoteEndpoint.java:193)
	at org.eclipse.lsp4j.jsonrpc.json.StreamMessageProducer.handleMessage(StreamMessageProducer.java:194)
	at org.eclipse.lsp4j.jsonrpc.json.StreamMessageProducer.listen(StreamMessageProducer.java:94)
	at org.eclipse.lsp4j.jsonrpc.json.ConcurrentMessageProcessor.run(ConcurrentMessageProcessor.java:113)
	at java.util.concurrent.Executors$RunnableAdapter.call(Executors.java:511)
	at java.util.concurrent.FutureTask.run(FutureTask.java:266)
	at java.util.concurrent.ThreadPoolExecutor.runWorker(ThreadPoolExecutor.java:1149)
	at java.util.concurrent.ThreadPoolExecutor$Worker.run(ThreadPoolExecutor.java:624)
	at java.lang.Thread.run(Thread.java:748)
[0m
[0m2021.08.30 15:05:32 INFO  Started: Metals version 0.10.5 in workspace '/home/xialb/opt/spark' for client Visual Studio Code 1.59.1.[0m
[0m2021.08.30 15:05:33 INFO  time: initialize in 0.59s[0m
[0m2021.08.30 15:05:33 WARN  Build server is not auto-connectable.[0m
[0m2021.08.30 15:07:08 WARN  no build target for: /home/xialb/opt/spark/core/src/main/scala/org/apache/spark/mpi/MPIUtil.scala[0m
[0m2021.08.30 15:07:10 INFO  no build target: using presentation compiler with only scala-library: 2.12.14[0m
[0m2021.08.30 15:07:11 INFO  time: code lens generation in 1.27s[0m
[0m2021.08.30 15:07:11 INFO  time: code lens generation in 2.88s[0m
[0m2021.08.30 15:07:15 WARN  no build target for: /home/xialb/opt/spark/core/src/main/scala/org/apache/spark/mpi/MPIUtil.scala[0m
[0m2021.08.30 15:07:18 WARN  no build target for: /home/xialb/opt/spark/core/src/main/scala/org/apache/spark/mpi/MPIUtil.scala[0m
[0m2021.08.30 15:07:30 WARN  no build target for: /home/xialb/opt/spark/core/src/main/scala/org/apache/spark/mpi/MPIUtil.scala[0m
[0m2021.08.30 15:07:32 INFO  shutting down Metals[0m
[0m2021.08.30 15:07:32 ERROR Unexpected error initializing server
org.eclipse.lsp4j.jsonrpc.ResponseErrorException: Request window/showMessageRequest failed with message: Canceled
	at org.eclipse.lsp4j.jsonrpc.RemoteEndpoint.handleResponse(RemoteEndpoint.java:209)
	at org.eclipse.lsp4j.jsonrpc.RemoteEndpoint.consume(RemoteEndpoint.java:193)
	at org.eclipse.lsp4j.jsonrpc.json.StreamMessageProducer.handleMessage(StreamMessageProducer.java:194)
	at org.eclipse.lsp4j.jsonrpc.json.StreamMessageProducer.listen(StreamMessageProducer.java:94)
	at org.eclipse.lsp4j.jsonrpc.json.ConcurrentMessageProcessor.run(ConcurrentMessageProcessor.java:113)
	at java.util.concurrent.Executors$RunnableAdapter.call(Executors.java:511)
	at java.util.concurrent.FutureTask.run(FutureTask.java:266)
	at java.util.concurrent.ThreadPoolExecutor.runWorker(ThreadPoolExecutor.java:1149)
	at java.util.concurrent.ThreadPoolExecutor$Worker.run(ThreadPoolExecutor.java:624)
	at java.lang.Thread.run(Thread.java:748)
[0m
[0m2021.08.30 15:27:49 INFO  Started: Metals version 0.10.5 in workspace '/home/xialb/opt/spark' for client Visual Studio Code 1.59.1.[0m
[0m2021.08.30 15:27:50 INFO  time: initialize in 0.94s[0m
[0m2021.08.30 15:27:51 WARN  Build server is not auto-connectable.[0m
[0m2021.08.30 15:27:52 WARN  no build target for: /home/xialb/opt/spark/core/src/main/scala/org/apache/spark/mpi/MPIUtil.scala[0m
Aug 30, 2021 3:27:53 PM org.eclipse.lsp4j.jsonrpc.services.GenericEndpoint notify
INFO: Unsupported notification method: $/setTrace
Aug 30, 2021 3:27:53 PM org.eclipse.lsp4j.jsonrpc.services.GenericEndpoint notify
INFO: Unsupported notification method: $/setTrace
[0m2021.08.30 15:27:56 INFO  no build target: using presentation compiler with only scala-library: 2.12.14[0m
[0m2021.08.30 15:27:59 INFO  time: code lens generation in 6.34s[0m
[0m2021.08.30 15:27:59 INFO  time: code lens generation in 6.8s[0m
[0m2021.08.30 19:30:38 INFO  shutting down Metals[0m
[0m2021.08.30 19:30:38 ERROR Unexpected error initializing server
org.eclipse.lsp4j.jsonrpc.ResponseErrorException: Request window/showMessageRequest failed with message: Canceled
	at org.eclipse.lsp4j.jsonrpc.RemoteEndpoint.handleResponse(RemoteEndpoint.java:209)
	at org.eclipse.lsp4j.jsonrpc.RemoteEndpoint.consume(RemoteEndpoint.java:193)
	at org.eclipse.lsp4j.jsonrpc.json.StreamMessageProducer.handleMessage(StreamMessageProducer.java:194)
	at org.eclipse.lsp4j.jsonrpc.json.StreamMessageProducer.listen(StreamMessageProducer.java:94)
	at org.eclipse.lsp4j.jsonrpc.json.ConcurrentMessageProcessor.run(ConcurrentMessageProcessor.java:113)
	at java.util.concurrent.Executors$RunnableAdapter.call(Executors.java:511)
	at java.util.concurrent.FutureTask.run(FutureTask.java:266)
	at java.util.concurrent.ThreadPoolExecutor.runWorker(ThreadPoolExecutor.java:1149)
	at java.util.concurrent.ThreadPoolExecutor$Worker.run(ThreadPoolExecutor.java:624)
	at java.lang.Thread.run(Thread.java:748)
[0m
[0m2021.09.07 20:02:50 INFO  Started: Metals version 0.10.6 in workspace '/home/xialb/opt/spark' for client Visual Studio Code 1.60.0.[0m
[0m2021.09.07 20:02:51 INFO  time: initialize in 0.35s[0m
[0m2021.09.07 20:02:51 WARN  Build server is not auto-connectable.[0m
[0m2021.09.07 20:02:51 WARN  no build target for: /home/xialb/opt/spark/core/src/main/scala/org/apache/spark/mpi/MPIUtil.scala[0m
[0m2021.09.07 20:02:54 INFO  no build target: using presentation compiler with only scala-library: 2.12.14[0m
[0m2021.09.07 20:02:58 INFO  time: code lens generation in 6.01s[0m
[0m2021.09.07 20:03:55 INFO  shutting down Metals[0m
[0m2021.09.07 20:03:55 ERROR Unexpected error initializing server
org.eclipse.lsp4j.jsonrpc.ResponseErrorException: Request window/showMessageRequest failed with message: Canceled
	at org.eclipse.lsp4j.jsonrpc.RemoteEndpoint.handleResponse(RemoteEndpoint.java:209)
	at org.eclipse.lsp4j.jsonrpc.RemoteEndpoint.consume(RemoteEndpoint.java:193)
	at org.eclipse.lsp4j.jsonrpc.json.StreamMessageProducer.handleMessage(StreamMessageProducer.java:194)
	at org.eclipse.lsp4j.jsonrpc.json.StreamMessageProducer.listen(StreamMessageProducer.java:94)
	at org.eclipse.lsp4j.jsonrpc.json.ConcurrentMessageProcessor.run(ConcurrentMessageProcessor.java:113)
	at java.util.concurrent.Executors$RunnableAdapter.call(Executors.java:511)
	at java.util.concurrent.FutureTask.run(FutureTask.java:266)
	at java.util.concurrent.ThreadPoolExecutor.runWorker(ThreadPoolExecutor.java:1149)
	at java.util.concurrent.ThreadPoolExecutor$Worker.run(ThreadPoolExecutor.java:624)
	at java.lang.Thread.run(Thread.java:748)
[0m
[0m2021.09.07 20:08:36 INFO  Started: Metals version 0.10.6 in workspace '/home/xialb/opt/spark' for client Visual Studio Code 1.60.0.[0m
[0m2021.09.07 20:08:37 INFO  time: initialize in 0.65s[0m
[0m2021.09.07 20:08:37 WARN  Build server is not auto-connectable.[0m
[0m2021.09.07 20:08:54 WARN  no build target for: /home/xialb/opt/spark/blaze/src/main/scala/org/apache/spark/blaze/BlazeUtils.scala[0m
[0m2021.09.07 20:08:55 INFO  no build target: using presentation compiler with only scala-library: 2.12.14[0m
[0m2021.09.07 20:08:57 INFO  time: code lens generation in 2.43s[0m
[0m2021.09.07 20:10:06 INFO  shutting down Metals[0m
[0m2021.09.07 20:10:07 ERROR Unexpected error initializing server
org.eclipse.lsp4j.jsonrpc.ResponseErrorException: Request window/showMessageRequest failed with message: Canceled
	at org.eclipse.lsp4j.jsonrpc.RemoteEndpoint.handleResponse(RemoteEndpoint.java:209)
	at org.eclipse.lsp4j.jsonrpc.RemoteEndpoint.consume(RemoteEndpoint.java:193)
	at org.eclipse.lsp4j.jsonrpc.json.StreamMessageProducer.handleMessage(StreamMessageProducer.java:194)
	at org.eclipse.lsp4j.jsonrpc.json.StreamMessageProducer.listen(StreamMessageProducer.java:94)
	at org.eclipse.lsp4j.jsonrpc.json.ConcurrentMessageProcessor.run(ConcurrentMessageProcessor.java:113)
	at java.util.concurrent.Executors$RunnableAdapter.call(Executors.java:511)
	at java.util.concurrent.FutureTask.run(FutureTask.java:266)
	at java.util.concurrent.ThreadPoolExecutor.runWorker(ThreadPoolExecutor.java:1149)
	at java.util.concurrent.ThreadPoolExecutor$Worker.run(ThreadPoolExecutor.java:624)
	at java.lang.Thread.run(Thread.java:748)
[0m
[0m2021.09.13 14:22:00 INFO  Started: Metals version 0.10.6 in workspace '/home/xialb/git/spark' for client Visual Studio Code 1.60.0.[0m
[0m2021.09.13 14:22:01 INFO  time: initialize in 0.63s[0m
[0m2021.09.13 14:22:01 WARN  Build server is not auto-connectable.[0m
[0m2021.09.13 14:22:17 WARN  no build target for: /home/xialb/git/spark/blaze/src/main/scala/org/apache/spark/blaze/BlazeUtils.scala[0m
[0m2021.09.13 14:22:22 INFO  no build target: using presentation compiler with only scala-library: 2.12.14[0m
[0m2021.09.13 14:22:26 INFO  time: code lens generation in 8.3s[0m
[0m2021.09.13 14:22:27 WARN  no build target for: /home/xialb/git/spark/core/src/main/scala/org/apache/spark/mpi/MPIUtil.scala[0m
[0m2021.09.13 14:22:41 WARN  no build target for: /home/xialb/git/spark/blaze/src/main/scala/org/apache/spark/examples/MPIP1.scala[0m
Sep 13, 2021 2:22:42 PM org.eclipse.lsp4j.jsonrpc.RemoteEndpoint handleCancellation
WARNING: Unmatched cancel notification for request id 11
[0m2021.09.13 14:22:43 WARN  no build target for: /home/xialb/git/spark/blaze/src/main/scala/org/apache/spark/examples/SparkP1.scala[0m
[0m2021.09.13 14:22:51 WARN  no build target for: /home/xialb/git/spark/core/src/main/scala/org/apache/spark/BarrierTaskContext.scala[0m
Sep 13, 2021 2:22:52 PM org.eclipse.lsp4j.jsonrpc.RemoteEndpoint handleCancellation
WARNING: Unmatched cancel notification for request id 24
[0m2021.09.13 14:23:01 WARN  no build target for: /home/xialb/git/spark/core/src/main/scala/org/apache/spark/scheduler/TaskSchedulerImpl.scala[0m
Sep 13, 2021 2:23:02 PM org.eclipse.lsp4j.jsonrpc.RemoteEndpoint handleCancellation
WARNING: Unmatched cancel notification for request id 34
Sep 13, 2021 2:23:02 PM org.eclipse.lsp4j.jsonrpc.RemoteEndpoint handleCancellation
WARNING: Unmatched cancel notification for request id 38
[0m2021.09.13 14:23:02 INFO  time: code lens generation in 1.04s[0m
[0m2021.09.13 15:37:19 WARN  no build target for: /home/xialb/git/spark/core/src/main/scala/org/apache/spark/deploy/master/BlazeMaster.scala[0m
[0m2021.09.13 15:43:34 WARN  no build target for: /home/xialb/git/spark/core/src/main/scala/org/apache/spark/deploy/DependencyUtils.scala[0m
